2024-10-15 04:13:50.845 [info] 로그 수준: Info
2024-10-15 04:13:50.845 [info] "git"에서 찾은 git 유효성을 검사하는 중
2024-10-15 04:13:50.845 [info] "2.40.1"에서 git "git"을(를) 사용하는 중
2024-10-15 04:13:50.845 [warning] Failed to get repository realpath for: "/home/ec2-user/HMH". Error: ENOENT: no such file or directory, realpath '/home/ec2-user/HMH'
2024-10-15 04:13:50.845 [info] > git rev-parse --show-toplevel [17ms]
2024-10-15 04:13:50.845 [info] fatal: not a git repository (or any of the parent directories): .git
2024-10-15 04:13:50.845 [info] > git rev-parse --show-toplevel [6ms]
2024-10-15 04:13:50.845 [info] fatal: not a git repository (or any of the parent directories): .git
2024-10-15 04:13:50.845 [info] > git rev-parse --show-toplevel [4ms]
2024-10-15 04:13:50.845 [info] fatal: not a git repository (or any of the parent directories): .git
2024-10-15 04:13:50.845 [info] > git rev-parse --show-toplevel [10ms]
2024-10-15 04:13:50.845 [info] fatal: not a git repository (or any of the parent directories): .git
2024-10-15 04:13:50.845 [info] > git rev-parse --show-toplevel [7ms]
2024-10-15 04:13:50.845 [info] fatal: not a git repository (or any of the parent directories): .git
2024-10-15 04:13:50.845 [info] > git rev-parse --show-toplevel [14ms]
2024-10-15 04:13:50.845 [info] > git rev-parse --git-dir --git-common-dir [5ms]
2024-10-15 04:13:50.845 [info] Open repository: /home/ec2-user/HMH-SERVER
2024-10-15 04:13:50.845 [info] > git config --get commit.template [18ms]
2024-10-15 04:13:50.851 [info] > git for-each-ref --format=%(refname)%00%(upstream:short)%00%(objectname)%00%(upstream:track)%00%(upstream:remotename)%00%(upstream:remoteref) refs/heads/swagger refs/remotes/swagger [12ms]
2024-10-15 04:13:50.870 [info] > git status -z -uall [13ms]
2024-10-15 04:13:51.089 [info] > git show --textconv HEAD:HMH/accounts/managers.py [11ms]
2024-10-15 04:13:51.090 [info] > git config --get commit.template [43ms]
2024-10-15 04:13:51.103 [info] > git ls-tree -l HEAD -- /home/ec2-user/HMH-SERVER/HMH/accounts/managers.py [14ms]
2024-10-15 04:13:51.113 [info] > git for-each-ref --format=%(refname)%00%(upstream:short)%00%(objectname)%00%(upstream:track)%00%(upstream:remotename)%00%(upstream:remoteref) refs/heads/swagger refs/remotes/swagger [50ms]
2024-10-15 04:13:51.141 [info] > git status -z -uall [20ms]
2024-10-15 04:13:51.225 [info] > git ls-tree -l HEAD -- /home/ec2-user/HMH-SERVER/HMH/accounts/managers.py [4ms]
2024-10-15 04:13:51.853 [info] > git check-ignore -v -z --stdin [7ms]
2024-10-15 04:13:56.561 [info] > git ls-tree -l HEAD -- /home/ec2-user/HMH-SERVER/HMH/accounts/managers.py [7ms]
2024-10-15 04:14:02.423 [info] > git show --textconv :HMH/accounts/adapter.py [4ms]
2024-10-15 04:14:02.425 [info] > git ls-files --stage -- /home/ec2-user/HMH-SERVER/HMH/accounts/adapter.py [3ms]
2024-10-15 04:23:51.813 [info] > git check-ignore -v -z --stdin [2ms]
2024-10-15 04:23:53.062 [info] > git check-ignore -v -z --stdin [2ms]
2024-10-15 04:28:25.600 [info] > git rev-parse --show-toplevel [4ms]
2024-10-15 04:28:25.601 [info] fatal: not a git repository (or any of the parent directories): .git
2024-10-15 04:29:51.523 [info] > git show --textconv :HMH/accounts/adapter.py [9ms]
2024-10-15 04:29:51.524 [info] > git ls-files --stage -- /home/ec2-user/HMH-SERVER/HMH/accounts/adapter.py [6ms]
2024-10-15 04:35:43.766 [info] > git show --textconv :HMH/www_dir/hmh-uwsgi.ini [5ms]
2024-10-15 04:35:43.768 [info] > git ls-files --stage -- /home/ec2-user/HMH-SERVER/HMH/www_dir/hmh-uwsgi.ini [3ms]
2024-10-15 04:35:58.732 [info] > git rev-parse --show-toplevel [3ms]
2024-10-15 04:35:58.732 [info] fatal: not a git repository (or any of the parent directories): .git
2024-10-15 04:36:05.204 [info] > git rev-parse --show-toplevel [2ms]
2024-10-15 04:36:05.204 [info] fatal: not a git repository (or any of the parent directories): .git
2024-10-15 04:37:07.266 [info] > git rev-parse --show-toplevel [3ms]
2024-10-15 04:37:07.266 [info] fatal: not a git repository (or any of the parent directories): .git
2024-10-15 04:37:22.840 [info] > git rev-parse --show-toplevel [3ms]
2024-10-15 04:37:22.840 [info] fatal: not a git repository (or any of the parent directories): .git
2024-10-15 04:37:27.195 [info] > git rev-parse --show-toplevel [2ms]
2024-10-15 04:37:27.195 [info] fatal: not a git repository (or any of the parent directories): .git
2024-10-15 04:37:29.902 [info] > git rev-parse --show-toplevel [3ms]
2024-10-15 04:37:29.902 [info] fatal: not a git repository (or any of the parent directories): .git
2024-10-15 04:37:32.370 [info] > git rev-parse --show-toplevel [3ms]
2024-10-15 04:37:32.370 [info] fatal: not a git repository (or any of the parent directories): .git
2024-10-15 04:37:34.649 [info] > git rev-parse --show-toplevel [2ms]
2024-10-15 04:37:34.649 [info] fatal: not a git repository (or any of the parent directories): .git
2024-10-15 04:38:26.591 [info] > git rev-parse --show-toplevel [3ms]
2024-10-15 04:38:26.591 [info] fatal: not a git repository (or any of the parent directories): .git
2024-10-15 04:40:30.836 [info] > git rev-parse --show-toplevel [3ms]
2024-10-15 04:40:30.836 [info] fatal: not a git repository (or any of the parent directories): .git
2024-10-15 04:40:40.940 [info] > git check-ignore -v -z --stdin [3ms]
2024-10-15 04:40:42.187 [info] > git check-ignore -v -z --stdin [5ms]
2024-10-15 04:40:42.814 [info] > git check-ignore -v -z --stdin [3ms]
2024-10-15 04:40:45.859 [info] > git rev-parse --show-toplevel [2ms]
2024-10-15 04:40:45.859 [info] fatal: not a git repository (or any of the parent directories): .git
2024-10-15 04:42:49.695 [info] > git rev-parse --show-toplevel [1ms]
2024-10-15 04:42:49.695 [info] fatal: not a git repository (or any of the parent directories): .git
2024-10-15 04:43:14.772 [info] > git rev-parse --show-toplevel [3ms]
2024-10-15 04:43:14.772 [info] fatal: not a git repository (or any of the parent directories): .git
2024-10-15 04:43:22.798 [info] > git rev-parse --show-toplevel [3ms]
2024-10-15 04:43:22.798 [info] fatal: not a git repository (or any of the parent directories): .git
2024-10-15 04:43:28.529 [info] > git rev-parse --show-toplevel [3ms]
2024-10-15 04:43:28.529 [info] fatal: not a git repository (or any of the parent directories): .git
2024-10-15 04:43:33.705 [info] > git rev-parse --show-toplevel [3ms]
2024-10-15 04:43:33.705 [info] fatal: not a git repository (or any of the parent directories): .git
2024-10-15 04:53:53.296 [warning] Failed to get repository realpath for: "/home/ec2-user/HMH". Error: ENOENT: no such file or directory, realpath '/home/ec2-user/HMH'
2024-10-15 04:53:53.338 [info] > git rev-parse --show-toplevel [30ms]
2024-10-15 04:53:53.338 [info] fatal: not a git repository (or any of the parent directories): .git
2024-10-15 04:55:27.394 [warning] Failed to get repository realpath for: "/home/ec2-user/HMH". Error: ENOENT: no such file or directory, realpath '/home/ec2-user/HMH'
2024-10-15 04:55:27.407 [info] > git rev-parse --show-toplevel [1ms]
2024-10-15 04:55:27.407 [info] fatal: not a git repository (or any of the parent directories): .git
2024-10-15 04:55:27.407 [warning] Failed to get repository realpath for: "/home/ec2-user/HMH". Error: ENOENT: no such file or directory, realpath '/home/ec2-user/HMH'
2024-10-15 04:55:27.417 [info] > git rev-parse --show-toplevel [2ms]
2024-10-15 04:55:27.417 [info] fatal: not a git repository (or any of the parent directories): .git
2024-10-15 05:04:16.305 [warning] Failed to get repository realpath for: "/home/ec2-user/HMH". Error: ENOENT: no such file or directory, realpath '/home/ec2-user/HMH'
2024-10-15 05:04:16.317 [info] > git rev-parse --show-toplevel [3ms]
2024-10-15 05:04:16.317 [info] fatal: not a git repository (or any of the parent directories): .git
2024-10-15 05:05:01.010 [warning] Failed to get repository realpath for: "/home/ec2-user/HMH". Error: ENOENT: no such file or directory, realpath '/home/ec2-user/HMH'
2024-10-15 05:05:01.021 [info] > git rev-parse --show-toplevel [2ms]
2024-10-15 05:05:01.021 [info] fatal: not a git repository (or any of the parent directories): .git
2024-10-15 05:05:01.021 [warning] Failed to get repository realpath for: "/home/ec2-user/HMH". Error: ENOENT: no such file or directory, realpath '/home/ec2-user/HMH'
2024-10-15 05:05:01.029 [info] > git rev-parse --show-toplevel [2ms]
2024-10-15 05:05:01.029 [info] fatal: not a git repository (or any of the parent directories): .git
2024-10-15 05:24:08.564 [warning] Failed to get repository realpath for: "/home/ec2-user/HMH". Error: ENOENT: no such file or directory, realpath '/home/ec2-user/HMH'
2024-10-15 05:24:08.572 [info] > git rev-parse --show-toplevel [2ms]
2024-10-15 05:24:08.572 [info] fatal: not a git repository (or any of the parent directories): .git
2024-10-15 05:31:59.210 [warning] Failed to get repository realpath for: "/home/ec2-user/HMH". Error: ENOENT: no such file or directory, realpath '/home/ec2-user/HMH'
2024-10-15 05:31:59.221 [info] > git rev-parse --show-toplevel [2ms]
2024-10-15 05:31:59.221 [info] fatal: not a git repository (or any of the parent directories): .git
2024-10-15 05:39:49.356 [warning] Failed to get repository realpath for: "/home/ec2-user/HMH". Error: ENOENT: no such file or directory, realpath '/home/ec2-user/HMH'
2024-10-15 05:39:49.365 [info] > git rev-parse --show-toplevel [2ms]
2024-10-15 05:39:49.365 [info] fatal: not a git repository (or any of the parent directories): .git
2024-10-15 05:44:44.151 [warning] Failed to get repository realpath for: "/home/ec2-user/HMH". Error: ENOENT: no such file or directory, realpath '/home/ec2-user/HMH'
2024-10-15 05:44:44.162 [info] > git rev-parse --show-toplevel [1ms]
2024-10-15 05:44:44.162 [info] fatal: not a git repository (or any of the parent directories): .git
2024-10-15 05:46:01.660 [warning] Failed to get repository realpath for: "/home/ec2-user/HMH". Error: ENOENT: no such file or directory, realpath '/home/ec2-user/HMH'
2024-10-15 05:46:01.670 [info] > git rev-parse --show-toplevel [1ms]
2024-10-15 05:46:01.670 [info] fatal: not a git repository (or any of the parent directories): .git
2024-10-15 05:57:34.535 [warning] Failed to get repository realpath for: "/home/ec2-user/HMH". Error: ENOENT: no such file or directory, realpath '/home/ec2-user/HMH'
2024-10-15 05:57:34.543 [info] > git rev-parse --show-toplevel [2ms]
2024-10-15 05:57:34.543 [info] fatal: not a git repository (or any of the parent directories): .git
2024-10-15 06:17:01.463 [warning] Failed to get repository realpath for: "/home/ec2-user/HMH". Error: ENOENT: no such file or directory, realpath '/home/ec2-user/HMH'
2024-10-15 06:17:01.473 [info] > git rev-parse --show-toplevel [2ms]
2024-10-15 06:17:01.473 [info] fatal: not a git repository (or any of the parent directories): .git
2024-10-15 06:26:51.112 [warning] Failed to get repository realpath for: "/home/ec2-user/HMH". Error: ENOENT: no such file or directory, realpath '/home/ec2-user/HMH'
2024-10-15 06:26:51.166 [info] > git rev-parse --show-toplevel [20ms]
2024-10-15 06:26:51.166 [info] fatal: not a git repository (or any of the parent directories): .git
2024-10-15 06:27:46.520 [warning] Failed to get repository realpath for: "/home/ec2-user/HMH". Error: ENOENT: no such file or directory, realpath '/home/ec2-user/HMH'
2024-10-15 06:27:46.532 [info] > git rev-parse --show-toplevel [2ms]
2024-10-15 06:27:46.532 [info] fatal: not a git repository (or any of the parent directories): .git
2024-10-15 06:32:24.641 [info] > git rev-parse --show-toplevel [3ms]
2024-10-15 06:32:24.641 [info] fatal: not a git repository (or any of the parent directories): .git
2024-10-15 06:32:31.376 [info] > git rev-parse --show-toplevel [2ms]
2024-10-15 06:32:31.376 [info] fatal: not a git repository (or any of the parent directories): .git
2024-10-15 06:34:35.741 [info] > git rev-parse --show-toplevel [4ms]
2024-10-15 06:34:35.741 [info] fatal: not a git repository (or any of the parent directories): .git
2024-10-15 06:35:41.690 [info] > git rev-parse --show-toplevel [5ms]
2024-10-15 06:35:41.690 [info] fatal: not a git repository (or any of the parent directories): .git
2024-10-15 06:35:42.227 [info] > git rev-parse --show-toplevel [2ms]
2024-10-15 06:35:42.227 [info] fatal: not a git repository (or any of the parent directories): .git
2024-10-15 06:35:43.277 [info] > git rev-parse --show-toplevel [3ms]
2024-10-15 06:35:43.277 [info] fatal: not a git repository (or any of the parent directories): .git
2024-10-15 06:35:44.091 [info] > git rev-parse --show-toplevel [1ms]
2024-10-15 06:35:44.091 [info] fatal: not a git repository (or any of the parent directories): .git
2024-10-15 06:36:31.237 [warning] Failed to get repository realpath for: "/home/ec2-user/HMH". Error: ENOENT: no such file or directory, realpath '/home/ec2-user/HMH'
2024-10-15 06:36:31.249 [info] > git rev-parse --show-toplevel [4ms]
2024-10-15 06:36:31.249 [info] fatal: not a git repository (or any of the parent directories): .git
2024-10-15 06:36:31.764 [info] > git check-ignore -v -z --stdin [9ms]
2024-10-15 06:36:34.667 [info] > git add -A -- /home/ec2-user/HMH-SERVER/HMH/be/.gitignore /home/ec2-user/HMH-SERVER/HMH/be/__init__.py /home/ec2-user/HMH-SERVER/HMH/be/asgi.py /home/ec2-user/HMH-SERVER/HMH/be/requirements.txt /home/ec2-user/HMH-SERVER/HMH/be/settings.py /home/ec2-user/HMH-SERVER/HMH/be/urls.py /home/ec2-user/HMH-SERVER/HMH/be/wsgi.py /home/ec2-user/HMH-SERVER/HMH/be/www_dir/HMH-uwsgi.ini /home/ec2-user/HMH-SERVER/HMH/db.sqlite3 /home/ec2-user/HMH-SERVER/HMH/sample_swagger/__init__.py /home/ec2-user/HMH-SERVER/HMH/sample_swagger/__pycache__/__init__.cpython-39.pyc /home/ec2-user/HMH-SERVER/HMH/sample_swagger/__pycache__/urls.cpython-39.pyc /home/ec2-user/HMH-SERVER/HMH/sample_swagger/__pycache__/views.cpython-39.pyc /home/ec2-user/HMH-SERVER/HMH/sample_swagger/admin.py /home/ec2-user/HMH-SERVER/HMH/sample_swagger/apps.py /home/ec2-user/HMH-SERVER/HMH/sample_swagger/migrations/__init__.py /home/ec2-user/HMH-SERVER/HMH/sample_swagger/models.py /home/ec2-user/HMH-SERVER/HMH/sample_swagger/tests.py /home/ec2-user/HMH-SERVER/HMH/sample_swagger/urls.py /home/ec2-user/HMH-SERVER/HMH/sample_swagger/views.py /home/ec2-user/HMH-SERVER/HMH/.env /home/ec2-user/HMH-SERVER/HMH/accounts/__init__.py /home/ec2-user/HMH-SERVER/HMH/accounts/__pycache__/__init__.cpython-39.pyc /home/ec2-user/HMH-SERVER/HMH/accounts/__pycache__/admin.cpython-39.pyc /home/ec2-user/HMH-SERVER/HMH/accounts/__pycache__/apps.cpython-39.pyc /home/ec2-user/HMH-SERVER/HMH/accounts/__pycache__/managers.cpython-39.pyc /home/ec2-user/HMH-SERVER/HMH/accounts/__pycache__/models.cpython-39.pyc /home/ec2-user/HMH-SERVER/HMH/accounts/__pycache__/serializers.cpython-39.pyc /home/ec2-user/HMH-SERVER/HMH/accounts/__pycache__/urls.cpython-39.pyc /home/ec2-user/HMH-SERVER/HMH/accounts/__pycache__/views.cpython-39.pyc /home/ec2-user/HMH-SERVER/HMH/accounts/adapter.py /home/ec2-user/HMH-SERVER/HMH/accounts/admin.py /home/ec2-user/HMH-SERVER/HMH/accounts/apps.py /home/ec2-user/HMH-SERVER/HMH/accounts/managers.py /home/ec2-user/HMH-SERVER/HMH/accounts/migrations/0001_initial.py /home/ec2-user/HMH-SERVER/HMH/accounts/migrations/0002_event_userapplication.py /home/ec2-user/HMH-SERVER/HMH/accounts/migrations/__init__.py /home/ec2-user/HMH-SERVER/HMH/accounts/migrations/__pycache__/0001_initial.cpython-39.pyc /home/ec2-user/HMH-SERVER/HMH/accounts/migrations/__pycache__/0002_event_userapplication.cpython-39.pyc /home/ec2-user/HMH-SERVER/HMH/accounts/migrations/__pycache__/__init__.cpython-39.pyc /home/ec2-user/HMH-SERVER/HMH/accounts/models.py /home/ec2-user/HMH-SERVER/HMH/accounts/serializers.py /home/ec2-user/HMH-SERVER/HMH/accounts/tests.py /home/ec2-user/HMH-SERVER/HMH/accounts/urls.py /home/ec2-user/HMH-SERVER/HMH/accounts/views.py /home/ec2-user/HMH-SERVER/HMH/be/admin.py /home/ec2-user/HMH-SERVER/HMH/be/packages/accounts/home.html /home/ec2-user/HMH-SERVER/HMH/be/packages/accounts/login.html /home/ec2-user/HMH-SERVER/HMH/be/views.py /home/ec2-user/HMH-SERVER/HMH/events/__init__.py /home/ec2-user/HMH-SERVER/HMH/events/__pycache__/__init__.cpython-39.pyc /home/ec2-user/HMH-SERVER/HMH/events/__pycache__/admin.cpython-39.pyc /home/ec2-user/HMH-SERVER/HMH/events/__pycache__/apps.cpython-39.pyc /home/ec2-user/HMH-SERVER/HMH/events/__pycache__/models.cpython-39.pyc /home/ec2-user/HMH-SERVER/HMH/events/__pycache__/serializers.cpython-39.pyc /home/ec2-user/HMH-SERVER/HMH/events/__pycache__/urls.cpython-39.pyc /home/ec2-user/HMH-SERVER/HMH/events/__pycache__/views.cpython-39.pyc /home/ec2-user/HMH-SERVER/HMH/events/admin.py /home/ec2-user/HMH-SERVER/HMH/events/apps.py /home/ec2-user/HMH-SERVER/HMH/events/migrations/0001_initial.py /home/ec2-user/HMH-SERVER/HMH/events/migrations/0002_image_userapplication_ticket_eventimage.py /home/ec2-user/HMH-SERVER/HMH/events/migrations/__init__.py /home/ec2-user/HMH-SERVER/HMH/events/migrations/__pycache__/0001_initial.cpython-39.pyc /home/ec2-user/HMH-SERVER/HMH/events/migrations/__pycache__/0002_image_userapplication_ticket_eventimage.cpython-39.pyc /home/ec2-user/HMH-SERVER/HMH/events/migrations/__pycache__/__init__.cpython-39.pyc /home/ec2-user/HMH-SERVER/HMH/events/models.py /home/ec2-user/HMH-SERVER/HMH/events/serializers.py /home/ec2-user/HMH-SERVER/HMH/events/tests.py /home/ec2-user/HMH-SERVER/HMH/events/urls.py /home/ec2-user/HMH-SERVER/HMH/events/views.py /home/ec2-user/HMH-SERVER/HMH/logs/HMH.log /home/ec2-user/HMH-SERVER/HMH/www_dir/hmh-uwsgi.ini /home/ec2-user/HMH-SERVER/HMH/www_dir/static/admin/css/autocomplete.css /home/ec2-user/HMH-SERVER/HMH/www_dir/static/admin/css/base.css /home/ec2-user/HMH-SERVER/HMH/www_dir/static/admin/css/changelists.css /home/ec2-user/HMH-SERVER/HMH/www_dir/static/admin/css/dark_mode.css /home/ec2-user/HMH-SERVER/HMH/www_dir/static/admin/css/dashboard.css /home/ec2-user/HMH-SERVER/HMH/www_dir/static/admin/css/forms.css /home/ec2-user/HMH-SERVER/HMH/www_dir/static/admin/css/login.css /home/ec2-user/HMH-SERVER/HMH/www_dir/static/admin/css/nav_sidebar.css /home/ec2-user/HMH-SERVER/HMH/www_dir/static/admin/css/responsive.css /home/ec2-user/HMH-SERVER/HMH/www_dir/static/admin/css/responsive_rtl.css /home/ec2-user/HMH-SERVER/HMH/www_dir/static/admin/css/rtl.css /home/ec2-user/HMH-SERVER/HMH/www_dir/static/admin/css/vendor/select2/LICENSE-SELECT2.md /home/ec2-user/HMH-SERVER/HMH/www_dir/static/admin/css/vendor/select2/select2.css /home/ec2-user/HMH-SERVER/HMH/www_dir/static/admin/css/vendor/select2/select2.min.css /home/ec2-user/HMH-SERVER/HMH/www_dir/static/admin/css/widgets.css /home/ec2-user/HMH-SERVER/HMH/www_dir/static/admin/img/LICENSE /home/ec2-user/HMH-SERVER/HMH/www_dir/static/admin/img/README.txt /home/ec2-user/HMH-SERVER/HMH/www_dir/static/admin/img/calendar-icons.svg /home/ec2-user/HMH-SERVER/HMH/www_dir/static/admin/img/gis/move_vertex_off.svg /home/ec2-user/HMH-SERVER/HMH/www_dir/static/admin/img/gis/move_vertex_on.svg /home/ec2-user/HMH-SERVER/HMH/www_dir/static/admin/img/icon-addlink.svg /home/ec2-user/HMH-SERVER/HMH/www_dir/static/admin/img/icon-alert.svg /home/ec2-user/HMH-SERVER/HMH/www_dir/static/admin/img/icon-calendar.svg /home/ec2-user/HMH-SERVER/HMH/www_dir/static/admin/img/icon-changelink.svg /home/ec2-user/HMH-SERVER/HMH/www_dir/static/admin/img/icon-clock.svg /home/ec2-user/HMH-SERVER/HMH/www_dir/static/admin/img/icon-deletelink.svg /home/ec2-user/HMH-SERVER/HMH/www_dir/static/admin/img/icon-no.svg /home/ec2-user/HMH-SERVER/HMH/www_dir/static/admin/img/icon-unknown-alt.svg /home/ec2-user/HMH-SERVER/HMH/www_dir/static/admin/img/icon-unknown.svg /home/ec2-user/HMH-SERVER/HMH/www_dir/static/admin/img/icon-viewlink.svg /home/ec2-user/HMH-SERVER/HMH/www_dir/static/admin/img/icon-yes.svg /home/ec2-user/HMH-SERVER/HMH/www_dir/static/admin/img/inline-delete.svg /home/ec2-user/HMH-SERVER/HMH/www_dir/static/admin/img/search.svg /home/ec2-user/HMH-SERVER/HMH/www_dir/static/admin/img/selector-icons.svg /home/ec2-user/HMH-SERVER/HMH/www_dir/static/admin/img/sorting-icons.svg /home/ec2-user/HMH-SERVER/HMH/www_dir/static/admin/img/tooltag-add.svg /home/ec2-user/HMH-SERVER/HMH/www_dir/static/admin/img/tooltag-arrowright.svg /home/ec2-user/HMH-SERVER/HMH/www_dir/static/admin/js/SelectBox.js /home/ec2-user/HMH-SERVER/HMH/www_dir/static/admin/js/SelectFilter2.js /home/ec2-user/HMH-SERVER/HMH/www_dir/static/admin/js/actions.js /home/ec2-user/HMH-SERVER/HMH/www_dir/static/admin/js/admin/DateTimeShortcuts.js /home/ec2-user/HMH-SERVER/HMH/www_dir/static/admin/js/admin/RelatedObjectLookups.js /home/ec2-user/HMH-SERVER/HMH/www_dir/static/admin/js/autocomplete.js /home/ec2-user/HMH-SERVER/HMH/www_dir/static/admin/js/calendar.js /home/ec2-user/HMH-SERVER/HMH/www_dir/static/admin/js/cancel.js /home/ec2-user/HMH-SERVER/HMH/www_dir/static/admin/js/change_form.js /home/ec2-user/HMH-SERVER/HMH/www_dir/static/admin/js/collapse.js /home/ec2-user/HMH-SERVER/HMH/www_dir/static/admin/js/core.js /home/ec2-user/HMH-SERVER/HMH/www_dir/static/admin/js/filters.js /home/ec2-user/HMH-SERVER/HMH/www_dir/static/admin/js/inlines.js /home/ec2-user/HMH-SERVER/HMH/www_dir/static/admin/js/jquery.init.js /home/ec2-user/HMH-SERVER/HMH/www_dir/static/admin/js/nav_sidebar.js /home/ec2-user/HMH-SERVER/HMH/www_dir/static/admin/js/popup_response.js /home/ec2-user/HMH-SERVER/HMH/www_dir/static/admin/js/prepopulate.js /home/ec2-user/HMH-SERVER/HMH/www_dir/static/admin/js/prepopulate_init.js /home/ec2-user/HMH-SERVER/HMH/www_dir/static/admin/js/theme.js /home/ec2-user/HMH-SERVER/HMH/www_dir/static/admin/js/urlify.js /home/ec2-user/HMH-SERVER/HMH/www_dir/static/admin/js/vendor/jquery/LICENSE.txt /home/ec2-user/HMH-SERVER/HMH/www_dir/static/admin/js/vendor/jquery/jquery.js /home/ec2-user/HMH-SERVER/HMH/www_dir/static/admin/js/vendor/jquery/jquery.min.js /home/ec2-user/HMH-SERVER/HMH/www_dir/static/admin/js/vendor/select2/LICENSE.md /home/ec2-user/HMH-SERVER/HMH/www_dir/static/admin/js/vendor/select2/i18n/af.js /home/ec2-user/HMH-SERVER/HMH/www_dir/static/admin/js/vendor/select2/i18n/ar.js /home/ec2-user/HMH-SERVER/HMH/www_dir/static/admin/js/vendor/select2/i18n/az.js /home/ec2-user/HMH-SERVER/HMH/www_dir/static/admin/js/vendor/select2/i18n/bg.js /home/ec2-user/HMH-SERVER/HMH/www_dir/static/admin/js/vendor/select2/i18n/bn.js /home/ec2-user/HMH-SERVER/HMH/www_dir/static/admin/js/vendor/select2/i18n/bs.js /home/ec2-user/HMH-SERVER/HMH/www_dir/static/admin/js/vendor/select2/i18n/ca.js /home/ec2-user/HMH-SERVER/HMH/www_dir/static/admin/js/vendor/select2/i18n/cs.js /home/ec2-user/HMH-SERVER/HMH/www_dir/static/admin/js/vendor/select2/i18n/da.js /home/ec2-user/HMH-SERVER/HMH/www_dir/static/admin/js/vendor/select2/i18n/de.js /home/ec2-user/HMH-SERVER/HMH/www_dir/static/admin/js/vendor/select2/i18n/dsb.js /home/ec2-user/HMH-SERVER/HMH/www_dir/static/admin/js/vendor/select2/i18n/el.js /home/ec2-user/HMH-SERVER/HMH/www_dir/static/admin/js/vendor/select2/i18n/en.js /home/ec2-user/HMH-SERVER/HMH/www_dir/static/admin/js/vendor/select2/i18n/es.js /home/ec2-user/HMH-SERVER/HMH/www_dir/static/admin/js/vendor/select2/i18n/et.js /home/ec2-user/HMH-SERVER/HMH/www_dir/static/admin/js/vendor/select2/i18n/eu.js /home/ec2-user/HMH-SERVER/HMH/www_dir/static/admin/js/vendor/select2/i18n/fa.js /home/ec2-user/HMH-SERVER/HMH/www_dir/static/admin/js/vendor/select2/i18n/fi.js /home/ec2-user/HMH-SERVER/HMH/www_dir/static/admin/js/vendor/select2/i18n/fr.js /home/ec2-user/HMH-SERVER/HMH/www_dir/static/admin/js/vendor/select2/i18n/gl.js /home/ec2-user/HMH-SERVER/HMH/www_dir/static/admin/js/vendor/select2/i18n/he.js /home/ec2-user/HMH-SERVER/HMH/www_dir/static/admin/js/vendor/select2/i18n/hi.js /home/ec2-user/HMH-SERVER/HMH/www_dir/static/admin/js/vendor/select2/i18n/hr.js /home/ec2-user/HMH-SERVER/HMH/www_dir/static/admin/js/vendor/select2/i18n/hsb.js /home/ec2-user/HMH-SERVER/HMH/www_dir/static/admin/js/vendor/select2/i18n/hu.js /home/ec2-user/HMH-SERVER/HMH/www_dir/static/admin/js/vendor/select2/i18n/hy.js /home/ec2-user/HMH-SERVER/HMH/www_dir/static/admin/js/vendor/select2/i18n/id.js /home/ec2-user/HMH-SERVER/HMH/www_dir/static/admin/js/vendor/select2/i18n/is.js /home/ec2-user/HMH-SERVER/HMH/www_dir/static/admin/js/vendor/select2/i18n/it.js /home/ec2-user/HMH-SERVER/HMH/www_dir/static/admin/js/vendor/select2/i18n/ja.js /home/ec2-user/HMH-SERVER/HMH/www_dir/static/admin/js/vendor/select2/i18n/ka.js /home/ec2-user/HMH-SERVER/HMH/www_dir/static/admin/js/vendor/select2/i18n/km.js /home/ec2-user/HMH-SERVER/HMH/www_dir/static/admin/js/vendor/select2/i18n/ko.js /home/ec2-user/HMH-SERVER/HMH/www_dir/static/admin/js/vendor/select2/i18n/lt.js /home/ec2-user/HMH-SERVER/HMH/www_dir/static/admin/js/vendor/select2/i18n/lv.js /home/ec2-user/HMH-SERVER/HMH/www_dir/static/admin/js/vendor/select2/i18n/mk.js /home/ec2-user/HMH-SERVER/HMH/www_dir/static/admin/js/vendor/select2/i18n/ms.js /home/ec2-user/HMH-SERVER/HMH/www_dir/static/admin/js/vendor/select2/i18n/nb.js /home/ec2-user/HMH-SERVER/HMH/www_dir/static/admin/js/vendor/select2/i18n/ne.js /home/ec2-user/HMH-SERVER/HMH/www_dir/static/admin/js/vendor/select2/i18n/nl.js /home/ec2-user/HMH-SERVER/HMH/www_dir/static/admin/js/vendor/select2/i18n/pl.js /home/ec2-user/HMH-SERVER/HMH/www_dir/static/admin/js/vendor/select2/i18n/ps.js /home/ec2-user/HMH-SERVER/HMH/www_dir/static/admin/js/vendor/select2/i18n/pt-BR.js /home/ec2-user/HMH-SERVER/HMH/www_dir/static/admin/js/vendor/select2/i18n/pt.js /home/ec2-user/HMH-SERVER/HMH/www_dir/static/admin/js/vendor/select2/i18n/ro.js /home/ec2-user/HMH-SERVER/HMH/www_dir/static/admin/js/vendor/select2/i18n/ru.js /home/ec2-user/HMH-SERVER/HMH/www_dir/static/admin/js/vendor/select2/i18n/sk.js /home/ec2-user/HMH-SERVER/HMH/www_dir/static/admin/js/vendor/select2/i18n/sl.js /home/ec2-user/HMH-SERVER/HMH/www_dir/static/admin/js/vendor/select2/i18n/sq.js /home/ec2-user/HMH-SERVER/HMH/www_dir/static/admin/js/vendor/select2/i18n/sr-Cyrl.js /home/ec2-user/HMH-SERVER/HMH/www_dir/static/admin/js/vendor/select2/i18n/sr.js /home/ec2-user/HMH-SERVER/HMH/www_dir/static/admin/js/vendor/select2/i18n/sv.js /home/ec2-user/HMH-SERVER/HMH/www_dir/static/admin/js/vendor/select2/i18n/th.js /home/ec2-user/HMH-SERVER/HMH/www_dir/static/admin/js/vendor/select2/i18n/tk.js /home/ec2-user/HMH-SERVER/HMH/www_dir/static/admin/js/vendor/select2/i18n/tr.js /home/ec2-user/HMH-SERVER/HMH/www_dir/static/admin/js/vendor/select2/i18n/uk.js /home/ec2-user/HMH-SERVER/HMH/www_dir/static/admin/js/vendor/select2/i18n/vi.js /home/ec2-user/HMH-SERVER/HMH/www_dir/static/admin/js/vendor/select2/i18n/zh-CN.js /home/ec2-user/HMH-SERVER/HMH/www_dir/static/admin/js/vendor/select2/i18n/zh-TW.js /home/ec2-user/HMH-SERVER/HMH/www_dir/static/admin/js/vendor/select2/select2.full.js /home/ec2-user/HMH-SERVER/HMH/www_dir/static/admin/js/vendor/select2/select2.full.min.js /home/ec2-user/HMH-SERVER/HMH/www_dir/static/admin/js/vendor/xregexp/LICENSE.txt /home/ec2-user/HMH-SERVER/HMH/www_dir/static/admin/js/vendor/xregexp/xregexp.js /home/ec2-user/HMH-SERVER/HMH/www_dir/static/admin/js/vendor/xregexp/xregexp.min.js /home/ec2-user/HMH-SERVER/HMH/www_dir/static/drf-yasg/README /home/ec2-user/HMH-SERVER/HMH/www_dir/static/drf-yasg/immutable.js /home/ec2-user/HMH-SERVER/HMH/www_dir/static/drf-yasg/immutable.min.js /home/ec2-user/HMH-SERVER/HMH/www_dir/static/drf-yasg/insQ.js /home/ec2-user/HMH-SERVER/HMH/www_dir/static/drf-yasg/insQ.min.js /home/ec2-user/HMH-SERVER/HMH/www_dir/static/drf-yasg/redoc-init.js /home/ec2-user/HMH-SERVER/HMH/www_dir/static/drf-yasg/redoc-old/LICENSE /home/ec2-user/HMH-SERVER/HMH/www_dir/static/drf-yasg/redoc-old/redoc.min.js /home/ec2-user/HMH-SERVER/HMH/www_dir/static/drf-yasg/redoc-old/redoc.min.js.map /home/ec2-user/HMH-SERVER/HMH/www_dir/static/drf-yasg/redoc/LICENSE /home/ec2-user/HMH-SERVER/HMH/www_dir/static/drf-yasg/redoc/redoc-logo.png /home/ec2-user/HMH-SERVER/HMH/www_dir/static/drf-yasg/redoc/redoc.min.js /home/ec2-user/HMH-SERVER/HMH/www_dir/static/drf-yasg/redoc/redoc.standalone.js.map /home/ec2-user/HMH-SERVER/HMH/www_dir/static/drf-yasg/style.css /home/ec2-user/HMH-SERVER/HMH/www_dir/static/drf-yasg/swagger-ui-dist/LICENSE /home/ec2-user/HMH-SERVER/HMH/www_dir/static/drf-yasg/swagger-ui-dist/NOTICE /home/ec2-user/HMH-SERVER/HMH/www_dir/static/drf-yasg/swagger-ui-dist/absolute-path.js /home/ec2-user/HMH-SERVER/HMH/www_dir/static/drf-yasg/swagger-ui-dist/favicon-32x32.png /home/ec2-user/HMH-SERVER/HMH/www_dir/static/drf-yasg/swagger-ui-dist/index.css /home/ec2-user/HMH-SERVER/HMH/www_dir/static/drf-yasg/swagger-ui-dist/index.js /home/ec2-user/HMH-SERVER/HMH/www_dir/static/drf-yasg/swagger-ui-dist/oauth2-redirect.html /home/ec2-user/HMH-SERVER/HMH/www_dir/static/drf-yasg/swagger-ui-dist/swagger-initializer.js /home/ec2-user/HMH-SERVER/HMH/www_dir/static/drf-yasg/swagger-ui-dist/swagger-ui-bundle.js /home/ec2-user/HMH-SERVER/HMH/www_dir/static/drf-yasg/swagger-ui-dist/swagger-ui-bundle.js.map /home/ec2-user/HMH-SERVER/HMH/www_dir/static/drf-yasg/swagger-ui-dist/swagger-ui-es-bundle-core.js /home/ec2-user/HMH-SERVER/HMH/www_dir/static/drf-yasg/swagger-ui-dist/swagger-ui-es-bundle-core.js.map /home/ec2-user/HMH-SERVER/HMH/www_dir/static/drf-yasg/swagger-ui-dist/swagger-ui-es-bundle.js /home/ec2-user/HMH-SERVER/HMH/www_dir/static/drf-yasg/swagger-ui-dist/swagger-ui-es-bundle.js.map /home/ec2-user/HMH-SERVER/HMH/www_dir/static/drf-yasg/swagger-ui-dist/swagger-ui-standalone-preset.js /home/ec2-user/HMH-SERVER/HMH/www_dir/static/drf-yasg/swagger-ui-dist/swagger-ui-standalone-preset.js.map /home/ec2-user/HMH-SERVER/HMH/www_dir/static/drf-yasg/swagger-ui-dist/swagger-ui.css /home/ec2-user/HMH-SERVER/HMH/www_dir/static/drf-yasg/swagger-ui-dist/swagger-ui.css.map /home/ec2-user/HMH-SERVER/HMH/www_dir/static/drf-yasg/swagger-ui-dist/swagger-ui.js.map /home/ec2-user/HMH-SERVER/HMH/www_dir/static/drf-yasg/swagger-ui-init.js /home/ec2-user/HMH-SERVER/HMH/www_dir/static/rest_framework/css/bootstrap-theme.min.css /home/ec2-user/HMH-SERVER/HMH/www_dir/static/rest_framework/css/bootstrap-theme.min.css.map /home/ec2-user/HMH-SERVER/HMH/www_dir/static/rest_framework/css/bootstrap-tweaks.css /home/ec2-user/HMH-SERVER/HMH/www_dir/static/rest_framework/css/bootstrap.min.css /home/ec2-user/HMH-SERVER/HMH/www_dir/static/rest_framework/css/bootstrap.min.css.map /home/ec2-user/HMH-SERVER/HMH/www_dir/static/rest_framework/css/default.css /home/ec2-user/HMH-SERVER/HMH/www_dir/static/rest_framework/css/font-awesome-4.0.3.css /home/ec2-user/HMH-SERVER/HMH/www_dir/static/rest_framework/css/prettify.css /home/ec2-user/HMH-SERVER/HMH/www_dir/static/rest_framework/docs/css/base.css /home/ec2-user/HMH-SERVER/HMH/www_dir/static/rest_framework/docs/css/highlight.css /home/ec2-user/HMH-SERVER/HMH/www_dir/static/rest_framework/docs/css/jquery.json-view.min.css /home/ec2-user/HMH-SERVER/HMH/www_dir/static/rest_framework/docs/img/favicon.ico /home/ec2-user/HMH-SERVER/HMH/www_dir/static/rest_framework/docs/img/grid.png /home/ec2-user/HMH-SERVER/HMH/www_dir/static/rest_framework/docs/js/api.js /home/ec2-user/HMH-SERVER/HMH/www_dir/static/rest_framework/docs/js/highlight.pack.js /home/ec2-user/HMH-SERVER/HMH/www_dir/static/rest_framework/docs/js/jquery.json-view.min.js /home/ec2-user/HMH-SERVER/HMH/www_dir/static/rest_framework/fonts/fontawesome-webfont.eot /home/ec2-user/HMH-SERVER/HMH/www_dir/static/rest_framework/fonts/fontawesome-webfont.svg /home/ec2-user/HMH-SERVER/HMH/www_dir/static/rest_framework/fonts/fontawesome-webfont.ttf /home/ec2-user/HMH-SERVER/HMH/www_dir/static/rest_framework/fonts/fontawesome-webfont.woff /home/ec2-user/HMH-SERVER/HMH/www_dir/static/rest_framework/fonts/glyphicons-halflings-regular.eot /home/ec2-user/HMH-SERVER/HMH/www_dir/static/rest_framework/fonts/glyphicons-halflings-regular.svg /home/ec2-user/HMH-SERVER/HMH/www_dir/static/rest_framework/fonts/glyphicons-halflings-regular.ttf /home/ec2-user/HMH-SERVER/HMH/www_dir/static/rest_framework/fonts/glyphicons-halflings-regular.woff /home/ec2-user/HMH-SERVER/HMH/www_dir/static/rest_framework/fonts/glyphicons-halflings-regular.woff2 /home/ec2-user/HMH-SERVER/HMH/www_dir/static/rest_framework/img/glyphicons-halflings-white.png /home/ec2-user/HMH-SERVER/HMH/www_dir/static/rest_framework/img/glyphicons-halflings.png /home/ec2-user/HMH-SERVER/HMH/www_dir/static/rest_framework/img/grid.png /home/ec2-user/HMH-SERVER/HMH/www_dir/static/rest_framework/js/ajax-form.js /home/ec2-user/HMH-SERVER/HMH/www_dir/static/rest_framework/js/bootstrap.min.js /home/ec2-user/HMH-SERVER/HMH/www_dir/static/rest_framework/js/coreapi-0.1.1.js /home/ec2-user/HMH-SERVER/HMH/www_dir/static/rest_framework/js/csrf.js /home/ec2-user/HMH-SERVER/HMH/www_dir/static/rest_framework/js/default.js /home/ec2-user/HMH-SERVER/HMH/www_dir/static/rest_framework/js/jquery-3.7.1.min.js /home/ec2-user/HMH-SERVER/HMH/www_dir/static/rest_framework/js/load-ajax-form.js /home/ec2-user/HMH-SERVER/HMH/www_dir/static/rest_framework/js/prettify-min.js [76ms]
2024-10-15 06:36:34.667 [info] error: insufficient permission for adding an object to repository database .git/objects
error: HMH/events/__pycache__/models.cpython-39.pyc: failed to insert into database
error: unable to index file 'HMH/events/__pycache__/models.cpython-39.pyc'
fatal: adding files failed
2024-10-15 06:36:34.683 [info] > git config --get commit.template [8ms]
2024-10-15 06:36:34.693 [info] > git for-each-ref --format=%(refname)%00%(upstream:short)%00%(objectname)%00%(upstream:track)%00%(upstream:remotename)%00%(upstream:remoteref) refs/heads/swagger refs/remotes/swagger [12ms]
2024-10-15 06:36:34.703 [info] > git status -z -uall [5ms]
2024-10-15 06:36:38.365 [info] > git rev-parse --show-toplevel [6ms]
2024-10-15 06:36:38.365 [info] fatal: not a git repository (or any of the parent directories): .git
2024-10-15 06:36:47.533 [info] > git for-each-ref --sort -committerdate --format %(refname) %(objectname) %(*objectname) [5ms]
2024-10-15 06:36:49.370 [info] > git checkout -q main [10ms]
2024-10-15 06:36:49.378 [info] > git config --get commit.template [4ms]
2024-10-15 06:36:49.383 [info] > git for-each-ref --format=%(refname)%00%(upstream:short)%00%(objectname)%00%(upstream:track)%00%(upstream:remotename)%00%(upstream:remoteref) refs/heads/main refs/remotes/main [5ms]
2024-10-15 06:36:49.389 [info] > git status -z -uall [3ms]
2024-10-15 06:36:53.431 [info] > git for-each-ref --sort -committerdate --format %(refname) %(objectname) %(*objectname) [2ms]
2024-10-15 06:36:54.618 [info] > git checkout -q swagger [3ms]
2024-10-15 06:36:54.626 [info] > git config --get commit.template [5ms]
2024-10-15 06:36:54.628 [info] > git for-each-ref --format=%(refname)%00%(upstream:short)%00%(objectname)%00%(upstream:track)%00%(upstream:remotename)%00%(upstream:remoteref) refs/heads/swagger refs/remotes/swagger [2ms]
2024-10-15 06:36:54.633 [info] > git status -z -uall [3ms]
2024-10-15 06:36:57.717 [info] > git add -A -- . [6ms]
2024-10-15 06:36:57.717 [info] error: insufficient permission for adding an object to repository database .git/objects
error: HMH/events/__pycache__/models.cpython-39.pyc: failed to insert into database
error: unable to index file 'HMH/events/__pycache__/models.cpython-39.pyc'
fatal: adding files failed
2024-10-15 06:36:57.724 [info] > git config --get commit.template [4ms]
2024-10-15 06:36:57.726 [info] > git for-each-ref --format=%(refname)%00%(upstream:short)%00%(objectname)%00%(upstream:track)%00%(upstream:remotename)%00%(upstream:remoteref) refs/heads/swagger refs/remotes/swagger [2ms]
2024-10-15 06:36:57.731 [info] > git status -z -uall [2ms]
2024-10-15 06:38:15.752 [info] > git rev-parse --show-toplevel [3ms]
2024-10-15 06:38:15.752 [info] fatal: not a git repository (or any of the parent directories): .git
2024-10-15 06:38:35.720 [info] > git rev-parse --show-toplevel [2ms]
2024-10-15 06:38:35.720 [info] fatal: not a git repository (or any of the parent directories): .git
2024-10-15 06:39:02.934 [info] > git rev-parse --show-toplevel [3ms]
2024-10-15 06:39:02.934 [info] fatal: not a git repository (or any of the parent directories): .git
2024-10-15 06:40:26.966 [info] > git for-each-ref --sort -committerdate --format %(refname) %(objectname) %(*objectname) [2ms]
2024-10-15 06:40:28.160 [info] > git checkout -q main [4ms]
2024-10-15 06:40:28.168 [info] > git config --get commit.template [4ms]
2024-10-15 06:40:28.169 [info] > git for-each-ref --format=%(refname)%00%(upstream:short)%00%(objectname)%00%(upstream:track)%00%(upstream:remotename)%00%(upstream:remoteref) refs/heads/main refs/remotes/main [2ms]
2024-10-15 06:40:28.174 [info] > git status -z -uall [2ms]
2024-10-15 06:40:29.204 [info] > git add -A -- . [5ms]
2024-10-15 06:40:29.204 [info] error: insufficient permission for adding an object to repository database .git/objects
error: HMH/events/__pycache__/models.cpython-39.pyc: failed to insert into database
error: unable to index file 'HMH/events/__pycache__/models.cpython-39.pyc'
fatal: adding files failed
2024-10-15 06:40:29.210 [info] > git config --get commit.template [3ms]
2024-10-15 06:40:29.212 [info] > git for-each-ref --format=%(refname)%00%(upstream:short)%00%(objectname)%00%(upstream:track)%00%(upstream:remotename)%00%(upstream:remoteref) refs/heads/main refs/remotes/main [2ms]
2024-10-15 06:40:29.216 [info] > git status -z -uall [2ms]
2024-10-15 06:40:40.027 [info] > git config --get commit.template [4ms]
2024-10-15 06:40:40.029 [info] > git for-each-ref --format=%(refname)%00%(upstream:short)%00%(objectname)%00%(upstream:track)%00%(upstream:remotename)%00%(upstream:remoteref) refs/heads/main refs/remotes/main [2ms]
2024-10-15 06:40:40.034 [info] > git status -z -uall [3ms]
2024-10-15 06:40:41.636 [info] > git for-each-ref --sort -committerdate --format %(refname) %(objectname) %(*objectname) [3ms]
2024-10-15 06:40:43.079 [info] > git checkout -q swagger [4ms]
2024-10-15 06:40:43.086 [info] > git config --get commit.template [4ms]
2024-10-15 06:40:43.087 [info] > git for-each-ref --format=%(refname)%00%(upstream:short)%00%(objectname)%00%(upstream:track)%00%(upstream:remotename)%00%(upstream:remoteref) refs/heads/swagger refs/remotes/swagger [2ms]
2024-10-15 06:40:43.092 [info] > git status -z -uall [3ms]
2024-10-15 06:40:49.621 [info] > git branch [3ms]
2024-10-15 06:40:49.627 [info] > git reset -q HEAD -- . [3ms]
2024-10-15 06:40:49.638 [info] > git config --get commit.template [5ms]
2024-10-15 06:40:49.640 [info] > git for-each-ref --format=%(refname)%00%(upstream:short)%00%(objectname)%00%(upstream:track)%00%(upstream:remotename)%00%(upstream:remoteref) refs/heads/swagger refs/remotes/swagger [2ms]
2024-10-15 06:40:49.646 [info] > git status -z -uall [3ms]
2024-10-15 06:40:53.559 [info] > git add -A -- /home/ec2-user/HMH-SERVER/HMH/be/.gitignore /home/ec2-user/HMH-SERVER/HMH/be/__init__.py /home/ec2-user/HMH-SERVER/HMH/be/asgi.py /home/ec2-user/HMH-SERVER/HMH/be/requirements.txt /home/ec2-user/HMH-SERVER/HMH/be/settings.py /home/ec2-user/HMH-SERVER/HMH/be/urls.py /home/ec2-user/HMH-SERVER/HMH/be/wsgi.py /home/ec2-user/HMH-SERVER/HMH/be/www_dir/HMH-uwsgi.ini /home/ec2-user/HMH-SERVER/HMH/db.sqlite3 /home/ec2-user/HMH-SERVER/HMH/sample_swagger/__init__.py /home/ec2-user/HMH-SERVER/HMH/sample_swagger/__pycache__/__init__.cpython-39.pyc /home/ec2-user/HMH-SERVER/HMH/sample_swagger/__pycache__/urls.cpython-39.pyc /home/ec2-user/HMH-SERVER/HMH/sample_swagger/__pycache__/views.cpython-39.pyc /home/ec2-user/HMH-SERVER/HMH/sample_swagger/admin.py /home/ec2-user/HMH-SERVER/HMH/sample_swagger/apps.py /home/ec2-user/HMH-SERVER/HMH/sample_swagger/migrations/__init__.py /home/ec2-user/HMH-SERVER/HMH/sample_swagger/models.py /home/ec2-user/HMH-SERVER/HMH/sample_swagger/tests.py /home/ec2-user/HMH-SERVER/HMH/sample_swagger/urls.py /home/ec2-user/HMH-SERVER/HMH/sample_swagger/views.py /home/ec2-user/HMH-SERVER/HMH/.env /home/ec2-user/HMH-SERVER/HMH/accounts/__init__.py /home/ec2-user/HMH-SERVER/HMH/accounts/__pycache__/__init__.cpython-39.pyc /home/ec2-user/HMH-SERVER/HMH/accounts/__pycache__/admin.cpython-39.pyc /home/ec2-user/HMH-SERVER/HMH/accounts/__pycache__/apps.cpython-39.pyc /home/ec2-user/HMH-SERVER/HMH/accounts/__pycache__/managers.cpython-39.pyc /home/ec2-user/HMH-SERVER/HMH/accounts/__pycache__/models.cpython-39.pyc /home/ec2-user/HMH-SERVER/HMH/accounts/__pycache__/serializers.cpython-39.pyc /home/ec2-user/HMH-SERVER/HMH/accounts/__pycache__/urls.cpython-39.pyc /home/ec2-user/HMH-SERVER/HMH/accounts/__pycache__/views.cpython-39.pyc /home/ec2-user/HMH-SERVER/HMH/accounts/adapter.py /home/ec2-user/HMH-SERVER/HMH/accounts/admin.py /home/ec2-user/HMH-SERVER/HMH/accounts/apps.py /home/ec2-user/HMH-SERVER/HMH/accounts/managers.py /home/ec2-user/HMH-SERVER/HMH/accounts/migrations/0001_initial.py /home/ec2-user/HMH-SERVER/HMH/accounts/migrations/0002_event_userapplication.py /home/ec2-user/HMH-SERVER/HMH/accounts/migrations/__init__.py /home/ec2-user/HMH-SERVER/HMH/accounts/migrations/__pycache__/0001_initial.cpython-39.pyc /home/ec2-user/HMH-SERVER/HMH/accounts/migrations/__pycache__/0002_event_userapplication.cpython-39.pyc /home/ec2-user/HMH-SERVER/HMH/accounts/migrations/__pycache__/__init__.cpython-39.pyc /home/ec2-user/HMH-SERVER/HMH/accounts/models.py /home/ec2-user/HMH-SERVER/HMH/accounts/serializers.py /home/ec2-user/HMH-SERVER/HMH/accounts/tests.py /home/ec2-user/HMH-SERVER/HMH/accounts/urls.py /home/ec2-user/HMH-SERVER/HMH/accounts/views.py /home/ec2-user/HMH-SERVER/HMH/be/admin.py /home/ec2-user/HMH-SERVER/HMH/be/packages/accounts/home.html /home/ec2-user/HMH-SERVER/HMH/be/packages/accounts/login.html /home/ec2-user/HMH-SERVER/HMH/be/views.py /home/ec2-user/HMH-SERVER/HMH/events/__init__.py /home/ec2-user/HMH-SERVER/HMH/events/__pycache__/__init__.cpython-39.pyc /home/ec2-user/HMH-SERVER/HMH/events/__pycache__/admin.cpython-39.pyc /home/ec2-user/HMH-SERVER/HMH/events/__pycache__/apps.cpython-39.pyc /home/ec2-user/HMH-SERVER/HMH/events/__pycache__/models.cpython-39.pyc /home/ec2-user/HMH-SERVER/HMH/events/__pycache__/serializers.cpython-39.pyc /home/ec2-user/HMH-SERVER/HMH/events/__pycache__/urls.cpython-39.pyc /home/ec2-user/HMH-SERVER/HMH/events/__pycache__/views.cpython-39.pyc /home/ec2-user/HMH-SERVER/HMH/events/admin.py /home/ec2-user/HMH-SERVER/HMH/events/apps.py /home/ec2-user/HMH-SERVER/HMH/events/migrations/0001_initial.py /home/ec2-user/HMH-SERVER/HMH/events/migrations/0002_image_userapplication_ticket_eventimage.py /home/ec2-user/HMH-SERVER/HMH/events/migrations/__init__.py /home/ec2-user/HMH-SERVER/HMH/events/migrations/__pycache__/0001_initial.cpython-39.pyc /home/ec2-user/HMH-SERVER/HMH/events/migrations/__pycache__/0002_image_userapplication_ticket_eventimage.cpython-39.pyc /home/ec2-user/HMH-SERVER/HMH/events/migrations/__pycache__/__init__.cpython-39.pyc /home/ec2-user/HMH-SERVER/HMH/events/models.py /home/ec2-user/HMH-SERVER/HMH/events/serializers.py /home/ec2-user/HMH-SERVER/HMH/events/tests.py /home/ec2-user/HMH-SERVER/HMH/events/urls.py /home/ec2-user/HMH-SERVER/HMH/events/views.py /home/ec2-user/HMH-SERVER/HMH/logs/HMH.log /home/ec2-user/HMH-SERVER/HMH/www_dir/hmh-uwsgi.ini /home/ec2-user/HMH-SERVER/HMH/www_dir/static/admin/css/autocomplete.css /home/ec2-user/HMH-SERVER/HMH/www_dir/static/admin/css/base.css /home/ec2-user/HMH-SERVER/HMH/www_dir/static/admin/css/changelists.css /home/ec2-user/HMH-SERVER/HMH/www_dir/static/admin/css/dark_mode.css /home/ec2-user/HMH-SERVER/HMH/www_dir/static/admin/css/dashboard.css /home/ec2-user/HMH-SERVER/HMH/www_dir/static/admin/css/forms.css /home/ec2-user/HMH-SERVER/HMH/www_dir/static/admin/css/login.css /home/ec2-user/HMH-SERVER/HMH/www_dir/static/admin/css/nav_sidebar.css /home/ec2-user/HMH-SERVER/HMH/www_dir/static/admin/css/responsive.css /home/ec2-user/HMH-SERVER/HMH/www_dir/static/admin/css/responsive_rtl.css /home/ec2-user/HMH-SERVER/HMH/www_dir/static/admin/css/rtl.css /home/ec2-user/HMH-SERVER/HMH/www_dir/static/admin/css/vendor/select2/LICENSE-SELECT2.md /home/ec2-user/HMH-SERVER/HMH/www_dir/static/admin/css/vendor/select2/select2.css /home/ec2-user/HMH-SERVER/HMH/www_dir/static/admin/css/vendor/select2/select2.min.css /home/ec2-user/HMH-SERVER/HMH/www_dir/static/admin/css/widgets.css /home/ec2-user/HMH-SERVER/HMH/www_dir/static/admin/img/LICENSE /home/ec2-user/HMH-SERVER/HMH/www_dir/static/admin/img/README.txt /home/ec2-user/HMH-SERVER/HMH/www_dir/static/admin/img/calendar-icons.svg /home/ec2-user/HMH-SERVER/HMH/www_dir/static/admin/img/gis/move_vertex_off.svg /home/ec2-user/HMH-SERVER/HMH/www_dir/static/admin/img/gis/move_vertex_on.svg /home/ec2-user/HMH-SERVER/HMH/www_dir/static/admin/img/icon-addlink.svg /home/ec2-user/HMH-SERVER/HMH/www_dir/static/admin/img/icon-alert.svg /home/ec2-user/HMH-SERVER/HMH/www_dir/static/admin/img/icon-calendar.svg /home/ec2-user/HMH-SERVER/HMH/www_dir/static/admin/img/icon-changelink.svg /home/ec2-user/HMH-SERVER/HMH/www_dir/static/admin/img/icon-clock.svg /home/ec2-user/HMH-SERVER/HMH/www_dir/static/admin/img/icon-deletelink.svg /home/ec2-user/HMH-SERVER/HMH/www_dir/static/admin/img/icon-no.svg /home/ec2-user/HMH-SERVER/HMH/www_dir/static/admin/img/icon-unknown-alt.svg /home/ec2-user/HMH-SERVER/HMH/www_dir/static/admin/img/icon-unknown.svg /home/ec2-user/HMH-SERVER/HMH/www_dir/static/admin/img/icon-viewlink.svg /home/ec2-user/HMH-SERVER/HMH/www_dir/static/admin/img/icon-yes.svg /home/ec2-user/HMH-SERVER/HMH/www_dir/static/admin/img/inline-delete.svg /home/ec2-user/HMH-SERVER/HMH/www_dir/static/admin/img/search.svg /home/ec2-user/HMH-SERVER/HMH/www_dir/static/admin/img/selector-icons.svg /home/ec2-user/HMH-SERVER/HMH/www_dir/static/admin/img/sorting-icons.svg /home/ec2-user/HMH-SERVER/HMH/www_dir/static/admin/img/tooltag-add.svg /home/ec2-user/HMH-SERVER/HMH/www_dir/static/admin/img/tooltag-arrowright.svg /home/ec2-user/HMH-SERVER/HMH/www_dir/static/admin/js/SelectBox.js /home/ec2-user/HMH-SERVER/HMH/www_dir/static/admin/js/SelectFilter2.js /home/ec2-user/HMH-SERVER/HMH/www_dir/static/admin/js/actions.js /home/ec2-user/HMH-SERVER/HMH/www_dir/static/admin/js/admin/DateTimeShortcuts.js /home/ec2-user/HMH-SERVER/HMH/www_dir/static/admin/js/admin/RelatedObjectLookups.js /home/ec2-user/HMH-SERVER/HMH/www_dir/static/admin/js/autocomplete.js /home/ec2-user/HMH-SERVER/HMH/www_dir/static/admin/js/calendar.js /home/ec2-user/HMH-SERVER/HMH/www_dir/static/admin/js/cancel.js /home/ec2-user/HMH-SERVER/HMH/www_dir/static/admin/js/change_form.js /home/ec2-user/HMH-SERVER/HMH/www_dir/static/admin/js/collapse.js /home/ec2-user/HMH-SERVER/HMH/www_dir/static/admin/js/core.js /home/ec2-user/HMH-SERVER/HMH/www_dir/static/admin/js/filters.js /home/ec2-user/HMH-SERVER/HMH/www_dir/static/admin/js/inlines.js /home/ec2-user/HMH-SERVER/HMH/www_dir/static/admin/js/jquery.init.js /home/ec2-user/HMH-SERVER/HMH/www_dir/static/admin/js/nav_sidebar.js /home/ec2-user/HMH-SERVER/HMH/www_dir/static/admin/js/popup_response.js /home/ec2-user/HMH-SERVER/HMH/www_dir/static/admin/js/prepopulate.js /home/ec2-user/HMH-SERVER/HMH/www_dir/static/admin/js/prepopulate_init.js /home/ec2-user/HMH-SERVER/HMH/www_dir/static/admin/js/theme.js /home/ec2-user/HMH-SERVER/HMH/www_dir/static/admin/js/urlify.js /home/ec2-user/HMH-SERVER/HMH/www_dir/static/admin/js/vendor/jquery/LICENSE.txt /home/ec2-user/HMH-SERVER/HMH/www_dir/static/admin/js/vendor/jquery/jquery.js /home/ec2-user/HMH-SERVER/HMH/www_dir/static/admin/js/vendor/jquery/jquery.min.js /home/ec2-user/HMH-SERVER/HMH/www_dir/static/admin/js/vendor/select2/LICENSE.md /home/ec2-user/HMH-SERVER/HMH/www_dir/static/admin/js/vendor/select2/i18n/af.js /home/ec2-user/HMH-SERVER/HMH/www_dir/static/admin/js/vendor/select2/i18n/ar.js /home/ec2-user/HMH-SERVER/HMH/www_dir/static/admin/js/vendor/select2/i18n/az.js /home/ec2-user/HMH-SERVER/HMH/www_dir/static/admin/js/vendor/select2/i18n/bg.js /home/ec2-user/HMH-SERVER/HMH/www_dir/static/admin/js/vendor/select2/i18n/bn.js /home/ec2-user/HMH-SERVER/HMH/www_dir/static/admin/js/vendor/select2/i18n/bs.js /home/ec2-user/HMH-SERVER/HMH/www_dir/static/admin/js/vendor/select2/i18n/ca.js /home/ec2-user/HMH-SERVER/HMH/www_dir/static/admin/js/vendor/select2/i18n/cs.js /home/ec2-user/HMH-SERVER/HMH/www_dir/static/admin/js/vendor/select2/i18n/da.js /home/ec2-user/HMH-SERVER/HMH/www_dir/static/admin/js/vendor/select2/i18n/de.js /home/ec2-user/HMH-SERVER/HMH/www_dir/static/admin/js/vendor/select2/i18n/dsb.js /home/ec2-user/HMH-SERVER/HMH/www_dir/static/admin/js/vendor/select2/i18n/el.js /home/ec2-user/HMH-SERVER/HMH/www_dir/static/admin/js/vendor/select2/i18n/en.js /home/ec2-user/HMH-SERVER/HMH/www_dir/static/admin/js/vendor/select2/i18n/es.js /home/ec2-user/HMH-SERVER/HMH/www_dir/static/admin/js/vendor/select2/i18n/et.js /home/ec2-user/HMH-SERVER/HMH/www_dir/static/admin/js/vendor/select2/i18n/eu.js /home/ec2-user/HMH-SERVER/HMH/www_dir/static/admin/js/vendor/select2/i18n/fa.js /home/ec2-user/HMH-SERVER/HMH/www_dir/static/admin/js/vendor/select2/i18n/fi.js /home/ec2-user/HMH-SERVER/HMH/www_dir/static/admin/js/vendor/select2/i18n/fr.js /home/ec2-user/HMH-SERVER/HMH/www_dir/static/admin/js/vendor/select2/i18n/gl.js /home/ec2-user/HMH-SERVER/HMH/www_dir/static/admin/js/vendor/select2/i18n/he.js /home/ec2-user/HMH-SERVER/HMH/www_dir/static/admin/js/vendor/select2/i18n/hi.js /home/ec2-user/HMH-SERVER/HMH/www_dir/static/admin/js/vendor/select2/i18n/hr.js /home/ec2-user/HMH-SERVER/HMH/www_dir/static/admin/js/vendor/select2/i18n/hsb.js /home/ec2-user/HMH-SERVER/HMH/www_dir/static/admin/js/vendor/select2/i18n/hu.js /home/ec2-user/HMH-SERVER/HMH/www_dir/static/admin/js/vendor/select2/i18n/hy.js /home/ec2-user/HMH-SERVER/HMH/www_dir/static/admin/js/vendor/select2/i18n/id.js /home/ec2-user/HMH-SERVER/HMH/www_dir/static/admin/js/vendor/select2/i18n/is.js /home/ec2-user/HMH-SERVER/HMH/www_dir/static/admin/js/vendor/select2/i18n/it.js /home/ec2-user/HMH-SERVER/HMH/www_dir/static/admin/js/vendor/select2/i18n/ja.js /home/ec2-user/HMH-SERVER/HMH/www_dir/static/admin/js/vendor/select2/i18n/ka.js /home/ec2-user/HMH-SERVER/HMH/www_dir/static/admin/js/vendor/select2/i18n/km.js /home/ec2-user/HMH-SERVER/HMH/www_dir/static/admin/js/vendor/select2/i18n/ko.js /home/ec2-user/HMH-SERVER/HMH/www_dir/static/admin/js/vendor/select2/i18n/lt.js /home/ec2-user/HMH-SERVER/HMH/www_dir/static/admin/js/vendor/select2/i18n/lv.js /home/ec2-user/HMH-SERVER/HMH/www_dir/static/admin/js/vendor/select2/i18n/mk.js /home/ec2-user/HMH-SERVER/HMH/www_dir/static/admin/js/vendor/select2/i18n/ms.js /home/ec2-user/HMH-SERVER/HMH/www_dir/static/admin/js/vendor/select2/i18n/nb.js /home/ec2-user/HMH-SERVER/HMH/www_dir/static/admin/js/vendor/select2/i18n/ne.js /home/ec2-user/HMH-SERVER/HMH/www_dir/static/admin/js/vendor/select2/i18n/nl.js /home/ec2-user/HMH-SERVER/HMH/www_dir/static/admin/js/vendor/select2/i18n/pl.js /home/ec2-user/HMH-SERVER/HMH/www_dir/static/admin/js/vendor/select2/i18n/ps.js /home/ec2-user/HMH-SERVER/HMH/www_dir/static/admin/js/vendor/select2/i18n/pt-BR.js /home/ec2-user/HMH-SERVER/HMH/www_dir/static/admin/js/vendor/select2/i18n/pt.js /home/ec2-user/HMH-SERVER/HMH/www_dir/static/admin/js/vendor/select2/i18n/ro.js /home/ec2-user/HMH-SERVER/HMH/www_dir/static/admin/js/vendor/select2/i18n/ru.js /home/ec2-user/HMH-SERVER/HMH/www_dir/static/admin/js/vendor/select2/i18n/sk.js /home/ec2-user/HMH-SERVER/HMH/www_dir/static/admin/js/vendor/select2/i18n/sl.js /home/ec2-user/HMH-SERVER/HMH/www_dir/static/admin/js/vendor/select2/i18n/sq.js /home/ec2-user/HMH-SERVER/HMH/www_dir/static/admin/js/vendor/select2/i18n/sr-Cyrl.js /home/ec2-user/HMH-SERVER/HMH/www_dir/static/admin/js/vendor/select2/i18n/sr.js /home/ec2-user/HMH-SERVER/HMH/www_dir/static/admin/js/vendor/select2/i18n/sv.js /home/ec2-user/HMH-SERVER/HMH/www_dir/static/admin/js/vendor/select2/i18n/th.js /home/ec2-user/HMH-SERVER/HMH/www_dir/static/admin/js/vendor/select2/i18n/tk.js /home/ec2-user/HMH-SERVER/HMH/www_dir/static/admin/js/vendor/select2/i18n/tr.js /home/ec2-user/HMH-SERVER/HMH/www_dir/static/admin/js/vendor/select2/i18n/uk.js /home/ec2-user/HMH-SERVER/HMH/www_dir/static/admin/js/vendor/select2/i18n/vi.js /home/ec2-user/HMH-SERVER/HMH/www_dir/static/admin/js/vendor/select2/i18n/zh-CN.js /home/ec2-user/HMH-SERVER/HMH/www_dir/static/admin/js/vendor/select2/i18n/zh-TW.js /home/ec2-user/HMH-SERVER/HMH/www_dir/static/admin/js/vendor/select2/select2.full.js /home/ec2-user/HMH-SERVER/HMH/www_dir/static/admin/js/vendor/select2/select2.full.min.js /home/ec2-user/HMH-SERVER/HMH/www_dir/static/admin/js/vendor/xregexp/LICENSE.txt /home/ec2-user/HMH-SERVER/HMH/www_dir/static/admin/js/vendor/xregexp/xregexp.js /home/ec2-user/HMH-SERVER/HMH/www_dir/static/admin/js/vendor/xregexp/xregexp.min.js /home/ec2-user/HMH-SERVER/HMH/www_dir/static/drf-yasg/README /home/ec2-user/HMH-SERVER/HMH/www_dir/static/drf-yasg/immutable.js /home/ec2-user/HMH-SERVER/HMH/www_dir/static/drf-yasg/immutable.min.js /home/ec2-user/HMH-SERVER/HMH/www_dir/static/drf-yasg/insQ.js /home/ec2-user/HMH-SERVER/HMH/www_dir/static/drf-yasg/insQ.min.js /home/ec2-user/HMH-SERVER/HMH/www_dir/static/drf-yasg/redoc-init.js /home/ec2-user/HMH-SERVER/HMH/www_dir/static/drf-yasg/redoc-old/LICENSE /home/ec2-user/HMH-SERVER/HMH/www_dir/static/drf-yasg/redoc-old/redoc.min.js /home/ec2-user/HMH-SERVER/HMH/www_dir/static/drf-yasg/redoc-old/redoc.min.js.map /home/ec2-user/HMH-SERVER/HMH/www_dir/static/drf-yasg/redoc/LICENSE /home/ec2-user/HMH-SERVER/HMH/www_dir/static/drf-yasg/redoc/redoc-logo.png /home/ec2-user/HMH-SERVER/HMH/www_dir/static/drf-yasg/redoc/redoc.min.js /home/ec2-user/HMH-SERVER/HMH/www_dir/static/drf-yasg/redoc/redoc.standalone.js.map /home/ec2-user/HMH-SERVER/HMH/www_dir/static/drf-yasg/style.css /home/ec2-user/HMH-SERVER/HMH/www_dir/static/drf-yasg/swagger-ui-dist/LICENSE /home/ec2-user/HMH-SERVER/HMH/www_dir/static/drf-yasg/swagger-ui-dist/NOTICE /home/ec2-user/HMH-SERVER/HMH/www_dir/static/drf-yasg/swagger-ui-dist/absolute-path.js /home/ec2-user/HMH-SERVER/HMH/www_dir/static/drf-yasg/swagger-ui-dist/favicon-32x32.png /home/ec2-user/HMH-SERVER/HMH/www_dir/static/drf-yasg/swagger-ui-dist/index.css /home/ec2-user/HMH-SERVER/HMH/www_dir/static/drf-yasg/swagger-ui-dist/index.js /home/ec2-user/HMH-SERVER/HMH/www_dir/static/drf-yasg/swagger-ui-dist/oauth2-redirect.html /home/ec2-user/HMH-SERVER/HMH/www_dir/static/drf-yasg/swagger-ui-dist/swagger-initializer.js /home/ec2-user/HMH-SERVER/HMH/www_dir/static/drf-yasg/swagger-ui-dist/swagger-ui-bundle.js /home/ec2-user/HMH-SERVER/HMH/www_dir/static/drf-yasg/swagger-ui-dist/swagger-ui-bundle.js.map /home/ec2-user/HMH-SERVER/HMH/www_dir/static/drf-yasg/swagger-ui-dist/swagger-ui-es-bundle-core.js /home/ec2-user/HMH-SERVER/HMH/www_dir/static/drf-yasg/swagger-ui-dist/swagger-ui-es-bundle-core.js.map /home/ec2-user/HMH-SERVER/HMH/www_dir/static/drf-yasg/swagger-ui-dist/swagger-ui-es-bundle.js /home/ec2-user/HMH-SERVER/HMH/www_dir/static/drf-yasg/swagger-ui-dist/swagger-ui-es-bundle.js.map /home/ec2-user/HMH-SERVER/HMH/www_dir/static/drf-yasg/swagger-ui-dist/swagger-ui-standalone-preset.js /home/ec2-user/HMH-SERVER/HMH/www_dir/static/drf-yasg/swagger-ui-dist/swagger-ui-standalone-preset.js.map /home/ec2-user/HMH-SERVER/HMH/www_dir/static/drf-yasg/swagger-ui-dist/swagger-ui.css /home/ec2-user/HMH-SERVER/HMH/www_dir/static/drf-yasg/swagger-ui-dist/swagger-ui.css.map /home/ec2-user/HMH-SERVER/HMH/www_dir/static/drf-yasg/swagger-ui-dist/swagger-ui.js.map /home/ec2-user/HMH-SERVER/HMH/www_dir/static/drf-yasg/swagger-ui-init.js /home/ec2-user/HMH-SERVER/HMH/www_dir/static/rest_framework/css/bootstrap-theme.min.css /home/ec2-user/HMH-SERVER/HMH/www_dir/static/rest_framework/css/bootstrap-theme.min.css.map /home/ec2-user/HMH-SERVER/HMH/www_dir/static/rest_framework/css/bootstrap-tweaks.css /home/ec2-user/HMH-SERVER/HMH/www_dir/static/rest_framework/css/bootstrap.min.css /home/ec2-user/HMH-SERVER/HMH/www_dir/static/rest_framework/css/bootstrap.min.css.map /home/ec2-user/HMH-SERVER/HMH/www_dir/static/rest_framework/css/default.css /home/ec2-user/HMH-SERVER/HMH/www_dir/static/rest_framework/css/font-awesome-4.0.3.css /home/ec2-user/HMH-SERVER/HMH/www_dir/static/rest_framework/css/prettify.css /home/ec2-user/HMH-SERVER/HMH/www_dir/static/rest_framework/docs/css/base.css /home/ec2-user/HMH-SERVER/HMH/www_dir/static/rest_framework/docs/css/highlight.css /home/ec2-user/HMH-SERVER/HMH/www_dir/static/rest_framework/docs/css/jquery.json-view.min.css /home/ec2-user/HMH-SERVER/HMH/www_dir/static/rest_framework/docs/img/favicon.ico /home/ec2-user/HMH-SERVER/HMH/www_dir/static/rest_framework/docs/img/grid.png /home/ec2-user/HMH-SERVER/HMH/www_dir/static/rest_framework/docs/js/api.js /home/ec2-user/HMH-SERVER/HMH/www_dir/static/rest_framework/docs/js/highlight.pack.js /home/ec2-user/HMH-SERVER/HMH/www_dir/static/rest_framework/docs/js/jquery.json-view.min.js /home/ec2-user/HMH-SERVER/HMH/www_dir/static/rest_framework/fonts/fontawesome-webfont.eot /home/ec2-user/HMH-SERVER/HMH/www_dir/static/rest_framework/fonts/fontawesome-webfont.svg /home/ec2-user/HMH-SERVER/HMH/www_dir/static/rest_framework/fonts/fontawesome-webfont.ttf /home/ec2-user/HMH-SERVER/HMH/www_dir/static/rest_framework/fonts/fontawesome-webfont.woff /home/ec2-user/HMH-SERVER/HMH/www_dir/static/rest_framework/fonts/glyphicons-halflings-regular.eot /home/ec2-user/HMH-SERVER/HMH/www_dir/static/rest_framework/fonts/glyphicons-halflings-regular.svg /home/ec2-user/HMH-SERVER/HMH/www_dir/static/rest_framework/fonts/glyphicons-halflings-regular.ttf /home/ec2-user/HMH-SERVER/HMH/www_dir/static/rest_framework/fonts/glyphicons-halflings-regular.woff /home/ec2-user/HMH-SERVER/HMH/www_dir/static/rest_framework/fonts/glyphicons-halflings-regular.woff2 /home/ec2-user/HMH-SERVER/HMH/www_dir/static/rest_framework/img/glyphicons-halflings-white.png /home/ec2-user/HMH-SERVER/HMH/www_dir/static/rest_framework/img/glyphicons-halflings.png /home/ec2-user/HMH-SERVER/HMH/www_dir/static/rest_framework/img/grid.png /home/ec2-user/HMH-SERVER/HMH/www_dir/static/rest_framework/js/ajax-form.js /home/ec2-user/HMH-SERVER/HMH/www_dir/static/rest_framework/js/bootstrap.min.js /home/ec2-user/HMH-SERVER/HMH/www_dir/static/rest_framework/js/coreapi-0.1.1.js /home/ec2-user/HMH-SERVER/HMH/www_dir/static/rest_framework/js/csrf.js /home/ec2-user/HMH-SERVER/HMH/www_dir/static/rest_framework/js/default.js /home/ec2-user/HMH-SERVER/HMH/www_dir/static/rest_framework/js/jquery-3.7.1.min.js /home/ec2-user/HMH-SERVER/HMH/www_dir/static/rest_framework/js/load-ajax-form.js /home/ec2-user/HMH-SERVER/HMH/www_dir/static/rest_framework/js/prettify-min.js [7ms]
2024-10-15 06:40:53.559 [info] error: insufficient permission for adding an object to repository database .git/objects
error: HMH/events/__pycache__/models.cpython-39.pyc: failed to insert into database
error: unable to index file 'HMH/events/__pycache__/models.cpython-39.pyc'
fatal: adding files failed
2024-10-15 06:40:53.569 [info] > git config --get commit.template [5ms]
2024-10-15 06:40:53.571 [info] > git for-each-ref --format=%(refname)%00%(upstream:short)%00%(objectname)%00%(upstream:track)%00%(upstream:remotename)%00%(upstream:remoteref) refs/heads/swagger refs/remotes/swagger [2ms]
2024-10-15 06:40:53.578 [info] > git status -z -uall [3ms]
2024-10-15 06:40:55.594 [info] > git rev-parse --show-toplevel [2ms]
2024-10-15 06:40:55.594 [info] fatal: not a git repository (or any of the parent directories): .git
2024-10-15 06:41:35.816 [info] > git rev-parse --show-toplevel [3ms]
2024-10-15 06:41:35.816 [info] fatal: not a git repository (or any of the parent directories): .git
2024-10-15 06:43:00.017 [info] > git for-each-ref --sort -committerdate --format %(refname) %(objectname) %(*objectname) [3ms]
2024-10-15 06:43:08.688 [info] > git for-each-ref --format %(refname:short)%00%(upstream:short) refs/heads [3ms]
2024-10-15 06:43:08.697 [info] > git checkout -q main [3ms]
2024-10-15 06:43:08.706 [info] > git config --get commit.template [5ms]
2024-10-15 06:43:08.708 [info] > git for-each-ref --format=%(refname)%00%(upstream:short)%00%(objectname)%00%(upstream:track)%00%(upstream:remotename)%00%(upstream:remoteref) refs/heads/main refs/remotes/main [2ms]
2024-10-15 06:43:08.714 [info] > git status -z -uall [3ms]
2024-10-15 06:43:13.122 [info] > git for-each-ref --sort -committerdate --format %(refname) %(objectname) %(*objectname) [2ms]
2024-10-15 06:43:14.067 [info] > git for-each-ref --format %(refname:short)%00%(upstream:short) refs/heads [2ms]
2024-10-15 06:43:14.083 [info] > git checkout -q swagger [6ms]
2024-10-15 06:43:14.093 [info] > git config --get commit.template [6ms]
2024-10-15 06:43:14.094 [info] > git for-each-ref --format=%(refname)%00%(upstream:short)%00%(objectname)%00%(upstream:track)%00%(upstream:remotename)%00%(upstream:remoteref) refs/heads/swagger refs/remotes/swagger [2ms]
2024-10-15 06:43:14.100 [info] > git status -z -uall [3ms]
2024-10-15 06:43:17.742 [info] > git add -A -- /home/ec2-user/HMH-SERVER/HMH/be/.gitignore /home/ec2-user/HMH-SERVER/HMH/be/__init__.py /home/ec2-user/HMH-SERVER/HMH/be/asgi.py /home/ec2-user/HMH-SERVER/HMH/be/requirements.txt /home/ec2-user/HMH-SERVER/HMH/be/settings.py /home/ec2-user/HMH-SERVER/HMH/be/urls.py /home/ec2-user/HMH-SERVER/HMH/be/wsgi.py /home/ec2-user/HMH-SERVER/HMH/be/www_dir/HMH-uwsgi.ini /home/ec2-user/HMH-SERVER/HMH/db.sqlite3 /home/ec2-user/HMH-SERVER/HMH/sample_swagger/__init__.py /home/ec2-user/HMH-SERVER/HMH/sample_swagger/__pycache__/__init__.cpython-39.pyc /home/ec2-user/HMH-SERVER/HMH/sample_swagger/__pycache__/urls.cpython-39.pyc /home/ec2-user/HMH-SERVER/HMH/sample_swagger/__pycache__/views.cpython-39.pyc /home/ec2-user/HMH-SERVER/HMH/sample_swagger/admin.py /home/ec2-user/HMH-SERVER/HMH/sample_swagger/apps.py /home/ec2-user/HMH-SERVER/HMH/sample_swagger/migrations/__init__.py /home/ec2-user/HMH-SERVER/HMH/sample_swagger/models.py /home/ec2-user/HMH-SERVER/HMH/sample_swagger/tests.py /home/ec2-user/HMH-SERVER/HMH/sample_swagger/urls.py /home/ec2-user/HMH-SERVER/HMH/sample_swagger/views.py /home/ec2-user/HMH-SERVER/HMH/.env /home/ec2-user/HMH-SERVER/HMH/accounts/__init__.py /home/ec2-user/HMH-SERVER/HMH/accounts/__pycache__/__init__.cpython-39.pyc /home/ec2-user/HMH-SERVER/HMH/accounts/__pycache__/admin.cpython-39.pyc /home/ec2-user/HMH-SERVER/HMH/accounts/__pycache__/apps.cpython-39.pyc /home/ec2-user/HMH-SERVER/HMH/accounts/__pycache__/managers.cpython-39.pyc /home/ec2-user/HMH-SERVER/HMH/accounts/__pycache__/models.cpython-39.pyc /home/ec2-user/HMH-SERVER/HMH/accounts/__pycache__/serializers.cpython-39.pyc /home/ec2-user/HMH-SERVER/HMH/accounts/__pycache__/urls.cpython-39.pyc /home/ec2-user/HMH-SERVER/HMH/accounts/__pycache__/views.cpython-39.pyc /home/ec2-user/HMH-SERVER/HMH/accounts/adapter.py /home/ec2-user/HMH-SERVER/HMH/accounts/admin.py /home/ec2-user/HMH-SERVER/HMH/accounts/apps.py /home/ec2-user/HMH-SERVER/HMH/accounts/managers.py /home/ec2-user/HMH-SERVER/HMH/accounts/migrations/0001_initial.py /home/ec2-user/HMH-SERVER/HMH/accounts/migrations/0002_event_userapplication.py /home/ec2-user/HMH-SERVER/HMH/accounts/migrations/__init__.py /home/ec2-user/HMH-SERVER/HMH/accounts/migrations/__pycache__/0001_initial.cpython-39.pyc /home/ec2-user/HMH-SERVER/HMH/accounts/migrations/__pycache__/0002_event_userapplication.cpython-39.pyc /home/ec2-user/HMH-SERVER/HMH/accounts/migrations/__pycache__/__init__.cpython-39.pyc /home/ec2-user/HMH-SERVER/HMH/accounts/models.py /home/ec2-user/HMH-SERVER/HMH/accounts/serializers.py /home/ec2-user/HMH-SERVER/HMH/accounts/tests.py /home/ec2-user/HMH-SERVER/HMH/accounts/urls.py /home/ec2-user/HMH-SERVER/HMH/accounts/views.py /home/ec2-user/HMH-SERVER/HMH/be/admin.py /home/ec2-user/HMH-SERVER/HMH/be/packages/accounts/home.html /home/ec2-user/HMH-SERVER/HMH/be/packages/accounts/login.html /home/ec2-user/HMH-SERVER/HMH/be/views.py /home/ec2-user/HMH-SERVER/HMH/events/__init__.py /home/ec2-user/HMH-SERVER/HMH/events/__pycache__/__init__.cpython-39.pyc /home/ec2-user/HMH-SERVER/HMH/events/__pycache__/admin.cpython-39.pyc /home/ec2-user/HMH-SERVER/HMH/events/__pycache__/apps.cpython-39.pyc /home/ec2-user/HMH-SERVER/HMH/events/__pycache__/models.cpython-39.pyc /home/ec2-user/HMH-SERVER/HMH/events/__pycache__/serializers.cpython-39.pyc /home/ec2-user/HMH-SERVER/HMH/events/__pycache__/urls.cpython-39.pyc /home/ec2-user/HMH-SERVER/HMH/events/__pycache__/views.cpython-39.pyc /home/ec2-user/HMH-SERVER/HMH/events/admin.py /home/ec2-user/HMH-SERVER/HMH/events/apps.py /home/ec2-user/HMH-SERVER/HMH/events/migrations/0001_initial.py /home/ec2-user/HMH-SERVER/HMH/events/migrations/0002_image_userapplication_ticket_eventimage.py /home/ec2-user/HMH-SERVER/HMH/events/migrations/__init__.py /home/ec2-user/HMH-SERVER/HMH/events/migrations/__pycache__/0001_initial.cpython-39.pyc /home/ec2-user/HMH-SERVER/HMH/events/migrations/__pycache__/0002_image_userapplication_ticket_eventimage.cpython-39.pyc /home/ec2-user/HMH-SERVER/HMH/events/migrations/__pycache__/__init__.cpython-39.pyc /home/ec2-user/HMH-SERVER/HMH/events/models.py /home/ec2-user/HMH-SERVER/HMH/events/serializers.py /home/ec2-user/HMH-SERVER/HMH/events/tests.py /home/ec2-user/HMH-SERVER/HMH/events/urls.py /home/ec2-user/HMH-SERVER/HMH/events/views.py /home/ec2-user/HMH-SERVER/HMH/logs/HMH.log /home/ec2-user/HMH-SERVER/HMH/www_dir/hmh-uwsgi.ini /home/ec2-user/HMH-SERVER/HMH/www_dir/static/admin/css/autocomplete.css /home/ec2-user/HMH-SERVER/HMH/www_dir/static/admin/css/base.css /home/ec2-user/HMH-SERVER/HMH/www_dir/static/admin/css/changelists.css /home/ec2-user/HMH-SERVER/HMH/www_dir/static/admin/css/dark_mode.css /home/ec2-user/HMH-SERVER/HMH/www_dir/static/admin/css/dashboard.css /home/ec2-user/HMH-SERVER/HMH/www_dir/static/admin/css/forms.css /home/ec2-user/HMH-SERVER/HMH/www_dir/static/admin/css/login.css /home/ec2-user/HMH-SERVER/HMH/www_dir/static/admin/css/nav_sidebar.css /home/ec2-user/HMH-SERVER/HMH/www_dir/static/admin/css/responsive.css /home/ec2-user/HMH-SERVER/HMH/www_dir/static/admin/css/responsive_rtl.css /home/ec2-user/HMH-SERVER/HMH/www_dir/static/admin/css/rtl.css /home/ec2-user/HMH-SERVER/HMH/www_dir/static/admin/css/vendor/select2/LICENSE-SELECT2.md /home/ec2-user/HMH-SERVER/HMH/www_dir/static/admin/css/vendor/select2/select2.css /home/ec2-user/HMH-SERVER/HMH/www_dir/static/admin/css/vendor/select2/select2.min.css /home/ec2-user/HMH-SERVER/HMH/www_dir/static/admin/css/widgets.css /home/ec2-user/HMH-SERVER/HMH/www_dir/static/admin/img/LICENSE /home/ec2-user/HMH-SERVER/HMH/www_dir/static/admin/img/README.txt /home/ec2-user/HMH-SERVER/HMH/www_dir/static/admin/img/calendar-icons.svg /home/ec2-user/HMH-SERVER/HMH/www_dir/static/admin/img/gis/move_vertex_off.svg /home/ec2-user/HMH-SERVER/HMH/www_dir/static/admin/img/gis/move_vertex_on.svg /home/ec2-user/HMH-SERVER/HMH/www_dir/static/admin/img/icon-addlink.svg /home/ec2-user/HMH-SERVER/HMH/www_dir/static/admin/img/icon-alert.svg /home/ec2-user/HMH-SERVER/HMH/www_dir/static/admin/img/icon-calendar.svg /home/ec2-user/HMH-SERVER/HMH/www_dir/static/admin/img/icon-changelink.svg /home/ec2-user/HMH-SERVER/HMH/www_dir/static/admin/img/icon-clock.svg /home/ec2-user/HMH-SERVER/HMH/www_dir/static/admin/img/icon-deletelink.svg /home/ec2-user/HMH-SERVER/HMH/www_dir/static/admin/img/icon-no.svg /home/ec2-user/HMH-SERVER/HMH/www_dir/static/admin/img/icon-unknown-alt.svg /home/ec2-user/HMH-SERVER/HMH/www_dir/static/admin/img/icon-unknown.svg /home/ec2-user/HMH-SERVER/HMH/www_dir/static/admin/img/icon-viewlink.svg /home/ec2-user/HMH-SERVER/HMH/www_dir/static/admin/img/icon-yes.svg /home/ec2-user/HMH-SERVER/HMH/www_dir/static/admin/img/inline-delete.svg /home/ec2-user/HMH-SERVER/HMH/www_dir/static/admin/img/search.svg /home/ec2-user/HMH-SERVER/HMH/www_dir/static/admin/img/selector-icons.svg /home/ec2-user/HMH-SERVER/HMH/www_dir/static/admin/img/sorting-icons.svg /home/ec2-user/HMH-SERVER/HMH/www_dir/static/admin/img/tooltag-add.svg /home/ec2-user/HMH-SERVER/HMH/www_dir/static/admin/img/tooltag-arrowright.svg /home/ec2-user/HMH-SERVER/HMH/www_dir/static/admin/js/SelectBox.js /home/ec2-user/HMH-SERVER/HMH/www_dir/static/admin/js/SelectFilter2.js /home/ec2-user/HMH-SERVER/HMH/www_dir/static/admin/js/actions.js /home/ec2-user/HMH-SERVER/HMH/www_dir/static/admin/js/admin/DateTimeShortcuts.js /home/ec2-user/HMH-SERVER/HMH/www_dir/static/admin/js/admin/RelatedObjectLookups.js /home/ec2-user/HMH-SERVER/HMH/www_dir/static/admin/js/autocomplete.js /home/ec2-user/HMH-SERVER/HMH/www_dir/static/admin/js/calendar.js /home/ec2-user/HMH-SERVER/HMH/www_dir/static/admin/js/cancel.js /home/ec2-user/HMH-SERVER/HMH/www_dir/static/admin/js/change_form.js /home/ec2-user/HMH-SERVER/HMH/www_dir/static/admin/js/collapse.js /home/ec2-user/HMH-SERVER/HMH/www_dir/static/admin/js/core.js /home/ec2-user/HMH-SERVER/HMH/www_dir/static/admin/js/filters.js /home/ec2-user/HMH-SERVER/HMH/www_dir/static/admin/js/inlines.js /home/ec2-user/HMH-SERVER/HMH/www_dir/static/admin/js/jquery.init.js /home/ec2-user/HMH-SERVER/HMH/www_dir/static/admin/js/nav_sidebar.js /home/ec2-user/HMH-SERVER/HMH/www_dir/static/admin/js/popup_response.js /home/ec2-user/HMH-SERVER/HMH/www_dir/static/admin/js/prepopulate.js /home/ec2-user/HMH-SERVER/HMH/www_dir/static/admin/js/prepopulate_init.js /home/ec2-user/HMH-SERVER/HMH/www_dir/static/admin/js/theme.js /home/ec2-user/HMH-SERVER/HMH/www_dir/static/admin/js/urlify.js /home/ec2-user/HMH-SERVER/HMH/www_dir/static/admin/js/vendor/jquery/LICENSE.txt /home/ec2-user/HMH-SERVER/HMH/www_dir/static/admin/js/vendor/jquery/jquery.js /home/ec2-user/HMH-SERVER/HMH/www_dir/static/admin/js/vendor/jquery/jquery.min.js /home/ec2-user/HMH-SERVER/HMH/www_dir/static/admin/js/vendor/select2/LICENSE.md /home/ec2-user/HMH-SERVER/HMH/www_dir/static/admin/js/vendor/select2/i18n/af.js /home/ec2-user/HMH-SERVER/HMH/www_dir/static/admin/js/vendor/select2/i18n/ar.js /home/ec2-user/HMH-SERVER/HMH/www_dir/static/admin/js/vendor/select2/i18n/az.js /home/ec2-user/HMH-SERVER/HMH/www_dir/static/admin/js/vendor/select2/i18n/bg.js /home/ec2-user/HMH-SERVER/HMH/www_dir/static/admin/js/vendor/select2/i18n/bn.js /home/ec2-user/HMH-SERVER/HMH/www_dir/static/admin/js/vendor/select2/i18n/bs.js /home/ec2-user/HMH-SERVER/HMH/www_dir/static/admin/js/vendor/select2/i18n/ca.js /home/ec2-user/HMH-SERVER/HMH/www_dir/static/admin/js/vendor/select2/i18n/cs.js /home/ec2-user/HMH-SERVER/HMH/www_dir/static/admin/js/vendor/select2/i18n/da.js /home/ec2-user/HMH-SERVER/HMH/www_dir/static/admin/js/vendor/select2/i18n/de.js /home/ec2-user/HMH-SERVER/HMH/www_dir/static/admin/js/vendor/select2/i18n/dsb.js /home/ec2-user/HMH-SERVER/HMH/www_dir/static/admin/js/vendor/select2/i18n/el.js /home/ec2-user/HMH-SERVER/HMH/www_dir/static/admin/js/vendor/select2/i18n/en.js /home/ec2-user/HMH-SERVER/HMH/www_dir/static/admin/js/vendor/select2/i18n/es.js /home/ec2-user/HMH-SERVER/HMH/www_dir/static/admin/js/vendor/select2/i18n/et.js /home/ec2-user/HMH-SERVER/HMH/www_dir/static/admin/js/vendor/select2/i18n/eu.js /home/ec2-user/HMH-SERVER/HMH/www_dir/static/admin/js/vendor/select2/i18n/fa.js /home/ec2-user/HMH-SERVER/HMH/www_dir/static/admin/js/vendor/select2/i18n/fi.js /home/ec2-user/HMH-SERVER/HMH/www_dir/static/admin/js/vendor/select2/i18n/fr.js /home/ec2-user/HMH-SERVER/HMH/www_dir/static/admin/js/vendor/select2/i18n/gl.js /home/ec2-user/HMH-SERVER/HMH/www_dir/static/admin/js/vendor/select2/i18n/he.js /home/ec2-user/HMH-SERVER/HMH/www_dir/static/admin/js/vendor/select2/i18n/hi.js /home/ec2-user/HMH-SERVER/HMH/www_dir/static/admin/js/vendor/select2/i18n/hr.js /home/ec2-user/HMH-SERVER/HMH/www_dir/static/admin/js/vendor/select2/i18n/hsb.js /home/ec2-user/HMH-SERVER/HMH/www_dir/static/admin/js/vendor/select2/i18n/hu.js /home/ec2-user/HMH-SERVER/HMH/www_dir/static/admin/js/vendor/select2/i18n/hy.js /home/ec2-user/HMH-SERVER/HMH/www_dir/static/admin/js/vendor/select2/i18n/id.js /home/ec2-user/HMH-SERVER/HMH/www_dir/static/admin/js/vendor/select2/i18n/is.js /home/ec2-user/HMH-SERVER/HMH/www_dir/static/admin/js/vendor/select2/i18n/it.js /home/ec2-user/HMH-SERVER/HMH/www_dir/static/admin/js/vendor/select2/i18n/ja.js /home/ec2-user/HMH-SERVER/HMH/www_dir/static/admin/js/vendor/select2/i18n/ka.js /home/ec2-user/HMH-SERVER/HMH/www_dir/static/admin/js/vendor/select2/i18n/km.js /home/ec2-user/HMH-SERVER/HMH/www_dir/static/admin/js/vendor/select2/i18n/ko.js /home/ec2-user/HMH-SERVER/HMH/www_dir/static/admin/js/vendor/select2/i18n/lt.js /home/ec2-user/HMH-SERVER/HMH/www_dir/static/admin/js/vendor/select2/i18n/lv.js /home/ec2-user/HMH-SERVER/HMH/www_dir/static/admin/js/vendor/select2/i18n/mk.js /home/ec2-user/HMH-SERVER/HMH/www_dir/static/admin/js/vendor/select2/i18n/ms.js /home/ec2-user/HMH-SERVER/HMH/www_dir/static/admin/js/vendor/select2/i18n/nb.js /home/ec2-user/HMH-SERVER/HMH/www_dir/static/admin/js/vendor/select2/i18n/ne.js /home/ec2-user/HMH-SERVER/HMH/www_dir/static/admin/js/vendor/select2/i18n/nl.js /home/ec2-user/HMH-SERVER/HMH/www_dir/static/admin/js/vendor/select2/i18n/pl.js /home/ec2-user/HMH-SERVER/HMH/www_dir/static/admin/js/vendor/select2/i18n/ps.js /home/ec2-user/HMH-SERVER/HMH/www_dir/static/admin/js/vendor/select2/i18n/pt-BR.js /home/ec2-user/HMH-SERVER/HMH/www_dir/static/admin/js/vendor/select2/i18n/pt.js /home/ec2-user/HMH-SERVER/HMH/www_dir/static/admin/js/vendor/select2/i18n/ro.js /home/ec2-user/HMH-SERVER/HMH/www_dir/static/admin/js/vendor/select2/i18n/ru.js /home/ec2-user/HMH-SERVER/HMH/www_dir/static/admin/js/vendor/select2/i18n/sk.js /home/ec2-user/HMH-SERVER/HMH/www_dir/static/admin/js/vendor/select2/i18n/sl.js /home/ec2-user/HMH-SERVER/HMH/www_dir/static/admin/js/vendor/select2/i18n/sq.js /home/ec2-user/HMH-SERVER/HMH/www_dir/static/admin/js/vendor/select2/i18n/sr-Cyrl.js /home/ec2-user/HMH-SERVER/HMH/www_dir/static/admin/js/vendor/select2/i18n/sr.js /home/ec2-user/HMH-SERVER/HMH/www_dir/static/admin/js/vendor/select2/i18n/sv.js /home/ec2-user/HMH-SERVER/HMH/www_dir/static/admin/js/vendor/select2/i18n/th.js /home/ec2-user/HMH-SERVER/HMH/www_dir/static/admin/js/vendor/select2/i18n/tk.js /home/ec2-user/HMH-SERVER/HMH/www_dir/static/admin/js/vendor/select2/i18n/tr.js /home/ec2-user/HMH-SERVER/HMH/www_dir/static/admin/js/vendor/select2/i18n/uk.js /home/ec2-user/HMH-SERVER/HMH/www_dir/static/admin/js/vendor/select2/i18n/vi.js /home/ec2-user/HMH-SERVER/HMH/www_dir/static/admin/js/vendor/select2/i18n/zh-CN.js /home/ec2-user/HMH-SERVER/HMH/www_dir/static/admin/js/vendor/select2/i18n/zh-TW.js /home/ec2-user/HMH-SERVER/HMH/www_dir/static/admin/js/vendor/select2/select2.full.js /home/ec2-user/HMH-SERVER/HMH/www_dir/static/admin/js/vendor/select2/select2.full.min.js /home/ec2-user/HMH-SERVER/HMH/www_dir/static/admin/js/vendor/xregexp/LICENSE.txt /home/ec2-user/HMH-SERVER/HMH/www_dir/static/admin/js/vendor/xregexp/xregexp.js /home/ec2-user/HMH-SERVER/HMH/www_dir/static/admin/js/vendor/xregexp/xregexp.min.js /home/ec2-user/HMH-SERVER/HMH/www_dir/static/drf-yasg/README /home/ec2-user/HMH-SERVER/HMH/www_dir/static/drf-yasg/immutable.js /home/ec2-user/HMH-SERVER/HMH/www_dir/static/drf-yasg/immutable.min.js /home/ec2-user/HMH-SERVER/HMH/www_dir/static/drf-yasg/insQ.js /home/ec2-user/HMH-SERVER/HMH/www_dir/static/drf-yasg/insQ.min.js /home/ec2-user/HMH-SERVER/HMH/www_dir/static/drf-yasg/redoc-init.js /home/ec2-user/HMH-SERVER/HMH/www_dir/static/drf-yasg/redoc-old/LICENSE /home/ec2-user/HMH-SERVER/HMH/www_dir/static/drf-yasg/redoc-old/redoc.min.js /home/ec2-user/HMH-SERVER/HMH/www_dir/static/drf-yasg/redoc-old/redoc.min.js.map /home/ec2-user/HMH-SERVER/HMH/www_dir/static/drf-yasg/redoc/LICENSE /home/ec2-user/HMH-SERVER/HMH/www_dir/static/drf-yasg/redoc/redoc-logo.png /home/ec2-user/HMH-SERVER/HMH/www_dir/static/drf-yasg/redoc/redoc.min.js /home/ec2-user/HMH-SERVER/HMH/www_dir/static/drf-yasg/redoc/redoc.standalone.js.map /home/ec2-user/HMH-SERVER/HMH/www_dir/static/drf-yasg/style.css /home/ec2-user/HMH-SERVER/HMH/www_dir/static/drf-yasg/swagger-ui-dist/LICENSE /home/ec2-user/HMH-SERVER/HMH/www_dir/static/drf-yasg/swagger-ui-dist/NOTICE /home/ec2-user/HMH-SERVER/HMH/www_dir/static/drf-yasg/swagger-ui-dist/absolute-path.js /home/ec2-user/HMH-SERVER/HMH/www_dir/static/drf-yasg/swagger-ui-dist/favicon-32x32.png /home/ec2-user/HMH-SERVER/HMH/www_dir/static/drf-yasg/swagger-ui-dist/index.css /home/ec2-user/HMH-SERVER/HMH/www_dir/static/drf-yasg/swagger-ui-dist/index.js /home/ec2-user/HMH-SERVER/HMH/www_dir/static/drf-yasg/swagger-ui-dist/oauth2-redirect.html /home/ec2-user/HMH-SERVER/HMH/www_dir/static/drf-yasg/swagger-ui-dist/swagger-initializer.js /home/ec2-user/HMH-SERVER/HMH/www_dir/static/drf-yasg/swagger-ui-dist/swagger-ui-bundle.js /home/ec2-user/HMH-SERVER/HMH/www_dir/static/drf-yasg/swagger-ui-dist/swagger-ui-bundle.js.map /home/ec2-user/HMH-SERVER/HMH/www_dir/static/drf-yasg/swagger-ui-dist/swagger-ui-es-bundle-core.js /home/ec2-user/HMH-SERVER/HMH/www_dir/static/drf-yasg/swagger-ui-dist/swagger-ui-es-bundle-core.js.map /home/ec2-user/HMH-SERVER/HMH/www_dir/static/drf-yasg/swagger-ui-dist/swagger-ui-es-bundle.js /home/ec2-user/HMH-SERVER/HMH/www_dir/static/drf-yasg/swagger-ui-dist/swagger-ui-es-bundle.js.map /home/ec2-user/HMH-SERVER/HMH/www_dir/static/drf-yasg/swagger-ui-dist/swagger-ui-standalone-preset.js /home/ec2-user/HMH-SERVER/HMH/www_dir/static/drf-yasg/swagger-ui-dist/swagger-ui-standalone-preset.js.map /home/ec2-user/HMH-SERVER/HMH/www_dir/static/drf-yasg/swagger-ui-dist/swagger-ui.css /home/ec2-user/HMH-SERVER/HMH/www_dir/static/drf-yasg/swagger-ui-dist/swagger-ui.css.map /home/ec2-user/HMH-SERVER/HMH/www_dir/static/drf-yasg/swagger-ui-dist/swagger-ui.js.map /home/ec2-user/HMH-SERVER/HMH/www_dir/static/drf-yasg/swagger-ui-init.js /home/ec2-user/HMH-SERVER/HMH/www_dir/static/rest_framework/css/bootstrap-theme.min.css /home/ec2-user/HMH-SERVER/HMH/www_dir/static/rest_framework/css/bootstrap-theme.min.css.map /home/ec2-user/HMH-SERVER/HMH/www_dir/static/rest_framework/css/bootstrap-tweaks.css /home/ec2-user/HMH-SERVER/HMH/www_dir/static/rest_framework/css/bootstrap.min.css /home/ec2-user/HMH-SERVER/HMH/www_dir/static/rest_framework/css/bootstrap.min.css.map /home/ec2-user/HMH-SERVER/HMH/www_dir/static/rest_framework/css/default.css /home/ec2-user/HMH-SERVER/HMH/www_dir/static/rest_framework/css/font-awesome-4.0.3.css /home/ec2-user/HMH-SERVER/HMH/www_dir/static/rest_framework/css/prettify.css /home/ec2-user/HMH-SERVER/HMH/www_dir/static/rest_framework/docs/css/base.css /home/ec2-user/HMH-SERVER/HMH/www_dir/static/rest_framework/docs/css/highlight.css /home/ec2-user/HMH-SERVER/HMH/www_dir/static/rest_framework/docs/css/jquery.json-view.min.css /home/ec2-user/HMH-SERVER/HMH/www_dir/static/rest_framework/docs/img/favicon.ico /home/ec2-user/HMH-SERVER/HMH/www_dir/static/rest_framework/docs/img/grid.png /home/ec2-user/HMH-SERVER/HMH/www_dir/static/rest_framework/docs/js/api.js /home/ec2-user/HMH-SERVER/HMH/www_dir/static/rest_framework/docs/js/highlight.pack.js /home/ec2-user/HMH-SERVER/HMH/www_dir/static/rest_framework/docs/js/jquery.json-view.min.js /home/ec2-user/HMH-SERVER/HMH/www_dir/static/rest_framework/fonts/fontawesome-webfont.eot /home/ec2-user/HMH-SERVER/HMH/www_dir/static/rest_framework/fonts/fontawesome-webfont.svg /home/ec2-user/HMH-SERVER/HMH/www_dir/static/rest_framework/fonts/fontawesome-webfont.ttf /home/ec2-user/HMH-SERVER/HMH/www_dir/static/rest_framework/fonts/fontawesome-webfont.woff /home/ec2-user/HMH-SERVER/HMH/www_dir/static/rest_framework/fonts/glyphicons-halflings-regular.eot /home/ec2-user/HMH-SERVER/HMH/www_dir/static/rest_framework/fonts/glyphicons-halflings-regular.svg /home/ec2-user/HMH-SERVER/HMH/www_dir/static/rest_framework/fonts/glyphicons-halflings-regular.ttf /home/ec2-user/HMH-SERVER/HMH/www_dir/static/rest_framework/fonts/glyphicons-halflings-regular.woff /home/ec2-user/HMH-SERVER/HMH/www_dir/static/rest_framework/fonts/glyphicons-halflings-regular.woff2 /home/ec2-user/HMH-SERVER/HMH/www_dir/static/rest_framework/img/glyphicons-halflings-white.png /home/ec2-user/HMH-SERVER/HMH/www_dir/static/rest_framework/img/glyphicons-halflings.png /home/ec2-user/HMH-SERVER/HMH/www_dir/static/rest_framework/img/grid.png /home/ec2-user/HMH-SERVER/HMH/www_dir/static/rest_framework/js/ajax-form.js /home/ec2-user/HMH-SERVER/HMH/www_dir/static/rest_framework/js/bootstrap.min.js /home/ec2-user/HMH-SERVER/HMH/www_dir/static/rest_framework/js/coreapi-0.1.1.js /home/ec2-user/HMH-SERVER/HMH/www_dir/static/rest_framework/js/csrf.js /home/ec2-user/HMH-SERVER/HMH/www_dir/static/rest_framework/js/default.js /home/ec2-user/HMH-SERVER/HMH/www_dir/static/rest_framework/js/jquery-3.7.1.min.js /home/ec2-user/HMH-SERVER/HMH/www_dir/static/rest_framework/js/load-ajax-form.js /home/ec2-user/HMH-SERVER/HMH/www_dir/static/rest_framework/js/prettify-min.js [6ms]
2024-10-15 06:43:17.742 [info] error: insufficient permission for adding an object to repository database .git/objects
error: HMH/events/__pycache__/models.cpython-39.pyc: failed to insert into database
error: unable to index file 'HMH/events/__pycache__/models.cpython-39.pyc'
fatal: adding files failed
2024-10-15 06:43:17.752 [info] > git config --get commit.template [5ms]
2024-10-15 06:43:17.754 [info] > git for-each-ref --format=%(refname)%00%(upstream:short)%00%(objectname)%00%(upstream:track)%00%(upstream:remotename)%00%(upstream:remoteref) refs/heads/swagger refs/remotes/swagger [2ms]
2024-10-15 06:43:17.760 [info] > git status -z -uall [3ms]
2024-10-15 06:44:36.423 [info] > git rev-parse --show-toplevel [2ms]
2024-10-15 06:44:36.429 [info] > git rev-parse --git-dir --git-common-dir [3ms]
2024-10-15 06:44:36.436 [info] Open repository: /home/ec2-user
2024-10-15 06:44:36.447 [info] > git config --get commit.template [6ms]
2024-10-15 06:44:36.448 [info] > git for-each-ref --format=%(refname)%00%(upstream:short)%00%(objectname)%00%(upstream:track)%00%(upstream:remotename)%00%(upstream:remoteref) refs/heads/master refs/remotes/master [3ms]
2024-10-15 06:44:36.813 [info] > git show --textconv :.gitconfig [9ms]
2024-10-15 06:44:36.815 [info] > git ls-files --stage -- /home/ec2-user/.gitconfig [6ms]
2024-10-15 06:44:37.066 [info] > git check-ignore -v -z --stdin [5ms]
2024-10-15 06:44:37.068 [info] > git check-ignore -v -z --stdin [3ms]
2024-10-15 06:44:37.574 [info] > git status -z -uall [1123ms] (cancelled)
2024-10-15 06:44:38.184 [info] > git check-ignore -v -z --stdin [2ms]
2024-10-15 06:44:39.277 [info] > git check-ignore -v -z --stdin [2ms]
2024-10-15 06:44:48.612 [info] > git config --get commit.template [117ms]
2024-10-15 06:44:48.613 [info] > git for-each-ref --format=%(refname)%00%(upstream:short)%00%(objectname)%00%(upstream:track)%00%(upstream:remotename)%00%(upstream:remoteref) refs/heads/master refs/remotes/master [46ms]
2024-10-15 06:44:49.905 [info] > git status -z -uall [1275ms] (cancelled)
