2024-10-13 18:49:10.082 [info] Extension host with pid 10275 started
2024-10-13 18:49:10.132 [info] Lock '/home/ec2-user/.vscode-server/data/User/workspaceStorage/a5431d8de457aac0bf6f89dfb1b3a157/vscode.lock': Lock acquired.
2024-10-13 18:49:10.318 [info] ExtensionService#_doActivateExtension vscode.emmet, startup: false, activationEvent: 'onLanguage'
2024-10-13 18:49:10.319 [info] ExtensionService#_doActivateExtension vscode.git-base, startup: false, activationEvent: '*', root cause: vscode.git
2024-10-13 18:49:10.319 [info] ExtensionService#_doActivateExtension vscode.tunnel-forwarding, startup: false, activationEvent: 'onTunnel'
2024-10-13 18:49:10.788 [info] ExtensionService#_doActivateExtension vscode.git, startup: false, activationEvent: '*'
2024-10-13 18:49:10.788 [info] ExtensionService#_doActivateExtension vscode.github, startup: false, activationEvent: '*'
2024-10-13 18:49:11.737 [info] Eager extensions activated
2024-10-13 18:49:11.738 [info] ExtensionService#_doActivateExtension vscode.debug-auto-launch, startup: false, activationEvent: 'onStartupFinished'
2024-10-13 18:49:11.738 [info] ExtensionService#_doActivateExtension vscode.merge-conflict, startup: false, activationEvent: 'onStartupFinished'
2024-10-13 18:49:12.746 [error] Error: ENOENT: no such file or directory, scandir '/home/ec2-user/HMH'
2024-10-13 19:04:32.576 [info] ExtensionService#_doActivateExtension vscode.npm, startup: false, activationEvent: 'onTerminalQuickFixRequest:ms-vscode.npm-command'
2024-10-14 07:06:00.729 [warning] [Decorations] CAPPING events from decorations provider vscode.git 253
2024-10-14 07:07:17.379 [warning] [Decorations] CAPPING events from decorations provider vscode.git 253
2024-10-14 07:07:43.992 [warning] [Decorations] CAPPING events from decorations provider vscode.git 253
2024-10-14 07:15:36.624 [warning] [Decorations] CAPPING events from decorations provider vscode.git 254
2024-10-14 07:15:41.696 [warning] [Decorations] CAPPING events from decorations provider vscode.git 253
2024-10-14 07:15:49.272 [warning] [Decorations] CAPPING events from decorations provider vscode.git 253
2024-10-14 07:16:33.338 [warning] [Decorations] CAPPING events from decorations provider vscode.git 253
2024-10-14 07:29:28.968 [warning] [Decorations] CAPPING events from decorations provider vscode.git 254
2024-10-14 07:29:42.612 [warning] [Decorations] CAPPING events from decorations provider vscode.git 254
2024-10-14 07:29:47.703 [warning] [Decorations] CAPPING events from decorations provider vscode.git 254
2024-10-14 07:29:56.130 [warning] [Decorations] CAPPING events from decorations provider vscode.git 254
2024-10-14 07:30:14.573 [warning] [Decorations] CAPPING events from decorations provider vscode.git 254
2024-10-14 07:30:42.503 [warning] [Decorations] CAPPING events from decorations provider vscode.git 254
2024-10-14 07:31:00.628 [warning] [Decorations] CAPPING events from decorations provider vscode.git 254
2024-10-14 07:36:24.607 [warning] [Decorations] CAPPING events from decorations provider vscode.git 254
2024-10-14 07:36:32.954 [warning] [Decorations] CAPPING events from decorations provider vscode.git 254
2024-10-14 07:36:38.898 [warning] [Decorations] CAPPING events from decorations provider vscode.git 254
2024-10-14 07:38:26.073 [warning] [Decorations] CAPPING events from decorations provider vscode.git 254
2024-10-14 07:42:06.969 [info] ExtensionService#_doActivateExtension vscode.extension-editing, startup: false, activationEvent: 'onLanguage:markdown'
2024-10-14 07:42:06.972 [info] ExtensionService#_doActivateExtension vscode.markdown-language-features, startup: false, activationEvent: 'onLanguage:markdown'
2024-10-14 07:46:24.803 [warning] [Decorations] CAPPING events from decorations provider vscode.git 255
2024-10-14 07:46:31.574 [warning] [Decorations] CAPPING events from decorations provider vscode.git 255
2024-10-14 07:47:44.838 [warning] [Decorations] CAPPING events from decorations provider vscode.git 254
2024-10-14 09:12:18.455 [info] Extension host terminating: renderer disconnected for too long (2)
2024-10-14 09:12:18.458 [info] Lock '/home/ec2-user/.vscode-server/data/User/workspaceStorage/a5431d8de457aac0bf6f89dfb1b3a157/vscode.lock': Marking the lockfile as scheduled to be released in 6000 ms.
2024-10-14 09:12:18.493 [error] Canceled: Canceled
	at new m (/home/ec2-user/.vscode-server/bin/e7e037083ff4455cf320e344325dacb480062c3c/out/vs/workbench/api/node/extensionHostProcess.js:126:57216)
	at i.U (/home/ec2-user/.vscode-server/bin/e7e037083ff4455cf320e344325dacb480062c3c/out/vs/workbench/api/node/extensionHostProcess.js:135:10864)
	at M.<computed>.j.charCodeAt.M.<computed> (/home/ec2-user/.vscode-server/bin/e7e037083ff4455cf320e344325dacb480062c3c/out/vs/workbench/api/node/extensionHostProcess.js:135:8315)
	at n.g (/home/ec2-user/.vscode-server/bin/e7e037083ff4455cf320e344325dacb480062c3c/out/vs/workbench/api/node/extensionHostProcess.js:126:83747)
	at n.executeCommand (/home/ec2-user/.vscode-server/bin/e7e037083ff4455cf320e344325dacb480062c3c/out/vs/workbench/api/node/extensionHostProcess.js:126:83185)
	at b.registerCommand.description (/home/ec2-user/.vscode-server/bin/e7e037083ff4455cf320e344325dacb480062c3c/out/vs/workbench/api/node/extensionHostProcess.js:126:82506)
	at n.h (/home/ec2-user/.vscode-server/bin/e7e037083ff4455cf320e344325dacb480062c3c/out/vs/workbench/api/node/extensionHostProcess.js:126:84283)
	at n.g (/home/ec2-user/.vscode-server/bin/e7e037083ff4455cf320e344325dacb480062c3c/out/vs/workbench/api/node/extensionHostProcess.js:126:83278)
	at n.executeCommand (/home/ec2-user/.vscode-server/bin/e7e037083ff4455cf320e344325dacb480062c3c/out/vs/workbench/api/node/extensionHostProcess.js:126:83185)
	at Object.executeCommand (/home/ec2-user/.vscode-server/bin/e7e037083ff4455cf320e344325dacb480062c3c/out/vs/workbench/api/node/extensionHostProcess.js:141:21282)
	at s.D [as value] (/home/ec2-user/.vscode-server/bin/e7e037083ff4455cf320e344325dacb480062c3c/extensions/git/dist/main.js:2:1312800)
	at c.z (/home/ec2-user/.vscode-server/bin/e7e037083ff4455cf320e344325dacb480062c3c/out/vs/workbench/api/node/extensionHostProcess.js:80:1902)
	at c.A (/home/ec2-user/.vscode-server/bin/e7e037083ff4455cf320e344325dacb480062c3c/out/vs/workbench/api/node/extensionHostProcess.js:80:1972)
	at c.fire (/home/ec2-user/.vscode-server/bin/e7e037083ff4455cf320e344325dacb480062c3c/out/vs/workbench/api/node/extensionHostProcess.js:80:2188)
	at Object.m [as dispose] (/home/ec2-user/.vscode-server/bin/e7e037083ff4455cf320e344325dacb480062c3c/extensions/git/dist/main.js:2:1328588)
	at /home/ec2-user/.vscode-server/bin/e7e037083ff4455cf320e344325dacb480062c3c/extensions/git/dist/main.js:2:1333429
	at Array.forEach (<anonymous>)
	at g.dispose (/home/ec2-user/.vscode-server/bin/e7e037083ff4455cf320e344325dacb480062c3c/extensions/git/dist/main.js:2:1333415)
	at w.<anonymous> (/home/ec2-user/.vscode-server/bin/e7e037083ff4455cf320e344325dacb480062c3c/out/vs/workbench/api/node/extensionHostProcess.js:122:3521)
	at w.dispose (/home/ec2-user/.vscode-server/bin/e7e037083ff4455cf320e344325dacb480062c3c/out/vs/workbench/api/node/extensionHostProcess.js:122:3618)
	at w.<anonymous> (/home/ec2-user/.vscode-server/bin/e7e037083ff4455cf320e344325dacb480062c3c/extensions/git/dist/main.js:2:1314812)
	at w.dispose (/home/ec2-user/.vscode-server/bin/e7e037083ff4455cf320e344325dacb480062c3c/out/vs/workbench/api/node/extensionHostProcess.js:122:3618)
	at o (/home/ec2-user/.vscode-server/bin/e7e037083ff4455cf320e344325dacb480062c3c/out/vs/workbench/api/node/extensionHostProcess.js:30:754)
	at s.cb (/home/ec2-user/.vscode-server/bin/e7e037083ff4455cf320e344325dacb480062c3c/out/vs/workbench/api/node/extensionHostProcess.js:137:9846)
	at /home/ec2-user/.vscode-server/bin/e7e037083ff4455cf320e344325dacb480062c3c/out/vs/workbench/api/node/extensionHostProcess.js:137:7796
	at Array.map (<anonymous>)
	at s.Y (/home/ec2-user/.vscode-server/bin/e7e037083ff4455cf320e344325dacb480062c3c/out/vs/workbench/api/node/extensionHostProcess.js:137:7784)
	at s.terminate (/home/ec2-user/.vscode-server/bin/e7e037083ff4455cf320e344325dacb480062c3c/out/vs/workbench/api/node/extensionHostProcess.js:137:8054)
	at o.terminate (/home/ec2-user/.vscode-server/bin/e7e037083ff4455cf320e344325dacb480062c3c/out/vs/workbench/api/node/extensionHostProcess.js:141:1513)
	at l (/home/ec2-user/.vscode-server/bin/e7e037083ff4455cf320e344325dacb480062c3c/out/vs/workbench/api/node/extensionHostProcess.js:154:9801)
	at j.a (/home/ec2-user/.vscode-server/bin/e7e037083ff4455cf320e344325dacb480062c3c/out/vs/workbench/api/node/extensionHostProcess.js:154:6594)
	at j.h (/home/ec2-user/.vscode-server/bin/e7e037083ff4455cf320e344325dacb480062c3c/out/vs/workbench/api/node/extensionHostProcess.js:90:19695)
	at listOnTimeout (node:internal/timers:569:17)
	at process.processTimers (node:internal/timers:512:7) setContext undefined
2024-10-14 09:12:18.494 [error] Canceled: Canceled
	at new m (/home/ec2-user/.vscode-server/bin/e7e037083ff4455cf320e344325dacb480062c3c/out/vs/workbench/api/node/extensionHostProcess.js:126:57216)
	at i.U (/home/ec2-user/.vscode-server/bin/e7e037083ff4455cf320e344325dacb480062c3c/out/vs/workbench/api/node/extensionHostProcess.js:135:10864)
	at M.<computed>.j.charCodeAt.M.<computed> (/home/ec2-user/.vscode-server/bin/e7e037083ff4455cf320e344325dacb480062c3c/out/vs/workbench/api/node/extensionHostProcess.js:135:8315)
	at n.g (/home/ec2-user/.vscode-server/bin/e7e037083ff4455cf320e344325dacb480062c3c/out/vs/workbench/api/node/extensionHostProcess.js:126:83747)
	at n.executeCommand (/home/ec2-user/.vscode-server/bin/e7e037083ff4455cf320e344325dacb480062c3c/out/vs/workbench/api/node/extensionHostProcess.js:126:83185)
	at b.registerCommand.description (/home/ec2-user/.vscode-server/bin/e7e037083ff4455cf320e344325dacb480062c3c/out/vs/workbench/api/node/extensionHostProcess.js:126:82506)
	at n.h (/home/ec2-user/.vscode-server/bin/e7e037083ff4455cf320e344325dacb480062c3c/out/vs/workbench/api/node/extensionHostProcess.js:126:84283)
	at n.g (/home/ec2-user/.vscode-server/bin/e7e037083ff4455cf320e344325dacb480062c3c/out/vs/workbench/api/node/extensionHostProcess.js:126:83278)
	at n.executeCommand (/home/ec2-user/.vscode-server/bin/e7e037083ff4455cf320e344325dacb480062c3c/out/vs/workbench/api/node/extensionHostProcess.js:126:83185)
	at Object.executeCommand (/home/ec2-user/.vscode-server/bin/e7e037083ff4455cf320e344325dacb480062c3c/out/vs/workbench/api/node/extensionHostProcess.js:141:21282)
	at set b [as b] (/home/ec2-user/.vscode-server/bin/e7e037083ff4455cf320e344325dacb480062c3c/extensions/github/dist/extension.js:2:714415)
	at /home/ec2-user/.vscode-server/bin/e7e037083ff4455cf320e344325dacb480062c3c/extensions/github/dist/extension.js:2:715056
	at s.value (/home/ec2-user/.vscode-server/bin/e7e037083ff4455cf320e344325dacb480062c3c/extensions/git/dist/main.js:2:1402040)
	at c.z (/home/ec2-user/.vscode-server/bin/e7e037083ff4455cf320e344325dacb480062c3c/out/vs/workbench/api/node/extensionHostProcess.js:80:1902)
	at c.A (/home/ec2-user/.vscode-server/bin/e7e037083ff4455cf320e344325dacb480062c3c/out/vs/workbench/api/node/extensionHostProcess.js:80:1972)
	at c.fire (/home/ec2-user/.vscode-server/bin/e7e037083ff4455cf320e344325dacb480062c3c/out/vs/workbench/api/node/extensionHostProcess.js:80:2188)
	at Object.m [as dispose] (/home/ec2-user/.vscode-server/bin/e7e037083ff4455cf320e344325dacb480062c3c/extensions/git/dist/main.js:2:1328588)
	at /home/ec2-user/.vscode-server/bin/e7e037083ff4455cf320e344325dacb480062c3c/extensions/git/dist/main.js:2:1333429
	at Array.forEach (<anonymous>)
	at g.dispose (/home/ec2-user/.vscode-server/bin/e7e037083ff4455cf320e344325dacb480062c3c/extensions/git/dist/main.js:2:1333415)
	at w.<anonymous> (/home/ec2-user/.vscode-server/bin/e7e037083ff4455cf320e344325dacb480062c3c/out/vs/workbench/api/node/extensionHostProcess.js:122:3521)
	at w.dispose (/home/ec2-user/.vscode-server/bin/e7e037083ff4455cf320e344325dacb480062c3c/out/vs/workbench/api/node/extensionHostProcess.js:122:3618)
	at w.<anonymous> (/home/ec2-user/.vscode-server/bin/e7e037083ff4455cf320e344325dacb480062c3c/extensions/git/dist/main.js:2:1314812)
	at w.dispose (/home/ec2-user/.vscode-server/bin/e7e037083ff4455cf320e344325dacb480062c3c/out/vs/workbench/api/node/extensionHostProcess.js:122:3618)
	at o (/home/ec2-user/.vscode-server/bin/e7e037083ff4455cf320e344325dacb480062c3c/out/vs/workbench/api/node/extensionHostProcess.js:30:754)
	at s.cb (/home/ec2-user/.vscode-server/bin/e7e037083ff4455cf320e344325dacb480062c3c/out/vs/workbench/api/node/extensionHostProcess.js:137:9846)
	at /home/ec2-user/.vscode-server/bin/e7e037083ff4455cf320e344325dacb480062c3c/out/vs/workbench/api/node/extensionHostProcess.js:137:7796
	at Array.map (<anonymous>)
	at s.Y (/home/ec2-user/.vscode-server/bin/e7e037083ff4455cf320e344325dacb480062c3c/out/vs/workbench/api/node/extensionHostProcess.js:137:7784)
	at s.terminate (/home/ec2-user/.vscode-server/bin/e7e037083ff4455cf320e344325dacb480062c3c/out/vs/workbench/api/node/extensionHostProcess.js:137:8054)
	at o.terminate (/home/ec2-user/.vscode-server/bin/e7e037083ff4455cf320e344325dacb480062c3c/out/vs/workbench/api/node/extensionHostProcess.js:141:1513)
	at l (/home/ec2-user/.vscode-server/bin/e7e037083ff4455cf320e344325dacb480062c3c/out/vs/workbench/api/node/extensionHostProcess.js:154:9801)
	at j.a (/home/ec2-user/.vscode-server/bin/e7e037083ff4455cf320e344325dacb480062c3c/out/vs/workbench/api/node/extensionHostProcess.js:154:6594)
	at j.h (/home/ec2-user/.vscode-server/bin/e7e037083ff4455cf320e344325dacb480062c3c/out/vs/workbench/api/node/extensionHostProcess.js:90:19695)
	at listOnTimeout (node:internal/timers:569:17)
	at process.processTimers (node:internal/timers:512:7) setContext undefined
2024-10-14 09:12:18.494 [info] Extension host with pid 10275 exiting with code 0
