2024-10-13 14:31:24.188 [info] 로그 수준: Info
2024-10-13 14:31:24.188 [info] "git"에서 찾은 git 유효성을 검사하는 중
2024-10-13 14:31:24.188 [info] "2.40.1"에서 git "git"을(를) 사용하는 중
2024-10-13 14:31:24.188 [warning] Failed to get repository realpath for: "/home/ec2-user/HMH". Error: ENOENT: no such file or directory, realpath '/home/ec2-user/HMH'
2024-10-13 14:31:24.188 [info] > git rev-parse --show-toplevel [11ms]
2024-10-13 14:31:24.188 [info] fatal: not a git repository (or any of the parent directories): .git
2024-10-13 14:31:24.188 [info] > git rev-parse --show-toplevel [16ms]
2024-10-13 14:31:24.205 [info] > git rev-parse --git-dir --git-common-dir [9ms]
2024-10-13 14:31:24.231 [info] Open repository: /home/ec2-user/HMH-SERVER
2024-10-13 14:31:24.303 [info] > git rev-parse --show-toplevel [2ms]
2024-10-13 14:31:24.303 [info] fatal: not a git repository (or any of the parent directories): .git
2024-10-13 14:31:24.306 [info] > git config --get commit.template [16ms]
2024-10-13 14:31:24.362 [info] > git for-each-ref --format=%(refname)%00%(upstream:short)%00%(objectname)%00%(upstream:track)%00%(upstream:remotename)%00%(upstream:remoteref) refs/heads/swagger refs/remotes/swagger [28ms]
2024-10-13 14:31:24.403 [info] > git rev-parse --show-toplevel [81ms]
2024-10-13 14:31:24.403 [info] fatal: not a git repository (or any of the parent directories): .git
2024-10-13 14:31:24.439 [info] > git status -z -uall [37ms]
2024-10-13 14:31:24.439 [info] > git rev-parse --show-toplevel [19ms]
2024-10-13 14:31:24.439 [info] fatal: not a git repository (or any of the parent directories): .git
2024-10-13 14:31:24.478 [info] > git rev-parse --show-toplevel [14ms]
2024-10-13 14:31:24.478 [info] fatal: not a git repository (or any of the parent directories): .git
2024-10-13 14:31:24.478 [info] > git config --get commit.template [6ms]
2024-10-13 14:31:24.482 [info] > git for-each-ref --format=%(refname)%00%(upstream:short)%00%(objectname)%00%(upstream:track)%00%(upstream:remotename)%00%(upstream:remoteref) refs/heads/swagger refs/remotes/swagger [5ms]
2024-10-13 14:31:24.495 [info] > git status -z -uall [3ms]
2024-10-13 14:31:24.954 [info] > git check-ignore -v -z --stdin [9ms]
2024-10-13 14:31:25.615 [info] > git check-ignore -v -z --stdin [9ms]
2024-10-13 14:31:26.477 [info] > git show --textconv :HMH/accounts/serializers.py [11ms]
2024-10-13 14:31:26.480 [info] > git ls-files --stage -- /home/ec2-user/HMH-SERVER/HMH/accounts/serializers.py [4ms]
2024-10-13 14:31:26.777 [info] > git check-ignore -v -z --stdin [5ms]
2024-10-13 14:35:25.928 [info] > git check-ignore -v -z --stdin [32ms]
2024-10-13 14:35:29.513 [info] > git ls-files --stage -- /home/ec2-user/HMH-SERVER/HMH/accounts/apps.py [2ms]
2024-10-13 14:35:29.516 [info] > git show --textconv :HMH/accounts/apps.py [9ms]
2024-10-13 14:35:30.856 [info] > git show --textconv :HMH/accounts/__init__.py [4ms]
2024-10-13 14:35:30.858 [info] > git ls-files --stage -- /home/ec2-user/HMH-SERVER/HMH/accounts/__init__.py [2ms]
2024-10-13 14:35:32.945 [info] > git check-ignore -v -z --stdin [2ms]
2024-10-13 14:35:33.851 [info] > git show --textconv :HMH/accounts/migrations/__init__.py [4ms]
2024-10-13 14:35:33.853 [info] > git ls-files --stage -- /home/ec2-user/HMH-SERVER/HMH/accounts/migrations/__init__.py [3ms]
2024-10-13 14:35:34.911 [info] > git show --textconv :HMH/accounts/migrations/0001_initial.py [4ms]
2024-10-13 14:35:34.914 [info] > git ls-files --stage -- /home/ec2-user/HMH-SERVER/HMH/accounts/migrations/0001_initial.py [2ms]
2024-10-13 14:35:41.507 [info] > git show --textconv :HMH/accounts/managers.py [4ms]
2024-10-13 14:35:41.509 [info] > git ls-files --stage -- /home/ec2-user/HMH-SERVER/HMH/accounts/managers.py [3ms]
2024-10-13 14:35:44.581 [info] > git show --textconv :HMH/accounts/models.py [4ms]
2024-10-13 14:35:44.583 [info] > git ls-files --stage -- /home/ec2-user/HMH-SERVER/HMH/accounts/models.py [2ms]
2024-10-13 14:35:45.092 [info] > git show --textconv :HMH/accounts/serializers.py [5ms]
2024-10-13 14:35:45.094 [info] > git ls-files --stage -- /home/ec2-user/HMH-SERVER/HMH/accounts/serializers.py [3ms]
2024-10-13 14:35:55.349 [info] > git config --get commit.template [4ms]
2024-10-13 14:35:55.358 [info] > git for-each-ref --format=%(refname)%00%(upstream:short)%00%(objectname)%00%(upstream:track)%00%(upstream:remotename)%00%(upstream:remoteref) refs/heads/swagger refs/remotes/swagger [10ms]
2024-10-13 14:35:55.369 [info] > git status -z -uall [4ms]
2024-10-13 14:36:11.064 [info] > git config --get commit.template [4ms]
2024-10-13 14:36:11.066 [info] > git for-each-ref --format=%(refname)%00%(upstream:short)%00%(objectname)%00%(upstream:track)%00%(upstream:remotename)%00%(upstream:remoteref) refs/heads/swagger refs/remotes/swagger [2ms]
2024-10-13 14:36:11.070 [info] > git status -z -uall [2ms]
2024-10-13 14:36:17.259 [info] > git check-ignore -v -z --stdin [2ms]
2024-10-13 14:37:20.321 [info] > git rev-parse --show-toplevel [3ms]
2024-10-13 14:37:20.322 [info] fatal: not a git repository (or any of the parent directories): .git
2024-10-13 14:43:19.244 [info] > git config --get commit.template [4ms]
2024-10-13 14:43:19.246 [info] > git for-each-ref --format=%(refname)%00%(upstream:short)%00%(objectname)%00%(upstream:track)%00%(upstream:remotename)%00%(upstream:remoteref) refs/heads/swagger refs/remotes/swagger [2ms]
2024-10-13 14:43:19.250 [info] > git status -z -uall [2ms]
2024-10-13 14:43:23.689 [info] > git check-ignore -v -z --stdin [2ms]
2024-10-13 14:43:24.889 [info] > git check-ignore -v -z --stdin [1ms]
2024-10-13 14:43:27.620 [info] > git check-ignore -v -z --stdin [2ms]
2024-10-13 14:44:03.517 [info] > git show --textconv :HMH/accounts/models.py [5ms]
2024-10-13 14:44:03.519 [info] > git ls-files --stage -- /home/ec2-user/HMH-SERVER/HMH/accounts/models.py [3ms]
2024-10-13 14:44:17.112 [info] > git show --textconv :HMH/events/models.py [5ms]
2024-10-13 14:44:17.114 [info] > git ls-files --stage -- /home/ec2-user/HMH-SERVER/HMH/events/models.py [3ms]
2024-10-13 14:44:25.820 [info] > git config --get commit.template [5ms]
2024-10-13 14:44:25.821 [info] > git for-each-ref --format=%(refname)%00%(upstream:short)%00%(objectname)%00%(upstream:track)%00%(upstream:remotename)%00%(upstream:remoteref) refs/heads/swagger refs/remotes/swagger [2ms]
2024-10-13 14:44:25.826 [info] > git status -z -uall [2ms]
2024-10-13 14:44:52.512 [info] > git show --textconv :HMH/events/serializers.py [4ms]
2024-10-13 14:44:52.516 [info] > git ls-files --stage -- /home/ec2-user/HMH-SERVER/HMH/events/serializers.py [5ms]
2024-10-13 14:44:52.731 [info] > git check-ignore -v -z --stdin [2ms]
2024-10-13 14:44:54.688 [info] > git config --get commit.template [5ms]
2024-10-13 14:44:54.689 [info] > git for-each-ref --format=%(refname)%00%(upstream:short)%00%(objectname)%00%(upstream:track)%00%(upstream:remotename)%00%(upstream:remoteref) refs/heads/swagger refs/remotes/swagger [2ms]
2024-10-13 14:44:54.693 [info] > git status -z -uall [2ms]
2024-10-13 14:46:14.012 [info] > git show --textconv :HMH/events/models.py [4ms]
2024-10-13 14:46:14.014 [info] > git ls-files --stage -- /home/ec2-user/HMH-SERVER/HMH/events/models.py [3ms]
2024-10-13 14:47:00.595 [info] > git config --get commit.template [4ms]
2024-10-13 14:47:00.597 [info] > git for-each-ref --format=%(refname)%00%(upstream:short)%00%(objectname)%00%(upstream:track)%00%(upstream:remotename)%00%(upstream:remoteref) refs/heads/swagger refs/remotes/swagger [2ms]
2024-10-13 14:47:00.601 [info] > git status -z -uall [2ms]
2024-10-13 14:47:02.017 [info] > git show --textconv :HMH/events/serializers.py [4ms]
2024-10-13 14:47:02.019 [info] > git ls-files --stage -- /home/ec2-user/HMH-SERVER/HMH/events/serializers.py [3ms]
2024-10-13 14:47:33.932 [info] > git config --get commit.template [4ms]
2024-10-13 14:47:33.933 [info] > git for-each-ref --format=%(refname)%00%(upstream:short)%00%(objectname)%00%(upstream:track)%00%(upstream:remotename)%00%(upstream:remoteref) refs/heads/swagger refs/remotes/swagger [2ms]
2024-10-13 14:47:33.938 [info] > git status -z -uall [2ms]
2024-10-13 14:47:37.911 [info] > git show --textconv :HMH/events/views.py [4ms]
2024-10-13 14:47:37.913 [info] > git ls-files --stage -- /home/ec2-user/HMH-SERVER/HMH/events/views.py [3ms]
2024-10-13 14:48:03.400 [info] > git config --get commit.template [5ms]
2024-10-13 14:48:03.401 [info] > git for-each-ref --format=%(refname)%00%(upstream:short)%00%(objectname)%00%(upstream:track)%00%(upstream:remotename)%00%(upstream:remoteref) refs/heads/swagger refs/remotes/swagger [2ms]
2024-10-13 14:48:03.406 [info] > git status -z -uall [2ms]
2024-10-13 14:48:25.141 [info] > git show --textconv :HMH/events/urls.py [4ms]
2024-10-13 14:48:25.143 [info] > git ls-files --stage -- /home/ec2-user/HMH-SERVER/HMH/events/urls.py [2ms]
2024-10-13 14:48:25.340 [info] > git check-ignore -v -z --stdin [2ms]
2024-10-13 14:48:25.846 [info] > git config --get commit.template [4ms]
2024-10-13 14:48:25.848 [info] > git for-each-ref --format=%(refname)%00%(upstream:short)%00%(objectname)%00%(upstream:track)%00%(upstream:remotename)%00%(upstream:remoteref) refs/heads/swagger refs/remotes/swagger [2ms]
2024-10-13 14:48:25.852 [info] > git status -z -uall [2ms]
2024-10-13 14:48:30.863 [info] > git config --get commit.template [4ms]
2024-10-13 14:48:30.864 [info] > git for-each-ref --format=%(refname)%00%(upstream:short)%00%(objectname)%00%(upstream:track)%00%(upstream:remotename)%00%(upstream:remoteref) refs/heads/swagger refs/remotes/swagger [2ms]
2024-10-13 14:48:30.868 [info] > git status -z -uall [2ms]
2024-10-13 14:49:13.071 [info] > git show --textconv :HMH/be/urls.py [4ms]
2024-10-13 14:49:13.073 [info] > git ls-files --stage -- /home/ec2-user/HMH-SERVER/HMH/be/urls.py [2ms]
2024-10-13 14:49:13.079 [info] > git cat-file -s 73e5f5a95b9754960565cd8e2d9b5a2726765c03 [1ms]
2024-10-13 14:50:23.368 [info] > git config --get commit.template [4ms]
2024-10-13 14:50:23.370 [info] > git for-each-ref --format=%(refname)%00%(upstream:short)%00%(objectname)%00%(upstream:track)%00%(upstream:remotename)%00%(upstream:remoteref) refs/heads/swagger refs/remotes/swagger [2ms]
2024-10-13 14:50:23.374 [info] > git status -z -uall [2ms]
2024-10-13 14:50:49.109 [info] > git config --get commit.template [4ms]
2024-10-13 14:50:49.111 [info] > git for-each-ref --format=%(refname)%00%(upstream:short)%00%(objectname)%00%(upstream:track)%00%(upstream:remotename)%00%(upstream:remoteref) refs/heads/swagger refs/remotes/swagger [2ms]
2024-10-13 14:50:49.115 [info] > git status -z -uall [2ms]
2024-10-13 14:50:52.016 [info] > git show --textconv :HMH/accounts/urls.py [4ms]
2024-10-13 14:50:52.018 [info] > git ls-files --stage -- /home/ec2-user/HMH-SERVER/HMH/accounts/urls.py [2ms]
2024-10-13 14:51:05.951 [info] > git show --textconv :HMH/events/urls.py [4ms]
2024-10-13 14:51:05.953 [info] > git ls-files --stage -- /home/ec2-user/HMH-SERVER/HMH/events/urls.py [3ms]
2024-10-13 14:51:12.177 [info] > git show --textconv :HMH/be/urls.py [4ms]
2024-10-13 14:51:12.179 [info] > git ls-files --stage -- /home/ec2-user/HMH-SERVER/HMH/be/urls.py [3ms]
2024-10-13 14:51:12.182 [info] > git cat-file -s 73e5f5a95b9754960565cd8e2d9b5a2726765c03 [1ms]
2024-10-13 14:51:14.944 [info] > git show --textconv :HMH/events/urls.py [5ms]
2024-10-13 14:51:14.947 [info] > git ls-files --stage -- /home/ec2-user/HMH-SERVER/HMH/events/urls.py [4ms]
2024-10-13 14:51:50.498 [info] > git config --get commit.template [5ms]
2024-10-13 14:51:50.499 [info] > git for-each-ref --format=%(refname)%00%(upstream:short)%00%(objectname)%00%(upstream:track)%00%(upstream:remotename)%00%(upstream:remoteref) refs/heads/swagger refs/remotes/swagger [2ms]
2024-10-13 14:51:50.503 [info] > git status -z -uall [2ms]
2024-10-13 14:51:54.401 [info] > git show --textconv :HMH/events/views.py [4ms]
2024-10-13 14:51:54.403 [info] > git ls-files --stage -- /home/ec2-user/HMH-SERVER/HMH/events/views.py [3ms]
2024-10-13 14:51:58.844 [info] > git config --get commit.template [4ms]
2024-10-13 14:51:58.845 [info] > git for-each-ref --format=%(refname)%00%(upstream:short)%00%(objectname)%00%(upstream:track)%00%(upstream:remotename)%00%(upstream:remoteref) refs/heads/swagger refs/remotes/swagger [2ms]
2024-10-13 14:51:58.849 [info] > git status -z -uall [1ms]
2024-10-13 14:51:59.377 [info] > git show --textconv :HMH/events/tests.py [5ms]
2024-10-13 14:51:59.378 [info] > git ls-files --stage -- /home/ec2-user/HMH-SERVER/HMH/events/tests.py [3ms]
2024-10-13 14:52:00.941 [info] > git show --textconv :HMH/events/serializers.py [4ms]
2024-10-13 14:52:00.943 [info] > git ls-files --stage -- /home/ec2-user/HMH-SERVER/HMH/events/serializers.py [2ms]
2024-10-13 14:52:09.383 [info] > git config --get commit.template [4ms]
2024-10-13 14:52:09.384 [info] > git for-each-ref --format=%(refname)%00%(upstream:short)%00%(objectname)%00%(upstream:track)%00%(upstream:remotename)%00%(upstream:remoteref) refs/heads/swagger refs/remotes/swagger [2ms]
2024-10-13 14:52:09.388 [info] > git status -z -uall [2ms]
2024-10-13 14:52:57.827 [info] > git show --textconv :HMH/events/models.py [5ms]
2024-10-13 14:52:57.829 [info] > git ls-files --stage -- /home/ec2-user/HMH-SERVER/HMH/events/models.py [3ms]
2024-10-13 14:53:05.393 [info] > git config --get commit.template [4ms]
2024-10-13 14:53:05.395 [info] > git for-each-ref --format=%(refname)%00%(upstream:short)%00%(objectname)%00%(upstream:track)%00%(upstream:remotename)%00%(upstream:remoteref) refs/heads/swagger refs/remotes/swagger [3ms]
2024-10-13 14:53:05.400 [info] > git status -z -uall [2ms]
2024-10-13 14:53:12.086 [info] > git show --textconv :HMH/accounts/managers.py [4ms]
2024-10-13 14:53:12.088 [info] > git ls-files --stage -- /home/ec2-user/HMH-SERVER/HMH/accounts/managers.py [2ms]
2024-10-13 14:53:42.767 [info] > git show --textconv :HMH/be/settings.py [5ms]
2024-10-13 14:53:42.769 [info] > git ls-files --stage -- /home/ec2-user/HMH-SERVER/HMH/be/settings.py [3ms]
2024-10-13 14:53:42.772 [info] > git cat-file -s 1e2a1b5f93f47ba0a4f1b78d9319d60efee6585c [1ms]
2024-10-13 14:54:03.809 [info] > git config --get commit.template [5ms]
2024-10-13 14:54:03.810 [info] > git for-each-ref --format=%(refname)%00%(upstream:short)%00%(objectname)%00%(upstream:track)%00%(upstream:remotename)%00%(upstream:remoteref) refs/heads/swagger refs/remotes/swagger [2ms]
2024-10-13 14:54:03.814 [info] > git status -z -uall [2ms]
2024-10-13 14:54:13.425 [info] > git check-ignore -v -z --stdin [2ms]
2024-10-13 14:54:13.612 [info] > git config --get commit.template [5ms]
2024-10-13 14:54:13.614 [info] > git for-each-ref --format=%(refname)%00%(upstream:short)%00%(objectname)%00%(upstream:track)%00%(upstream:remotename)%00%(upstream:remoteref) refs/heads/swagger refs/remotes/swagger [2ms]
2024-10-13 14:54:13.618 [info] > git status -z -uall [2ms]
2024-10-13 14:54:24.382 [info] > git show --textconv :HMH/be/urls.py [4ms]
2024-10-13 14:54:24.384 [info] > git ls-files --stage -- /home/ec2-user/HMH-SERVER/HMH/be/urls.py [3ms]
2024-10-13 14:54:24.387 [info] > git cat-file -s 73e5f5a95b9754960565cd8e2d9b5a2726765c03 [1ms]
2024-10-13 14:54:29.543 [info] > git config --get commit.template [5ms]
2024-10-13 14:54:29.544 [info] > git for-each-ref --format=%(refname)%00%(upstream:short)%00%(objectname)%00%(upstream:track)%00%(upstream:remotename)%00%(upstream:remoteref) refs/heads/swagger refs/remotes/swagger [2ms]
2024-10-13 14:54:29.549 [info] > git status -z -uall [2ms]
2024-10-13 14:54:37.494 [info] > git config --get commit.template [6ms]
2024-10-13 14:54:37.495 [info] > git for-each-ref --format=%(refname)%00%(upstream:short)%00%(objectname)%00%(upstream:track)%00%(upstream:remotename)%00%(upstream:remoteref) refs/heads/swagger refs/remotes/swagger [2ms]
2024-10-13 14:54:37.499 [info] > git status -z -uall [1ms]
2024-10-13 14:54:44.292 [info] > git show --textconv :HMH/events/models.py [5ms]
2024-10-13 14:54:44.294 [info] > git ls-files --stage -- /home/ec2-user/HMH-SERVER/HMH/events/models.py [2ms]
2024-10-13 14:54:50.331 [info] > git show --textconv :HMH/events/views.py [4ms]
2024-10-13 14:54:50.334 [info] > git ls-files --stage -- /home/ec2-user/HMH-SERVER/HMH/events/views.py [3ms]
2024-10-13 14:55:17.160 [info] > git config --get commit.template [5ms]
2024-10-13 14:55:17.162 [info] > git for-each-ref --format=%(refname)%00%(upstream:short)%00%(objectname)%00%(upstream:track)%00%(upstream:remotename)%00%(upstream:remoteref) refs/heads/swagger refs/remotes/swagger [3ms]
2024-10-13 14:55:17.166 [info] > git status -z -uall [2ms]
2024-10-13 14:55:27.224 [info] > git config --get commit.template [4ms]
2024-10-13 14:55:27.225 [info] > git for-each-ref --format=%(refname)%00%(upstream:short)%00%(objectname)%00%(upstream:track)%00%(upstream:remotename)%00%(upstream:remoteref) refs/heads/swagger refs/remotes/swagger [2ms]
2024-10-13 14:55:27.229 [info] > git status -z -uall [2ms]
2024-10-13 14:55:41.266 [info] > git show --textconv :HMH/events/models.py [4ms]
2024-10-13 14:55:41.268 [info] > git ls-files --stage -- /home/ec2-user/HMH-SERVER/HMH/events/models.py [3ms]
2024-10-13 14:55:52.762 [info] > git show --textconv :HMH/events/urls.py [4ms]
2024-10-13 14:55:52.764 [info] > git ls-files --stage -- /home/ec2-user/HMH-SERVER/HMH/events/urls.py [2ms]
2024-10-13 14:55:59.226 [info] > git show --textconv :HMH/events/views.py [4ms]
2024-10-13 14:55:59.228 [info] > git ls-files --stage -- /home/ec2-user/HMH-SERVER/HMH/events/views.py [2ms]
2024-10-13 14:56:00.376 [info] > git show --textconv :HMH/events/serializers.py [4ms]
2024-10-13 14:56:00.378 [info] > git ls-files --stage -- /home/ec2-user/HMH-SERVER/HMH/events/serializers.py [2ms]
2024-10-13 14:56:08.797 [info] > git show --textconv :HMH/events/views.py [5ms]
2024-10-13 14:56:08.799 [info] > git ls-files --stage -- /home/ec2-user/HMH-SERVER/HMH/events/views.py [3ms]
2024-10-13 14:56:09.373 [info] > git config --get commit.template [4ms]
2024-10-13 14:56:09.374 [info] > git for-each-ref --format=%(refname)%00%(upstream:short)%00%(objectname)%00%(upstream:track)%00%(upstream:remotename)%00%(upstream:remoteref) refs/heads/swagger refs/remotes/swagger [2ms]
2024-10-13 14:56:09.378 [info] > git status -z -uall [2ms]
2024-10-13 14:56:14.390 [info] > git config --get commit.template [4ms]
2024-10-13 14:56:14.391 [info] > git for-each-ref --format=%(refname)%00%(upstream:short)%00%(objectname)%00%(upstream:track)%00%(upstream:remotename)%00%(upstream:remoteref) refs/heads/swagger refs/remotes/swagger [2ms]
2024-10-13 14:56:14.395 [info] > git status -z -uall [2ms]
2024-10-13 14:56:19.405 [info] > git config --get commit.template [4ms]
2024-10-13 14:56:19.407 [info] > git for-each-ref --format=%(refname)%00%(upstream:short)%00%(objectname)%00%(upstream:track)%00%(upstream:remotename)%00%(upstream:remoteref) refs/heads/swagger refs/remotes/swagger [2ms]
2024-10-13 14:56:19.411 [info] > git status -z -uall [2ms]
2024-10-13 14:56:29.697 [info] > git config --get commit.template [4ms]
2024-10-13 14:56:29.699 [info] > git for-each-ref --format=%(refname)%00%(upstream:short)%00%(objectname)%00%(upstream:track)%00%(upstream:remotename)%00%(upstream:remoteref) refs/heads/swagger refs/remotes/swagger [2ms]
2024-10-13 14:56:29.703 [info] > git status -z -uall [2ms]
2024-10-13 14:56:34.597 [info] > git show --textconv :HMH/be/urls.py [5ms]
2024-10-13 14:56:34.599 [info] > git ls-files --stage -- /home/ec2-user/HMH-SERVER/HMH/be/urls.py [2ms]
2024-10-13 14:56:34.603 [info] > git cat-file -s 73e5f5a95b9754960565cd8e2d9b5a2726765c03 [1ms]
2024-10-13 14:56:39.649 [info] > git config --get commit.template [6ms]
2024-10-13 14:56:39.651 [info] > git for-each-ref --format=%(refname)%00%(upstream:short)%00%(objectname)%00%(upstream:track)%00%(upstream:remotename)%00%(upstream:remoteref) refs/heads/swagger refs/remotes/swagger [4ms]
2024-10-13 14:56:39.656 [info] > git status -z -uall [2ms]
2024-10-13 14:56:48.898 [info] > git config --get commit.template [5ms]
2024-10-13 14:56:48.899 [info] > git for-each-ref --format=%(refname)%00%(upstream:short)%00%(objectname)%00%(upstream:track)%00%(upstream:remotename)%00%(upstream:remoteref) refs/heads/swagger refs/remotes/swagger [2ms]
2024-10-13 14:56:48.904 [info] > git status -z -uall [2ms]
2024-10-13 14:57:04.698 [info] > git config --get commit.template [5ms]
2024-10-13 14:57:04.699 [info] > git for-each-ref --format=%(refname)%00%(upstream:short)%00%(objectname)%00%(upstream:track)%00%(upstream:remotename)%00%(upstream:remoteref) refs/heads/swagger refs/remotes/swagger [2ms]
2024-10-13 14:57:04.703 [info] > git status -z -uall [2ms]
