2024-10-14 15:30:29.445 [info] 로그 수준: Info
2024-10-14 15:30:29.445 [info] "git"에서 찾은 git 유효성을 검사하는 중
2024-10-14 15:30:29.445 [info] "2.40.1"에서 git "git"을(를) 사용하는 중
2024-10-14 15:30:29.446 [warning] Failed to get repository realpath for: "/home/ec2-user/HMH". Error: ENOENT: no such file or directory, realpath '/home/ec2-user/HMH'
2024-10-14 15:30:29.446 [info] > git rev-parse --show-toplevel [5ms]
2024-10-14 15:30:29.446 [info] fatal: not a git repository (or any of the parent directories): .git
2024-10-14 15:30:29.446 [info] > git rev-parse --show-toplevel [13ms]
2024-10-14 15:30:29.446 [info] > git rev-parse --git-dir --git-common-dir [10ms]
2024-10-14 15:30:29.446 [info] Open repository: /home/ec2-user/HMH-SERVER
2024-10-14 15:30:29.446 [info] > git config --get commit.template [12ms]
2024-10-14 15:30:29.446 [info] > git rev-parse --show-toplevel [27ms]
2024-10-14 15:30:29.446 [info] fatal: not a git repository (or any of the parent directories): .git
2024-10-14 15:30:29.446 [info] > git for-each-ref --format=%(refname)%00%(upstream:short)%00%(objectname)%00%(upstream:track)%00%(upstream:remotename)%00%(upstream:remoteref) refs/heads/swagger refs/remotes/swagger [26ms]
2024-10-14 15:30:29.446 [info] > git rev-parse --show-toplevel [34ms]
2024-10-14 15:30:29.446 [info] fatal: not a git repository (or any of the parent directories): .git
2024-10-14 15:30:29.446 [info] > git status -z -uall [67ms]
2024-10-14 15:30:29.446 [info] > git rev-parse --show-toplevel [146ms]
2024-10-14 15:30:29.446 [info] fatal: not a git repository (or any of the parent directories): .git
2024-10-14 15:30:29.446 [info] > git config --get commit.template [169ms]
2024-10-14 15:30:29.446 [info] > git rev-parse --show-toplevel [18ms]
2024-10-14 15:30:29.446 [info] fatal: not a git repository (or any of the parent directories): .git
2024-10-14 15:30:29.446 [info] > git for-each-ref --format=%(refname)%00%(upstream:short)%00%(objectname)%00%(upstream:track)%00%(upstream:remotename)%00%(upstream:remoteref) refs/heads/swagger refs/remotes/swagger [6ms]
2024-10-14 15:30:29.446 [info] > git status -z -uall [10ms]
2024-10-14 15:30:30.055 [info] > git check-ignore -v -z --stdin [10ms]
2024-10-14 15:30:30.109 [info] > git show --textconv :HMH/manage.py [29ms]
2024-10-14 15:30:30.114 [info] > git ls-files --stage -- /home/ec2-user/HMH-SERVER/HMH/manage.py [8ms]
2024-10-14 15:30:30.121 [info] > git cat-file -s 08186f54bbde81f529291cc4f0a44e20a6032663 [0ms]
2024-10-14 15:30:30.874 [info] > git check-ignore -v -z --stdin [12ms]
2024-10-14 15:30:32.209 [info] > git check-ignore -v -z --stdin [6ms]
2024-10-14 15:30:33.023 [info] > git check-ignore -v -z --stdin [2ms]
2024-10-14 15:30:43.033 [info] > git check-ignore -v -z --stdin [3ms]
2024-10-14 15:30:44.335 [info] > git ls-files --stage -- /home/ec2-user/HMH-SERVER/HMH/events/views.py [3ms]
2024-10-14 15:30:44.338 [info] > git show --textconv :HMH/events/views.py [11ms]
2024-10-14 15:30:47.632 [info] > git show --textconv :HMH/events/serializers.py [5ms]
2024-10-14 15:30:47.636 [info] > git ls-files --stage -- /home/ec2-user/HMH-SERVER/HMH/events/serializers.py [4ms]
2024-10-14 15:30:49.514 [info] > git show --textconv :HMH/events/models.py [6ms]
2024-10-14 15:30:49.517 [info] > git ls-files --stage -- /home/ec2-user/HMH-SERVER/HMH/events/models.py [3ms]
2024-10-14 15:30:51.509 [info] > git show --textconv :HMH/events/urls.py [5ms]
2024-10-14 15:30:51.512 [info] > git ls-files --stage -- /home/ec2-user/HMH-SERVER/HMH/events/urls.py [4ms]
2024-10-14 15:30:53.257 [info] > git show --textconv :HMH/events/views.py [6ms]
2024-10-14 15:30:53.260 [info] > git ls-files --stage -- /home/ec2-user/HMH-SERVER/HMH/events/views.py [4ms]
2024-10-14 15:31:15.454 [info] > git check-ignore -v -z --stdin [3ms]
2024-10-14 15:31:16.559 [info] > git show --textconv :HMH/accounts/views.py [5ms]
2024-10-14 15:31:16.562 [info] > git ls-files --stage -- /home/ec2-user/HMH-SERVER/HMH/accounts/views.py [4ms]
2024-10-14 15:31:21.927 [info] > git show --textconv :HMH/accounts/serializers.py [6ms]
2024-10-14 15:31:21.929 [info] > git ls-files --stage -- /home/ec2-user/HMH-SERVER/HMH/accounts/serializers.py [2ms]
2024-10-14 15:31:28.456 [info] > git show --textconv :HMH/accounts/views.py [5ms]
2024-10-14 15:31:28.459 [info] > git ls-files --stage -- /home/ec2-user/HMH-SERVER/HMH/accounts/views.py [4ms]
2024-10-14 15:46:01.715 [info] > git config --get commit.template [5ms]
2024-10-14 15:46:01.721 [info] > git for-each-ref --format=%(refname)%00%(upstream:short)%00%(objectname)%00%(upstream:track)%00%(upstream:remotename)%00%(upstream:remoteref) refs/heads/swagger refs/remotes/swagger [7ms]
2024-10-14 15:46:01.728 [info] > git status -z -uall [4ms]
2024-10-14 15:46:46.650 [info] > git check-ignore -v -z --stdin [3ms]
2024-10-14 15:47:51.817 [info] > git show --textconv :HMH/be/asgi.py [6ms]
2024-10-14 15:47:51.820 [info] > git ls-files --stage -- /home/ec2-user/HMH-SERVER/HMH/be/asgi.py [4ms]
2024-10-14 15:47:51.824 [info] > git cat-file -s f2dda3bfd934d33fca5a0e26c63dc319ffb1dbb4 [2ms]
2024-10-14 15:47:52.996 [info] > git check-ignore -v -z --stdin [2ms]
2024-10-14 15:48:39.886 [info] > git show --textconv :HMH/logs/HMH.log [5ms]
2024-10-14 15:48:39.890 [info] > git ls-files --stage -- /home/ec2-user/HMH-SERVER/HMH/logs/HMH.log [4ms]
2024-10-14 15:49:00.582 [info] > git check-ignore -v -z --stdin [3ms]
2024-10-14 15:49:11.094 [info] > git check-ignore -v -z --stdin [3ms]
2024-10-14 15:50:11.650 [info] > git show --textconv :HMH/accounts/views.py [6ms]
2024-10-14 15:50:11.653 [info] > git ls-files --stage -- /home/ec2-user/HMH-SERVER/HMH/accounts/views.py [3ms]
2024-10-14 15:53:51.596 [info] > git rev-parse --show-toplevel [3ms]
2024-10-14 15:53:51.596 [info] fatal: not a git repository (or any of the parent directories): .git
2024-10-14 15:54:36.019 [info] > git show --textconv :HMH/www_dir/hmh-uwsgi.ini [5ms]
2024-10-14 15:54:36.023 [info] > git ls-files --stage -- /home/ec2-user/HMH-SERVER/HMH/www_dir/hmh-uwsgi.ini [4ms]
2024-10-14 15:55:57.684 [info] > git rev-parse --show-toplevel [1ms]
2024-10-14 15:55:57.684 [info] fatal: not a git repository (or any of the parent directories): .git
2024-10-14 15:56:05.515 [info] > git rev-parse --show-toplevel [3ms]
2024-10-14 15:56:05.515 [info] fatal: not a git repository (or any of the parent directories): .git
2024-10-14 15:56:50.979 [info] > git rev-parse --show-toplevel [2ms]
2024-10-14 15:56:50.979 [info] fatal: not a git repository (or any of the parent directories): .git
2024-10-14 16:18:43.788 [info] > git config --get commit.template [5ms]
2024-10-14 16:18:43.790 [info] > git for-each-ref --format=%(refname)%00%(upstream:short)%00%(objectname)%00%(upstream:track)%00%(upstream:remotename)%00%(upstream:remoteref) refs/heads/swagger refs/remotes/swagger [3ms]
2024-10-14 16:18:43.796 [info] > git status -z -uall [3ms]
2024-10-14 16:18:43.943 [info] > git check-ignore -v -z --stdin [45ms]
2024-10-14 16:18:54.922 [info] > git config --get commit.template [4ms]
2024-10-14 16:18:54.923 [info] > git for-each-ref --format=%(refname)%00%(upstream:short)%00%(objectname)%00%(upstream:track)%00%(upstream:remotename)%00%(upstream:remoteref) refs/heads/swagger refs/remotes/swagger [2ms]
2024-10-14 16:18:54.929 [info] > git status -z -uall [3ms]
2024-10-14 16:19:01.600 [info] > git config --get commit.template [5ms]
2024-10-14 16:19:01.601 [info] > git for-each-ref --format=%(refname)%00%(upstream:short)%00%(objectname)%00%(upstream:track)%00%(upstream:remotename)%00%(upstream:remoteref) refs/heads/swagger refs/remotes/swagger [2ms]
2024-10-14 16:19:01.606 [info] > git status -z -uall [2ms]
2024-10-14 16:20:50.273 [info] > git config --get commit.template [5ms]
2024-10-14 16:20:50.274 [info] > git for-each-ref --format=%(refname)%00%(upstream:short)%00%(objectname)%00%(upstream:track)%00%(upstream:remotename)%00%(upstream:remoteref) refs/heads/swagger refs/remotes/swagger [2ms]
2024-10-14 16:20:50.281 [info] > git status -z -uall [3ms]
2024-10-14 16:24:28.246 [info] > git config --get commit.template [4ms]
2024-10-14 16:24:28.248 [info] > git for-each-ref --format=%(refname)%00%(upstream:short)%00%(objectname)%00%(upstream:track)%00%(upstream:remotename)%00%(upstream:remoteref) refs/heads/swagger refs/remotes/swagger [2ms]
2024-10-14 16:24:28.253 [info] > git status -z -uall [2ms]
2024-10-14 16:29:36.180 [info] > git config --get commit.template [5ms]
2024-10-14 16:29:36.182 [info] > git for-each-ref --format=%(refname)%00%(upstream:short)%00%(objectname)%00%(upstream:track)%00%(upstream:remotename)%00%(upstream:remoteref) refs/heads/swagger refs/remotes/swagger [3ms]
2024-10-14 16:29:36.187 [info] > git status -z -uall [3ms]
2024-10-14 16:30:30.531 [info] > git config --get commit.template [8ms]
2024-10-14 16:30:30.532 [info] > git for-each-ref --format=%(refname)%00%(upstream:short)%00%(objectname)%00%(upstream:track)%00%(upstream:remotename)%00%(upstream:remoteref) refs/heads/swagger refs/remotes/swagger [5ms]
2024-10-14 16:30:30.538 [info] > git status -z -uall [3ms]
2024-10-14 16:30:37.291 [info] > git config --get commit.template [4ms]
2024-10-14 16:30:37.293 [info] > git for-each-ref --format=%(refname)%00%(upstream:short)%00%(objectname)%00%(upstream:track)%00%(upstream:remotename)%00%(upstream:remoteref) refs/heads/swagger refs/remotes/swagger [2ms]
2024-10-14 16:30:37.298 [info] > git status -z -uall [3ms]
2024-10-14 16:30:48.162 [info] > git config --get commit.template [5ms]
2024-10-14 16:30:48.164 [info] > git for-each-ref --format=%(refname)%00%(upstream:short)%00%(objectname)%00%(upstream:track)%00%(upstream:remotename)%00%(upstream:remoteref) refs/heads/swagger refs/remotes/swagger [3ms]
2024-10-14 16:30:48.169 [info] > git status -z -uall [3ms]
2024-10-14 16:30:53.185 [info] > git config --get commit.template [5ms]
2024-10-14 16:30:53.187 [info] > git for-each-ref --format=%(refname)%00%(upstream:short)%00%(objectname)%00%(upstream:track)%00%(upstream:remotename)%00%(upstream:remoteref) refs/heads/swagger refs/remotes/swagger [2ms]
2024-10-14 16:30:53.192 [info] > git status -z -uall [3ms]
2024-10-14 16:30:59.957 [info] > git config --get commit.template [6ms]
2024-10-14 16:30:59.959 [info] > git for-each-ref --format=%(refname)%00%(upstream:short)%00%(objectname)%00%(upstream:track)%00%(upstream:remotename)%00%(upstream:remoteref) refs/heads/swagger refs/remotes/swagger [3ms]
2024-10-14 16:30:59.964 [info] > git status -z -uall [2ms]
2024-10-14 16:31:22.330 [info] > git config --get commit.template [4ms]
2024-10-14 16:31:22.332 [info] > git for-each-ref --format=%(refname)%00%(upstream:short)%00%(objectname)%00%(upstream:track)%00%(upstream:remotename)%00%(upstream:remoteref) refs/heads/swagger refs/remotes/swagger [3ms]
2024-10-14 16:31:22.337 [info] > git status -z -uall [3ms]
2024-10-14 16:31:54.714 [info] > git config --get commit.template [5ms]
2024-10-14 16:31:54.716 [info] > git for-each-ref --format=%(refname)%00%(upstream:short)%00%(objectname)%00%(upstream:track)%00%(upstream:remotename)%00%(upstream:remoteref) refs/heads/swagger refs/remotes/swagger [3ms]
2024-10-14 16:31:54.722 [info] > git status -z -uall [3ms]
2024-10-14 16:32:29.079 [info] > git config --get commit.template [5ms]
2024-10-14 16:32:29.081 [info] > git for-each-ref --format=%(refname)%00%(upstream:short)%00%(objectname)%00%(upstream:track)%00%(upstream:remotename)%00%(upstream:remoteref) refs/heads/swagger refs/remotes/swagger [2ms]
2024-10-14 16:32:29.086 [info] > git status -z -uall [3ms]
2024-10-14 16:32:41.173 [info] > git show --textconv :HMH/be/settings.py [5ms]
2024-10-14 16:32:41.175 [info] > git ls-files --stage -- /home/ec2-user/HMH-SERVER/HMH/be/settings.py [2ms]
2024-10-14 16:32:41.179 [info] > git cat-file -s 1e2a1b5f93f47ba0a4f1b78d9319d60efee6585c [1ms]
2024-10-14 16:33:02.824 [info] > git config --get commit.template [4ms]
2024-10-14 16:33:02.825 [info] > git for-each-ref --format=%(refname)%00%(upstream:short)%00%(objectname)%00%(upstream:track)%00%(upstream:remotename)%00%(upstream:remoteref) refs/heads/swagger refs/remotes/swagger [2ms]
2024-10-14 16:33:02.830 [info] > git status -z -uall [3ms]
2024-10-14 16:33:07.844 [info] > git config --get commit.template [5ms]
2024-10-14 16:33:07.845 [info] > git for-each-ref --format=%(refname)%00%(upstream:short)%00%(objectname)%00%(upstream:track)%00%(upstream:remotename)%00%(upstream:remoteref) refs/heads/swagger refs/remotes/swagger [2ms]
2024-10-14 16:33:07.851 [info] > git status -z -uall [3ms]
2024-10-14 16:33:21.918 [info] > git config --get commit.template [5ms]
2024-10-14 16:33:21.920 [info] > git for-each-ref --format=%(refname)%00%(upstream:short)%00%(objectname)%00%(upstream:track)%00%(upstream:remotename)%00%(upstream:remoteref) refs/heads/swagger refs/remotes/swagger [3ms]
2024-10-14 16:33:21.925 [info] > git status -z -uall [3ms]
2024-10-14 16:33:40.346 [info] > git config --get commit.template [4ms]
2024-10-14 16:33:40.348 [info] > git for-each-ref --format=%(refname)%00%(upstream:short)%00%(objectname)%00%(upstream:track)%00%(upstream:remotename)%00%(upstream:remoteref) refs/heads/swagger refs/remotes/swagger [1ms]
2024-10-14 16:33:40.356 [info] > git status -z -uall [6ms]
2024-10-14 16:33:55.996 [info] > git config --get commit.template [4ms]
2024-10-14 16:33:55.998 [info] > git for-each-ref --format=%(refname)%00%(upstream:short)%00%(objectname)%00%(upstream:track)%00%(upstream:remotename)%00%(upstream:remoteref) refs/heads/swagger refs/remotes/swagger [2ms]
2024-10-14 16:33:56.004 [info] > git status -z -uall [3ms]
2024-10-14 16:34:02.802 [info] > git config --get commit.template [5ms]
2024-10-14 16:34:02.803 [info] > git for-each-ref --format=%(refname)%00%(upstream:short)%00%(objectname)%00%(upstream:track)%00%(upstream:remotename)%00%(upstream:remoteref) refs/heads/swagger refs/remotes/swagger [2ms]
2024-10-14 16:34:02.808 [info] > git status -z -uall [2ms]
2024-10-14 16:35:30.491 [info] > git ls-files --stage -- /home/ec2-user/HMH-SERVER/HMH/be/settings.py [2ms]
2024-10-14 16:35:30.496 [info] > git cat-file -s 1e2a1b5f93f47ba0a4f1b78d9319d60efee6585c [2ms]
2024-10-14 16:35:33.376 [info] > git show --textconv :HMH/be/wsgi.py [4ms]
2024-10-14 16:35:33.377 [info] > git ls-files --stage -- /home/ec2-user/HMH-SERVER/HMH/be/wsgi.py [2ms]
2024-10-14 16:35:33.381 [info] > git cat-file -s 103e8aca486f2c2b233905ff192f60f1242d3d87 [1ms]
2024-10-14 16:37:20.872 [info] > git config --get commit.template [5ms]
2024-10-14 16:37:20.874 [info] > git for-each-ref --format=%(refname)%00%(upstream:short)%00%(objectname)%00%(upstream:track)%00%(upstream:remotename)%00%(upstream:remoteref) refs/heads/swagger refs/remotes/swagger [3ms]
2024-10-14 16:37:20.880 [info] > git status -z -uall [3ms]
2024-10-14 16:38:10.685 [info] > git config --get commit.template [5ms]
2024-10-14 16:38:10.686 [info] > git for-each-ref --format=%(refname)%00%(upstream:short)%00%(objectname)%00%(upstream:track)%00%(upstream:remotename)%00%(upstream:remoteref) refs/heads/swagger refs/remotes/swagger [1ms]
2024-10-14 16:38:10.693 [info] > git status -z -uall [4ms]
2024-10-14 16:38:25.159 [info] > git config --get commit.template [6ms]
2024-10-14 16:38:25.160 [info] > git for-each-ref --format=%(refname)%00%(upstream:short)%00%(objectname)%00%(upstream:track)%00%(upstream:remotename)%00%(upstream:remoteref) refs/heads/swagger refs/remotes/swagger [2ms]
2024-10-14 16:38:25.166 [info] > git status -z -uall [3ms]
2024-10-14 16:38:45.177 [info] > git config --get commit.template [5ms]
2024-10-14 16:38:45.179 [info] > git for-each-ref --format=%(refname)%00%(upstream:short)%00%(objectname)%00%(upstream:track)%00%(upstream:remotename)%00%(upstream:remoteref) refs/heads/swagger refs/remotes/swagger [2ms]
2024-10-14 16:38:45.185 [info] > git status -z -uall [4ms]
2024-10-14 16:39:57.581 [info] > git config --get commit.template [4ms]
2024-10-14 16:39:57.582 [info] > git for-each-ref --format=%(refname)%00%(upstream:short)%00%(objectname)%00%(upstream:track)%00%(upstream:remotename)%00%(upstream:remoteref) refs/heads/swagger refs/remotes/swagger [2ms]
2024-10-14 16:39:57.587 [info] > git status -z -uall [2ms]
2024-10-14 16:40:39.247 [info] > git config --get commit.template [6ms]
2024-10-14 16:40:39.249 [info] > git for-each-ref --format=%(refname)%00%(upstream:short)%00%(objectname)%00%(upstream:track)%00%(upstream:remotename)%00%(upstream:remoteref) refs/heads/swagger refs/remotes/swagger [2ms]
2024-10-14 16:40:39.254 [info] > git status -z -uall [3ms]
2024-10-14 16:52:27.572 [info] > git config --get commit.template [5ms]
2024-10-14 16:52:27.573 [info] > git for-each-ref --format=%(refname)%00%(upstream:short)%00%(objectname)%00%(upstream:track)%00%(upstream:remotename)%00%(upstream:remoteref) refs/heads/swagger refs/remotes/swagger [2ms]
2024-10-14 16:52:27.578 [info] > git status -z -uall [2ms]
2024-10-14 16:52:32.591 [info] > git config --get commit.template [4ms]
2024-10-14 16:52:32.593 [info] > git for-each-ref --format=%(refname)%00%(upstream:short)%00%(objectname)%00%(upstream:track)%00%(upstream:remotename)%00%(upstream:remoteref) refs/heads/swagger refs/remotes/swagger [2ms]
2024-10-14 16:52:32.599 [info] > git status -z -uall [3ms]
2024-10-14 16:52:54.853 [info] > git config --get commit.template [4ms]
2024-10-14 16:52:54.854 [info] > git for-each-ref --format=%(refname)%00%(upstream:short)%00%(objectname)%00%(upstream:track)%00%(upstream:remotename)%00%(upstream:remoteref) refs/heads/swagger refs/remotes/swagger [2ms]
2024-10-14 16:52:54.859 [info] > git status -z -uall [2ms]
2024-10-14 16:53:24.123 [info] > git config --get commit.template [4ms]
2024-10-14 16:53:24.125 [info] > git for-each-ref --format=%(refname)%00%(upstream:short)%00%(objectname)%00%(upstream:track)%00%(upstream:remotename)%00%(upstream:remoteref) refs/heads/swagger refs/remotes/swagger [2ms]
2024-10-14 16:53:24.130 [info] > git status -z -uall [3ms]
2024-10-14 16:54:22.331 [info] > git config --get commit.template [4ms]
2024-10-14 16:54:22.333 [info] > git for-each-ref --format=%(refname)%00%(upstream:short)%00%(objectname)%00%(upstream:track)%00%(upstream:remotename)%00%(upstream:remoteref) refs/heads/swagger refs/remotes/swagger [2ms]
2024-10-14 16:54:22.338 [info] > git status -z -uall [3ms]
2024-10-14 16:54:43.068 [info] > git config --get commit.template [4ms]
2024-10-14 16:54:43.069 [info] > git for-each-ref --format=%(refname)%00%(upstream:short)%00%(objectname)%00%(upstream:track)%00%(upstream:remotename)%00%(upstream:remoteref) refs/heads/swagger refs/remotes/swagger [2ms]
2024-10-14 16:54:43.075 [info] > git status -z -uall [3ms]
2024-10-14 16:54:49.868 [info] > git config --get commit.template [5ms]
2024-10-14 16:54:49.870 [info] > git for-each-ref --format=%(refname)%00%(upstream:short)%00%(objectname)%00%(upstream:track)%00%(upstream:remotename)%00%(upstream:remoteref) refs/heads/swagger refs/remotes/swagger [2ms]
2024-10-14 16:54:49.875 [info] > git status -z -uall [3ms]
2024-10-14 16:55:48.204 [info] > git config --get commit.template [5ms]
2024-10-14 16:55:48.205 [info] > git for-each-ref --format=%(refname)%00%(upstream:short)%00%(objectname)%00%(upstream:track)%00%(upstream:remotename)%00%(upstream:remoteref) refs/heads/swagger refs/remotes/swagger [2ms]
2024-10-14 16:55:48.210 [info] > git status -z -uall [2ms]
2024-10-14 16:55:53.224 [info] > git config --get commit.template [4ms]
2024-10-14 16:55:53.226 [info] > git for-each-ref --format=%(refname)%00%(upstream:short)%00%(objectname)%00%(upstream:track)%00%(upstream:remotename)%00%(upstream:remoteref) refs/heads/swagger refs/remotes/swagger [2ms]
2024-10-14 16:55:53.231 [info] > git status -z -uall [2ms]
2024-10-14 16:55:58.244 [info] > git config --get commit.template [4ms]
2024-10-14 16:55:58.248 [info] > git for-each-ref --format=%(refname)%00%(upstream:short)%00%(objectname)%00%(upstream:track)%00%(upstream:remotename)%00%(upstream:remoteref) refs/heads/swagger refs/remotes/swagger [4ms]
2024-10-14 16:55:58.253 [info] > git status -z -uall [3ms]
2024-10-14 16:56:07.177 [info] > git config --get commit.template [5ms]
2024-10-14 16:56:07.178 [info] > git for-each-ref --format=%(refname)%00%(upstream:short)%00%(objectname)%00%(upstream:track)%00%(upstream:remotename)%00%(upstream:remoteref) refs/heads/swagger refs/remotes/swagger [2ms]
2024-10-14 16:56:07.183 [info] > git status -z -uall [2ms]
2024-10-14 16:56:28.433 [info] > git config --get commit.template [4ms]
2024-10-14 16:56:28.435 [info] > git for-each-ref --format=%(refname)%00%(upstream:short)%00%(objectname)%00%(upstream:track)%00%(upstream:remotename)%00%(upstream:remoteref) refs/heads/swagger refs/remotes/swagger [2ms]
2024-10-14 16:56:28.440 [info] > git status -z -uall [3ms]
2024-10-14 16:57:01.063 [info] > git config --get commit.template [4ms]
2024-10-14 16:57:01.065 [info] > git for-each-ref --format=%(refname)%00%(upstream:short)%00%(objectname)%00%(upstream:track)%00%(upstream:remotename)%00%(upstream:remoteref) refs/heads/swagger refs/remotes/swagger [2ms]
2024-10-14 16:57:01.071 [info] > git status -z -uall [4ms]
2024-10-14 16:58:00.701 [info] > git config --get commit.template [5ms]
2024-10-14 16:58:00.702 [info] > git for-each-ref --format=%(refname)%00%(upstream:short)%00%(objectname)%00%(upstream:track)%00%(upstream:remotename)%00%(upstream:remoteref) refs/heads/swagger refs/remotes/swagger [2ms]
2024-10-14 16:58:00.709 [info] > git status -z -uall [4ms]
2024-10-14 16:58:11.949 [info] > git config --get commit.template [5ms]
2024-10-14 16:58:11.951 [info] > git for-each-ref --format=%(refname)%00%(upstream:short)%00%(objectname)%00%(upstream:track)%00%(upstream:remotename)%00%(upstream:remoteref) refs/heads/swagger refs/remotes/swagger [1ms]
2024-10-14 16:58:11.957 [info] > git status -z -uall [4ms]
2024-10-14 16:59:01.582 [info] > git config --get commit.template [4ms]
2024-10-14 16:59:01.583 [info] > git for-each-ref --format=%(refname)%00%(upstream:short)%00%(objectname)%00%(upstream:track)%00%(upstream:remotename)%00%(upstream:remoteref) refs/heads/swagger refs/remotes/swagger [2ms]
2024-10-14 16:59:01.589 [info] > git status -z -uall [3ms]
2024-10-14 17:01:00.386 [info] > git rev-parse --show-toplevel [3ms]
2024-10-14 17:01:00.386 [info] fatal: not a git repository (or any of the parent directories): .git
2024-10-14 17:02:01.668 [info] > git show --textconv :HMH/events/urls.py [5ms]
2024-10-14 17:02:01.669 [info] > git ls-files --stage -- /home/ec2-user/HMH-SERVER/HMH/events/urls.py [2ms]
2024-10-14 17:02:04.979 [info] > git show --textconv :HMH/be/settings.py [4ms]
2024-10-14 17:02:04.982 [info] > git ls-files --stage -- /home/ec2-user/HMH-SERVER/HMH/be/settings.py [2ms]
2024-10-14 17:02:04.986 [info] > git cat-file -s 1e2a1b5f93f47ba0a4f1b78d9319d60efee6585c [2ms]
2024-10-14 17:02:05.867 [info] > git show --textconv :HMH/be/wsgi.py [5ms]
2024-10-14 17:02:05.869 [info] > git ls-files --stage -- /home/ec2-user/HMH-SERVER/HMH/be/wsgi.py [3ms]
2024-10-14 17:02:05.873 [info] > git cat-file -s 103e8aca486f2c2b233905ff192f60f1242d3d87 [2ms]
2024-10-14 17:02:06.268 [info] > git rev-parse --show-toplevel [2ms]
2024-10-14 17:02:06.268 [info] fatal: not a git repository (or any of the parent directories): .git
2024-10-14 17:02:07.396 [info] > git show --textconv :HMH/be/wsgi.py [5ms]
2024-10-14 17:02:07.398 [info] > git ls-files --stage -- /home/ec2-user/HMH-SERVER/HMH/be/wsgi.py [3ms]
2024-10-14 17:02:07.402 [info] > git cat-file -s 103e8aca486f2c2b233905ff192f60f1242d3d87 [1ms]
2024-10-14 17:02:12.806 [info] > git show --textconv :HMH/be/wsgi.py [4ms]
2024-10-14 17:02:12.808 [info] > git ls-files --stage -- /home/ec2-user/HMH-SERVER/HMH/be/wsgi.py [2ms]
2024-10-14 17:02:12.812 [info] > git cat-file -s 103e8aca486f2c2b233905ff192f60f1242d3d87 [1ms]
2024-10-14 17:03:48.947 [info] > git config --get commit.template [5ms]
2024-10-14 17:03:48.948 [info] > git for-each-ref --format=%(refname)%00%(upstream:short)%00%(objectname)%00%(upstream:track)%00%(upstream:remotename)%00%(upstream:remoteref) refs/heads/swagger refs/remotes/swagger [2ms]
2024-10-14 17:03:48.953 [info] > git status -z -uall [2ms]
2024-10-14 17:04:15.972 [info] > git show --textconv :HMH/www_dir/hmh-uwsgi.ini [5ms]
2024-10-14 17:04:15.974 [info] > git ls-files --stage -- /home/ec2-user/HMH-SERVER/HMH/www_dir/hmh-uwsgi.ini [3ms]
2024-10-14 17:07:52.602 [info] > git rev-parse --show-toplevel [4ms]
2024-10-14 17:07:52.602 [info] fatal: not a git repository (or any of the parent directories): .git
2024-10-14 17:08:34.539 [info] > git show --textconv :HMH/www_dir/hmh-uwsgi.ini [4ms]
2024-10-14 17:08:34.541 [info] > git ls-files --stage -- /home/ec2-user/HMH-SERVER/HMH/www_dir/hmh-uwsgi.ini [2ms]
2024-10-14 17:08:56.173 [info] > git rev-parse --show-toplevel [1ms]
2024-10-14 17:08:56.174 [info] fatal: not a git repository (or any of the parent directories): .git
2024-10-14 17:09:27.552 [info] > git rev-parse --show-toplevel [3ms]
2024-10-14 17:09:27.552 [info] fatal: not a git repository (or any of the parent directories): .git
2024-10-14 17:09:52.256 [info] > git show --textconv :HMH/be/settings.py [5ms]
2024-10-14 17:09:52.258 [info] > git ls-files --stage -- /home/ec2-user/HMH-SERVER/HMH/be/settings.py [3ms]
2024-10-14 17:09:52.262 [info] > git cat-file -s 1e2a1b5f93f47ba0a4f1b78d9319d60efee6585c [1ms]
2024-10-14 17:11:14.160 [info] > git config --get commit.template [4ms]
2024-10-14 17:11:14.162 [info] > git for-each-ref --format=%(refname)%00%(upstream:short)%00%(objectname)%00%(upstream:track)%00%(upstream:remotename)%00%(upstream:remoteref) refs/heads/swagger refs/remotes/swagger [1ms]
2024-10-14 17:11:14.168 [info] > git status -z -uall [4ms]
2024-10-14 17:12:15.972 [info] > git config --get commit.template [5ms]
2024-10-14 17:12:15.973 [info] > git for-each-ref --format=%(refname)%00%(upstream:short)%00%(objectname)%00%(upstream:track)%00%(upstream:remotename)%00%(upstream:remoteref) refs/heads/swagger refs/remotes/swagger [2ms]
2024-10-14 17:12:15.979 [info] > git status -z -uall [3ms]
2024-10-14 17:12:39.625 [info] > git config --get commit.template [5ms]
2024-10-14 17:12:39.626 [info] > git for-each-ref --format=%(refname)%00%(upstream:short)%00%(objectname)%00%(upstream:track)%00%(upstream:remotename)%00%(upstream:remoteref) refs/heads/swagger refs/remotes/swagger [2ms]
2024-10-14 17:12:39.633 [info] > git status -z -uall [3ms]
2024-10-14 17:13:55.895 [info] > git config --get commit.template [5ms]
2024-10-14 17:13:55.896 [info] > git for-each-ref --format=%(refname)%00%(upstream:short)%00%(objectname)%00%(upstream:track)%00%(upstream:remotename)%00%(upstream:remoteref) refs/heads/swagger refs/remotes/swagger [2ms]
2024-10-14 17:13:55.901 [info] > git status -z -uall [2ms]
2024-10-14 17:15:08.606 [info] > git config --get commit.template [5ms]
2024-10-14 17:15:08.607 [info] > git for-each-ref --format=%(refname)%00%(upstream:short)%00%(objectname)%00%(upstream:track)%00%(upstream:remotename)%00%(upstream:remoteref) refs/heads/swagger refs/remotes/swagger [2ms]
2024-10-14 17:15:08.612 [info] > git status -z -uall [2ms]
2024-10-14 17:15:20.410 [info] > git config --get commit.template [7ms]
2024-10-14 17:15:20.411 [info] > git for-each-ref --format=%(refname)%00%(upstream:short)%00%(objectname)%00%(upstream:track)%00%(upstream:remotename)%00%(upstream:remoteref) refs/heads/swagger refs/remotes/swagger [2ms]
2024-10-14 17:15:20.416 [info] > git status -z -uall [2ms]
2024-10-14 17:15:55.435 [info] > git show --textconv :HMH/events/serializers.py [4ms]
2024-10-14 17:15:55.437 [info] > git ls-files --stage -- /home/ec2-user/HMH-SERVER/HMH/events/serializers.py [2ms]
2024-10-14 17:16:02.909 [info] > git show --textconv :HMH/be/settings.py [5ms]
2024-10-14 17:16:02.911 [info] > git ls-files --stage -- /home/ec2-user/HMH-SERVER/HMH/be/settings.py [2ms]
2024-10-14 17:16:02.917 [info] > git cat-file -s 1e2a1b5f93f47ba0a4f1b78d9319d60efee6585c [1ms]
2024-10-14 17:18:20.013 [info] > git config --get commit.template [5ms]
2024-10-14 17:18:20.014 [info] > git for-each-ref --format=%(refname)%00%(upstream:short)%00%(objectname)%00%(upstream:track)%00%(upstream:remotename)%00%(upstream:remoteref) refs/heads/swagger refs/remotes/swagger [2ms]
2024-10-14 17:18:20.020 [info] > git status -z -uall [3ms]
2024-10-14 17:20:02.800 [info] > git rev-parse --show-toplevel [2ms]
2024-10-14 17:20:02.800 [info] fatal: not a git repository (or any of the parent directories): .git
2024-10-14 17:20:33.027 [info] > git show --textconv :HMH/www_dir/hmh-uwsgi.ini [5ms]
2024-10-14 17:20:33.029 [info] > git ls-files --stage -- /home/ec2-user/HMH-SERVER/HMH/www_dir/hmh-uwsgi.ini [3ms]
2024-10-14 17:21:01.536 [info] > git rev-parse --show-toplevel [2ms]
2024-10-14 17:21:01.536 [info] fatal: not a git repository (or any of the parent directories): .git
2024-10-14 17:21:20.088 [info] > git rev-parse --show-toplevel [2ms]
2024-10-14 17:21:20.088 [info] fatal: not a git repository (or any of the parent directories): .git
2024-10-14 17:22:08.759 [info] > git rev-parse --show-toplevel [2ms]
2024-10-14 17:22:08.759 [info] fatal: not a git repository (or any of the parent directories): .git
2024-10-14 17:22:09.792 [info] > git rev-parse --show-toplevel [2ms]
2024-10-14 17:22:09.792 [info] fatal: not a git repository (or any of the parent directories): .git
2024-10-14 17:22:28.318 [info] > git show --textconv :HMH/be/settings.py [4ms]
2024-10-14 17:22:28.320 [info] > git ls-files --stage -- /home/ec2-user/HMH-SERVER/HMH/be/settings.py [2ms]
2024-10-14 17:22:28.323 [info] > git cat-file -s 1e2a1b5f93f47ba0a4f1b78d9319d60efee6585c [1ms]
2024-10-14 17:23:08.313 [info] > git rev-parse --show-toplevel [2ms]
2024-10-14 17:23:08.313 [info] fatal: not a git repository (or any of the parent directories): .git
2024-10-14 17:23:36.777 [info] > git show --textconv :HMH/be/settings.py [4ms]
2024-10-14 17:23:36.779 [info] > git ls-files --stage -- /home/ec2-user/HMH-SERVER/HMH/be/settings.py [2ms]
2024-10-14 17:23:36.783 [info] > git cat-file -s 1e2a1b5f93f47ba0a4f1b78d9319d60efee6585c [2ms]
2024-10-14 17:23:59.718 [info] > git config --get commit.template [5ms]
2024-10-14 17:23:59.720 [info] > git for-each-ref --format=%(refname)%00%(upstream:short)%00%(objectname)%00%(upstream:track)%00%(upstream:remotename)%00%(upstream:remoteref) refs/heads/swagger refs/remotes/swagger [2ms]
2024-10-14 17:23:59.725 [info] > git status -z -uall [3ms]
2024-10-14 17:24:16.298 [info] > git check-ignore -v -z --stdin [2ms]
2024-10-14 17:24:26.997 [info] > git config --get commit.template [4ms]
2024-10-14 17:24:26.999 [info] > git for-each-ref --format=%(refname)%00%(upstream:short)%00%(objectname)%00%(upstream:track)%00%(upstream:remotename)%00%(upstream:remoteref) refs/heads/swagger refs/remotes/swagger [1ms]
2024-10-14 17:24:27.004 [info] > git status -z -uall [3ms]
2024-10-14 17:25:33.344 [info] > git config --get commit.template [4ms]
2024-10-14 17:25:33.345 [info] > git for-each-ref --format=%(refname)%00%(upstream:short)%00%(objectname)%00%(upstream:track)%00%(upstream:remotename)%00%(upstream:remoteref) refs/heads/swagger refs/remotes/swagger [2ms]
2024-10-14 17:25:33.354 [info] > git status -z -uall [4ms]
2024-10-14 17:26:55.404 [info] > git config --get commit.template [5ms]
2024-10-14 17:26:55.406 [info] > git for-each-ref --format=%(refname)%00%(upstream:short)%00%(objectname)%00%(upstream:track)%00%(upstream:remotename)%00%(upstream:remoteref) refs/heads/swagger refs/remotes/swagger [3ms]
2024-10-14 17:26:55.411 [info] > git status -z -uall [3ms]
2024-10-14 17:27:26.629 [info] > git config --get commit.template [5ms]
2024-10-14 17:27:26.631 [info] > git for-each-ref --format=%(refname)%00%(upstream:short)%00%(objectname)%00%(upstream:track)%00%(upstream:remotename)%00%(upstream:remoteref) refs/heads/swagger refs/remotes/swagger [3ms]
2024-10-14 17:27:26.636 [info] > git status -z -uall [3ms]
2024-10-14 17:27:31.651 [info] > git config --get commit.template [4ms]
2024-10-14 17:27:31.653 [info] > git for-each-ref --format=%(refname)%00%(upstream:short)%00%(objectname)%00%(upstream:track)%00%(upstream:remotename)%00%(upstream:remoteref) refs/heads/swagger refs/remotes/swagger [2ms]
2024-10-14 17:27:31.658 [info] > git status -z -uall [3ms]
2024-10-14 17:27:35.558 [info] > git rev-parse --show-toplevel [2ms]
2024-10-14 17:27:35.558 [info] fatal: not a git repository (or any of the parent directories): .git
2024-10-14 17:46:41.471 [info] > git show --textconv :HMH/www_dir/hmh-uwsgi.ini [5ms]
2024-10-14 17:46:41.473 [info] > git ls-files --stage -- /home/ec2-user/HMH-SERVER/HMH/www_dir/hmh-uwsgi.ini [3ms]
2024-10-14 17:49:35.709 [info] > git rev-parse --show-toplevel [2ms]
2024-10-14 17:49:35.709 [info] fatal: not a git repository (or any of the parent directories): .git
2024-10-14 17:50:23.846 [info] > git show --textconv :HMH/www_dir/hmh-uwsgi.ini [4ms]
2024-10-14 17:50:23.848 [info] > git ls-files --stage -- /home/ec2-user/HMH-SERVER/HMH/www_dir/hmh-uwsgi.ini [2ms]
2024-10-14 17:50:38.967 [info] > git rev-parse --show-toplevel [1ms]
2024-10-14 17:50:38.967 [info] fatal: not a git repository (or any of the parent directories): .git
2024-10-14 18:00:25.067 [info] > git config --get commit.template [10ms]
2024-10-14 18:00:25.075 [info] > git for-each-ref --format=%(refname)%00%(upstream:short)%00%(objectname)%00%(upstream:track)%00%(upstream:remotename)%00%(upstream:remoteref) refs/heads/swagger refs/remotes/swagger [12ms]
2024-10-14 18:00:25.087 [info] > git status -z -uall [8ms]
2024-10-14 18:01:16.892 [info] > git show --textconv :HMH/www_dir/hmh-uwsgi.ini [4ms]
2024-10-14 18:01:16.894 [info] > git ls-files --stage -- /home/ec2-user/HMH-SERVER/HMH/www_dir/hmh-uwsgi.ini [2ms]
2024-10-14 18:01:25.994 [info] > git rev-parse --show-toplevel [2ms]
2024-10-14 18:01:25.994 [info] fatal: not a git repository (or any of the parent directories): .git
2024-10-14 18:02:49.986 [info] > git rev-parse --show-toplevel [1ms]
2024-10-14 18:02:49.986 [info] fatal: not a git repository (or any of the parent directories): .git
2024-10-14 18:03:48.385 [info] > git config --get commit.template [4ms]
2024-10-14 18:03:48.386 [info] > git for-each-ref --format=%(refname)%00%(upstream:short)%00%(objectname)%00%(upstream:track)%00%(upstream:remotename)%00%(upstream:remoteref) refs/heads/swagger refs/remotes/swagger [2ms]
2024-10-14 18:03:48.394 [info] > git status -z -uall [5ms]
2024-10-14 18:03:57.015 [info] > git config --get commit.template [8ms]
2024-10-14 18:03:57.017 [info] > git for-each-ref --format=%(refname)%00%(upstream:short)%00%(objectname)%00%(upstream:track)%00%(upstream:remotename)%00%(upstream:remoteref) refs/heads/swagger refs/remotes/swagger [6ms]
2024-10-14 18:03:57.023 [info] > git status -z -uall [3ms]
2024-10-14 18:07:39.433 [info] > git rev-parse --show-toplevel [28ms]
2024-10-14 18:07:39.435 [info] fatal: not a git repository (or any of the parent directories): .git
2024-10-14 18:09:51.911 [info] > git check-ignore -v -z --stdin [39ms]
2024-10-14 18:09:52.632 [info] > git check-ignore -v -z --stdin [2ms]
2024-10-14 18:09:56.876 [info] > git check-ignore -v -z --stdin [14ms]
2024-10-14 18:11:18.833 [info] > git ls-files --stage -- /home/ec2-user/HMH-SERVER/HMH/be/settings.py [34ms]
2024-10-14 18:11:18.841 [info] > git show --textconv :HMH/be/settings.py [48ms]
2024-10-14 18:11:18.843 [info] > git cat-file -s 1e2a1b5f93f47ba0a4f1b78d9319d60efee6585c [3ms]
2024-10-14 18:11:31.005 [info] > git config --get commit.template [6ms]
2024-10-14 18:11:31.013 [info] > git for-each-ref --format=%(refname)%00%(upstream:short)%00%(objectname)%00%(upstream:track)%00%(upstream:remotename)%00%(upstream:remoteref) refs/heads/swagger refs/remotes/swagger [9ms]
2024-10-14 18:11:31.034 [info] > git status -z -uall [18ms]
2024-10-14 18:15:41.063 [info] > git ls-files --stage -- /home/ec2-user/HMH-SERVER/HMH/be/wsgi.py [33ms]
2024-10-14 18:15:41.069 [info] > git show --textconv :HMH/be/wsgi.py [45ms]
2024-10-14 18:15:41.071 [info] > git cat-file -s 103e8aca486f2c2b233905ff192f60f1242d3d87 [3ms]
2024-10-14 18:15:55.186 [info] > git rev-parse --show-toplevel [4ms]
2024-10-14 18:15:55.186 [info] fatal: not a git repository (or any of the parent directories): .git
2024-10-14 18:32:39.790 [info] > git rev-parse --show-toplevel [29ms]
2024-10-14 18:32:39.793 [info] fatal: not a git repository (or any of the parent directories): .git
2024-10-14 18:33:23.755 [info] > git rev-parse --show-toplevel [9ms]
2024-10-14 18:33:23.755 [info] fatal: not a git repository (or any of the parent directories): .git
2024-10-14 18:34:45.041 [info] > git rev-parse --show-toplevel [2ms]
2024-10-14 18:34:45.041 [info] fatal: not a git repository (or any of the parent directories): .git
2024-10-14 18:40:36.970 [info] > git config --get commit.template [22ms]
2024-10-14 18:40:36.978 [info] > git for-each-ref --format=%(refname)%00%(upstream:short)%00%(objectname)%00%(upstream:track)%00%(upstream:remotename)%00%(upstream:remoteref) refs/heads/swagger refs/remotes/swagger [21ms]
2024-10-14 18:40:37.011 [info] > git status -z -uall [25ms]
2024-10-14 18:40:47.940 [info] > git config --get commit.template [29ms]
2024-10-14 18:40:47.954 [info] > git for-each-ref --format=%(refname)%00%(upstream:short)%00%(objectname)%00%(upstream:track)%00%(upstream:remotename)%00%(upstream:remoteref) refs/heads/swagger refs/remotes/swagger [37ms]
2024-10-14 18:40:47.995 [info] > git status -z -uall [37ms]
2024-10-14 18:40:53.019 [info] > git config --get commit.template [5ms]
2024-10-14 18:40:53.025 [info] > git for-each-ref --format=%(refname)%00%(upstream:short)%00%(objectname)%00%(upstream:track)%00%(upstream:remotename)%00%(upstream:remoteref) refs/heads/swagger refs/remotes/swagger [8ms]
2024-10-14 18:40:53.056 [info] > git status -z -uall [28ms]
2024-10-14 18:41:17.029 [info] > git check-ignore -v -z --stdin [3ms]
2024-10-14 18:41:17.612 [info] > git check-ignore -v -z --stdin [2ms]
2024-10-14 18:42:34.425 [info] > git ls-files --stage -- /home/ec2-user/HMH-SERVER/HMH/be/settings.py [1ms]
2024-10-14 18:42:34.430 [info] > git show --textconv :HMH/be/settings.py [13ms]
2024-10-14 18:42:34.433 [info] > git cat-file -s 1e2a1b5f93f47ba0a4f1b78d9319d60efee6585c [4ms]
2024-10-14 18:42:34.955 [info] > git show --textconv :HMH/be/requirements.txt [6ms]
2024-10-14 18:42:34.956 [info] > git ls-files --stage -- /home/ec2-user/HMH-SERVER/HMH/be/requirements.txt [2ms]
2024-10-14 18:42:34.959 [info] > git cat-file -s 535f9e0b7e7a1ebce8fc1737fab91ba0598e5845 [1ms]
2024-10-14 18:43:16.737 [info] > git check-ignore -v -z --stdin [41ms]
2024-10-14 18:43:17.772 [info] > git config --get commit.template [4ms]
2024-10-14 18:43:17.786 [info] > git for-each-ref --format=%(refname)%00%(upstream:short)%00%(objectname)%00%(upstream:track)%00%(upstream:remotename)%00%(upstream:remoteref) refs/heads/swagger refs/remotes/swagger [16ms]
2024-10-14 18:43:17.813 [info] > git status -z -uall [24ms]
