2024-10-15 03:31:04.277 [info] 로그 수준: Info
2024-10-15 03:31:04.277 [info] "git"에서 찾은 git 유효성을 검사하는 중
2024-10-15 03:31:04.277 [info] "2.40.1"에서 git "git"을(를) 사용하는 중
2024-10-15 03:31:04.277 [warning] Failed to get repository realpath for: "/home/ec2-user/HMH". Error: ENOENT: no such file or directory, realpath '/home/ec2-user/HMH'
2024-10-15 03:31:04.277 [info] > git rev-parse --show-toplevel [19ms]
2024-10-15 03:31:04.277 [info] fatal: not a git repository (or any of the parent directories): .git
2024-10-15 03:31:04.277 [info] > git rev-parse --show-toplevel [3ms]
2024-10-15 03:31:04.277 [info] > git rev-parse --git-dir --git-common-dir [2ms]
2024-10-15 03:31:04.277 [info] Open repository: /home/ec2-user/HMH-SERVER
2024-10-15 03:31:04.277 [info] > git config --get commit.template [12ms]
2024-10-15 03:31:04.277 [info] > git rev-parse --show-toplevel [10ms]
2024-10-15 03:31:04.277 [info] fatal: not a git repository (or any of the parent directories): .git
2024-10-15 03:31:04.277 [info] > git for-each-ref --format=%(refname)%00%(upstream:short)%00%(objectname)%00%(upstream:track)%00%(upstream:remotename)%00%(upstream:remoteref) refs/heads/swagger refs/remotes/swagger [13ms]
2024-10-15 03:31:04.277 [info] > git rev-parse --show-toplevel [18ms]
2024-10-15 03:31:04.277 [info] fatal: not a git repository (or any of the parent directories): .git
2024-10-15 03:31:04.296 [info] > git status -z -uall [20ms]
2024-10-15 03:31:04.417 [info] > git rev-parse --show-toplevel [130ms]
2024-10-15 03:31:04.417 [info] fatal: not a git repository (or any of the parent directories): .git
2024-10-15 03:31:04.424 [info] > git config --get commit.template [6ms]
2024-10-15 03:31:04.428 [info] > git rev-parse --show-toplevel [4ms]
2024-10-15 03:31:04.428 [info] fatal: not a git repository (or any of the parent directories): .git
2024-10-15 03:31:04.435 [info] > git for-each-ref --format=%(refname)%00%(upstream:short)%00%(objectname)%00%(upstream:track)%00%(upstream:remotename)%00%(upstream:remoteref) refs/heads/swagger refs/remotes/swagger [7ms]
2024-10-15 03:31:04.446 [info] > git status -z -uall [8ms]
2024-10-15 03:31:04.939 [info] > git check-ignore -v -z --stdin [2ms]
2024-10-15 03:31:06.396 [info] > git show --textconv :HMH/be/requirements.txt [11ms]
2024-10-15 03:31:06.401 [info] > git ls-files --stage -- /home/ec2-user/HMH-SERVER/HMH/be/requirements.txt [12ms]
2024-10-15 03:31:06.413 [info] > git cat-file -s 535f9e0b7e7a1ebce8fc1737fab91ba0598e5845 [3ms]
2024-10-15 03:31:07.004 [info] > git check-ignore -v -z --stdin [2ms]
2024-10-15 03:32:14.603 [info] > git config --get commit.template [4ms]
2024-10-15 03:32:14.605 [info] > git for-each-ref --format=%(refname)%00%(upstream:short)%00%(objectname)%00%(upstream:track)%00%(upstream:remotename)%00%(upstream:remoteref) refs/heads/swagger refs/remotes/swagger [2ms]
2024-10-15 03:32:14.611 [info] > git status -z -uall [4ms]
2024-10-15 03:32:43.612 [info] > git config --get commit.template [4ms]
2024-10-15 03:32:43.613 [info] > git for-each-ref --format=%(refname)%00%(upstream:short)%00%(objectname)%00%(upstream:track)%00%(upstream:remotename)%00%(upstream:remoteref) refs/heads/swagger refs/remotes/swagger [2ms]
2024-10-15 03:32:43.619 [info] > git status -z -uall [2ms]
2024-10-15 03:33:47.003 [info] > git config --get commit.template [4ms]
2024-10-15 03:33:47.005 [info] > git for-each-ref --format=%(refname)%00%(upstream:short)%00%(objectname)%00%(upstream:track)%00%(upstream:remotename)%00%(upstream:remoteref) refs/heads/swagger refs/remotes/swagger [3ms]
2024-10-15 03:33:47.010 [info] > git status -z -uall [3ms]
2024-10-15 03:33:47.789 [info] > git check-ignore -v -z --stdin [3ms]
2024-10-15 03:34:00.957 [info] > git config --get commit.template [5ms]
2024-10-15 03:34:00.959 [info] > git for-each-ref --format=%(refname)%00%(upstream:short)%00%(objectname)%00%(upstream:track)%00%(upstream:remotename)%00%(upstream:remoteref) refs/heads/swagger refs/remotes/swagger [2ms]
2024-10-15 03:34:00.964 [info] > git status -z -uall [3ms]
2024-10-15 03:34:01.311 [info] > git check-ignore -v -z --stdin [45ms]
2024-10-15 03:35:32.402 [info] > git check-ignore -v -z --stdin [3ms]
2024-10-15 03:35:33.575 [info] > git check-ignore -v -z --stdin [7ms]
2024-10-15 03:35:34.738 [info] > git check-ignore -v -z --stdin [2ms]
2024-10-15 03:35:34.813 [info] > git config --get commit.template [4ms]
2024-10-15 03:35:34.816 [info] > git for-each-ref --format=%(refname)%00%(upstream:short)%00%(objectname)%00%(upstream:track)%00%(upstream:remotename)%00%(upstream:remoteref) refs/heads/swagger refs/remotes/swagger [3ms]
2024-10-15 03:35:34.822 [info] > git status -z -uall [3ms]
2024-10-15 03:35:52.087 [info] > git config --get commit.template [7ms]
2024-10-15 03:35:52.090 [info] > git for-each-ref --format=%(refname)%00%(upstream:short)%00%(objectname)%00%(upstream:track)%00%(upstream:remotename)%00%(upstream:remoteref) refs/heads/swagger refs/remotes/swagger [3ms]
2024-10-15 03:35:52.096 [info] > git status -z -uall [4ms]
2024-10-15 03:36:57.863 [info] > git check-ignore -v -z --stdin [38ms]
2024-10-15 03:36:58.595 [info] > git config --get commit.template [7ms]
2024-10-15 03:36:58.609 [info] > git for-each-ref --format=%(refname)%00%(upstream:short)%00%(objectname)%00%(upstream:track)%00%(upstream:remotename)%00%(upstream:remoteref) refs/heads/swagger refs/remotes/swagger [15ms]
2024-10-15 03:36:58.634 [info] > git status -z -uall [22ms]
2024-10-15 03:38:18.041 [info] > git check-ignore -v -z --stdin [2ms]
2024-10-15 03:38:18.160 [info] > git config --get commit.template [5ms]
2024-10-15 03:38:18.162 [info] > git for-each-ref --format=%(refname)%00%(upstream:short)%00%(objectname)%00%(upstream:track)%00%(upstream:remotename)%00%(upstream:remoteref) refs/heads/swagger refs/remotes/swagger [3ms]
2024-10-15 03:38:18.170 [info] > git status -z -uall [4ms]
2024-10-15 03:38:40.625 [info] > git config --get commit.template [5ms]
2024-10-15 03:38:40.626 [info] > git for-each-ref --format=%(refname)%00%(upstream:short)%00%(objectname)%00%(upstream:track)%00%(upstream:remotename)%00%(upstream:remoteref) refs/heads/swagger refs/remotes/swagger [2ms]
2024-10-15 03:38:40.631 [info] > git status -z -uall [2ms]
2024-10-15 03:38:40.830 [info] > git check-ignore -v -z --stdin [2ms]
2024-10-15 03:38:52.435 [info] > git check-ignore -v -z --stdin [3ms]
2024-10-15 03:38:52.526 [info] > git config --get commit.template [4ms]
2024-10-15 03:38:52.527 [info] > git for-each-ref --format=%(refname)%00%(upstream:short)%00%(objectname)%00%(upstream:track)%00%(upstream:remotename)%00%(upstream:remoteref) refs/heads/swagger refs/remotes/swagger [2ms]
2024-10-15 03:38:52.532 [info] > git status -z -uall [2ms]
2024-10-15 03:40:32.532 [info] > git config --get commit.template [4ms]
2024-10-15 03:40:32.534 [info] > git for-each-ref --format=%(refname)%00%(upstream:short)%00%(objectname)%00%(upstream:track)%00%(upstream:remotename)%00%(upstream:remoteref) refs/heads/swagger refs/remotes/swagger [2ms]
2024-10-15 03:40:32.539 [info] > git status -z -uall [3ms]
2024-10-15 03:40:32.695 [info] > git check-ignore -v -z --stdin [3ms]
2024-10-15 03:41:57.479 [info] > git config --get commit.template [28ms]
2024-10-15 03:41:57.489 [info] > git for-each-ref --format=%(refname)%00%(upstream:short)%00%(objectname)%00%(upstream:track)%00%(upstream:remotename)%00%(upstream:remoteref) refs/heads/swagger refs/remotes/swagger [35ms]
2024-10-15 03:41:57.519 [info] > git status -z -uall [26ms]
2024-10-15 03:42:36.077 [info] > git config --get commit.template [5ms]
2024-10-15 03:42:36.081 [info] > git for-each-ref --format=%(refname)%00%(upstream:short)%00%(objectname)%00%(upstream:track)%00%(upstream:remotename)%00%(upstream:remoteref) refs/heads/swagger refs/remotes/swagger [5ms]
2024-10-15 03:42:36.098 [info] > git status -z -uall [15ms]
2024-10-15 03:42:36.286 [info] > git check-ignore -v -z --stdin [20ms]
2024-10-15 03:43:09.711 [info] > git config --get commit.template [17ms]
2024-10-15 03:43:09.715 [info] > git for-each-ref --format=%(refname)%00%(upstream:short)%00%(objectname)%00%(upstream:track)%00%(upstream:remotename)%00%(upstream:remoteref) refs/heads/swagger refs/remotes/swagger [3ms]
2024-10-15 03:43:09.723 [info] > git status -z -uall [4ms]
2024-10-15 03:43:22.414 [info] > git config --get commit.template [5ms]
2024-10-15 03:43:22.419 [info] > git for-each-ref --format=%(refname)%00%(upstream:short)%00%(objectname)%00%(upstream:track)%00%(upstream:remotename)%00%(upstream:remoteref) refs/heads/swagger refs/remotes/swagger [6ms]
2024-10-15 03:43:22.438 [info] > git status -z -uall [16ms]
2024-10-15 03:44:00.995 [info] > git config --get commit.template [5ms]
2024-10-15 03:44:00.998 [info] > git for-each-ref --format=%(refname)%00%(upstream:short)%00%(objectname)%00%(upstream:track)%00%(upstream:remotename)%00%(upstream:remoteref) refs/heads/swagger refs/remotes/swagger [5ms]
2024-10-15 03:44:01.010 [info] > git status -z -uall [9ms]
2024-10-15 03:44:01.028 [info] > git check-ignore -v -z --stdin [3ms]
2024-10-15 03:45:15.500 [info] > git ls-files --stage -- /home/ec2-user/HMH-SERVER/HMH/www_dir/hmh-uwsgi.ini [1ms]
2024-10-15 03:45:15.501 [info] > git show --textconv :HMH/www_dir/hmh-uwsgi.ini [8ms]
2024-10-15 03:45:15.889 [info] > git check-ignore -v -z --stdin [3ms]
2024-10-15 03:45:21.826 [info] > git show --textconv :HMH/be/requirements.txt [5ms]
2024-10-15 03:45:21.828 [info] > git ls-files --stage -- /home/ec2-user/HMH-SERVER/HMH/be/requirements.txt [3ms]
2024-10-15 03:45:21.832 [info] > git cat-file -s 535f9e0b7e7a1ebce8fc1737fab91ba0598e5845 [1ms]
2024-10-15 03:45:22.195 [info] > git check-ignore -v -z --stdin [3ms]
2024-10-15 03:45:24.139 [info] > git show --textconv :HMH/be/wsgi.py [5ms]
2024-10-15 03:45:24.141 [info] > git ls-files --stage -- /home/ec2-user/HMH-SERVER/HMH/be/wsgi.py [3ms]
2024-10-15 03:45:24.145 [info] > git cat-file -s 103e8aca486f2c2b233905ff192f60f1242d3d87 [2ms]
2024-10-15 03:46:47.551 [info] > git show --textconv :HMH/logs/HMH.log [4ms]
2024-10-15 03:46:47.553 [info] > git ls-files --stage -- /home/ec2-user/HMH-SERVER/HMH/logs/HMH.log [2ms]
2024-10-15 03:47:34.374 [info] > git rev-parse --show-toplevel [3ms]
2024-10-15 03:47:34.374 [info] fatal: not a git repository (or any of the parent directories): .git
2024-10-15 03:53:01.294 [info] > git show --textconv :HMH/logs/HMH.log [5ms]
2024-10-15 03:53:01.297 [info] > git ls-files --stage -- /home/ec2-user/HMH-SERVER/HMH/logs/HMH.log [4ms]
2024-10-15 03:53:02.944 [info] > git rev-parse --show-toplevel [2ms]
2024-10-15 03:53:02.944 [info] fatal: not a git repository (or any of the parent directories): .git
2024-10-15 03:53:46.806 [info] > git show --textconv :HMH/www_dir/hmh-uwsgi.ini [4ms]
2024-10-15 03:53:46.808 [info] > git ls-files --stage -- /home/ec2-user/HMH-SERVER/HMH/www_dir/hmh-uwsgi.ini [2ms]
2024-10-15 03:54:12.394 [info] > git config --get commit.template [4ms]
2024-10-15 03:54:12.395 [info] > git for-each-ref --format=%(refname)%00%(upstream:short)%00%(objectname)%00%(upstream:track)%00%(upstream:remotename)%00%(upstream:remoteref) refs/heads/swagger refs/remotes/swagger [2ms]
2024-10-15 03:54:12.402 [info] > git status -z -uall [4ms]
2024-10-15 03:54:15.441 [info] > git rev-parse --show-toplevel [2ms]
2024-10-15 03:54:15.441 [info] fatal: not a git repository (or any of the parent directories): .git
2024-10-15 03:54:24.122 [info] > git show --textconv :HMH/www_dir/hmh-uwsgi.ini [4ms]
2024-10-15 03:54:24.124 [info] > git ls-files --stage -- /home/ec2-user/HMH-SERVER/HMH/www_dir/hmh-uwsgi.ini [2ms]
2024-10-15 03:54:51.370 [info] > git rev-parse --show-toplevel [6ms]
2024-10-15 03:54:51.370 [info] fatal: not a git repository (or any of the parent directories): .git
2024-10-15 03:55:10.788 [info] > git show --textconv :HMH/www_dir/hmh-uwsgi.ini [4ms]
2024-10-15 03:55:10.790 [info] > git ls-files --stage -- /home/ec2-user/HMH-SERVER/HMH/www_dir/hmh-uwsgi.ini [2ms]
2024-10-15 03:59:11.230 [info] > git config --get commit.template [25ms]
2024-10-15 03:59:11.239 [info] > git for-each-ref --format=%(refname)%00%(upstream:short)%00%(objectname)%00%(upstream:track)%00%(upstream:remotename)%00%(upstream:remoteref) refs/heads/swagger refs/remotes/swagger [32ms]
2024-10-15 03:59:11.264 [info] > git status -z -uall [22ms]
2024-10-15 04:01:37.119 [info] > git check-ignore -v -z --stdin [50ms]
2024-10-15 04:01:38.588 [info] > git check-ignore -v -z --stdin [1ms]
2024-10-15 04:01:42.775 [info] > git ls-files --stage -- /home/ec2-user/HMH-SERVER/HMH/be/settings.py [4ms]
2024-10-15 04:01:42.789 [info] > git cat-file -s 1e2a1b5f93f47ba0a4f1b78d9319d60efee6585c [11ms]
2024-10-15 04:01:42.791 [info] > git show --textconv :HMH/be/settings.py [27ms]
2024-10-15 04:01:49.703 [info] > git config --get commit.template [39ms]
2024-10-15 04:01:49.708 [info] > git for-each-ref --format=%(refname)%00%(upstream:short)%00%(objectname)%00%(upstream:track)%00%(upstream:remotename)%00%(upstream:remoteref) refs/heads/swagger refs/remotes/swagger [17ms]
2024-10-15 04:01:49.746 [info] > git status -z -uall [32ms]
2024-10-15 04:02:21.593 [warning] Failed to get repository realpath for: "/home/ec2-user/HMH". Error: ENOENT: no such file or directory, realpath '/home/ec2-user/HMH'
2024-10-15 04:02:40.642 [info] > git rev-parse --show-toplevel [7574ms]
2024-10-15 04:02:40.857 [info] fatal: not a git repository (or any of the parent directories): .git
2024-10-15 04:02:47.544 [info] > git check-ignore -v -z --stdin [1149ms]
2024-10-15 04:03:14.427 [info] > git show --textconv :HMH/accounts/adapter.py [163ms]
2024-10-15 04:03:14.535 [info] > git ls-files --stage -- /home/ec2-user/HMH-SERVER/HMH/accounts/adapter.py [137ms]
2024-10-15 04:03:15.153 [info] > git show --textconv HEAD:HMH/db.sqlite3 [175ms]
2024-10-15 04:03:15.188 [info] > git ls-tree -l HEAD -- /home/ec2-user/HMH-SERVER/HMH/db.sqlite3 [69ms]
2024-10-15 04:03:16.794 [info] > git show --textconv HEAD:HMH/accounts/__init__.py [1086ms]
2024-10-15 04:03:16.841 [info] > git check-ignore -v -z --stdin [189ms]
2024-10-15 04:03:17.007 [info] > git ls-tree -l HEAD -- /home/ec2-user/HMH-SERVER/HMH/accounts/__init__.py [1227ms]
2024-10-15 04:03:20.635 [info] > git show --textconv HEAD:HMH/.env [285ms]
2024-10-15 04:03:20.649 [info] > git ls-tree -l HEAD -- /home/ec2-user/HMH-SERVER/HMH/.env [224ms]
2024-10-15 04:03:25.222 [info] > git add -A -- /home/ec2-user/HMH-SERVER/HMH/.env /home/ec2-user/HMH-SERVER/HMH/db.sqlite3 /home/ec2-user/HMH-SERVER/HMH/accounts/__init__.py /home/ec2-user/HMH-SERVER/HMH/accounts/adapter.py /home/ec2-user/HMH-SERVER/HMH/accounts/admin.py /home/ec2-user/HMH-SERVER/HMH/accounts/apps.py /home/ec2-user/HMH-SERVER/HMH/accounts/managers.py /home/ec2-user/HMH-SERVER/HMH/accounts/models.py /home/ec2-user/HMH-SERVER/HMH/accounts/serializers.py /home/ec2-user/HMH-SERVER/HMH/accounts/tests.py /home/ec2-user/HMH-SERVER/HMH/accounts/urls.py /home/ec2-user/HMH-SERVER/HMH/accounts/views.py /home/ec2-user/HMH-SERVER/HMH/accounts/__pycache__/__init__.cpython-39.pyc /home/ec2-user/HMH-SERVER/HMH/accounts/__pycache__/admin.cpython-39.pyc /home/ec2-user/HMH-SERVER/HMH/accounts/__pycache__/apps.cpython-39.pyc /home/ec2-user/HMH-SERVER/HMH/accounts/__pycache__/managers.cpython-39.pyc /home/ec2-user/HMH-SERVER/HMH/accounts/__pycache__/models.cpython-39.pyc /home/ec2-user/HMH-SERVER/HMH/accounts/__pycache__/serializers.cpython-39.pyc /home/ec2-user/HMH-SERVER/HMH/accounts/__pycache__/urls.cpython-39.pyc /home/ec2-user/HMH-SERVER/HMH/accounts/__pycache__/views.cpython-39.pyc /home/ec2-user/HMH-SERVER/HMH/accounts/migrations/__init__.py /home/ec2-user/HMH-SERVER/HMH/accounts/migrations/0001_initial.py /home/ec2-user/HMH-SERVER/HMH/accounts/migrations/0002_event_userapplication.py /home/ec2-user/HMH-SERVER/HMH/accounts/migrations/__pycache__/__init__.cpython-39.pyc /home/ec2-user/HMH-SERVER/HMH/accounts/migrations/__pycache__/0001_initial.cpython-39.pyc /home/ec2-user/HMH-SERVER/HMH/accounts/migrations/__pycache__/0002_event_userapplication.cpython-39.pyc /home/ec2-user/HMH-SERVER/HMH/be/__init__.py /home/ec2-user/HMH-SERVER/HMH/be/.gitignore /home/ec2-user/HMH-SERVER/HMH/be/admin.py /home/ec2-user/HMH-SERVER/HMH/be/asgi.py /home/ec2-user/HMH-SERVER/HMH/be/requirements.txt /home/ec2-user/HMH-SERVER/HMH/be/settings.py /home/ec2-user/HMH-SERVER/HMH/be/urls.py /home/ec2-user/HMH-SERVER/HMH/be/views.py /home/ec2-user/HMH-SERVER/HMH/be/wsgi.py /home/ec2-user/HMH-SERVER/HMH/be/packages/accounts/home.html /home/ec2-user/HMH-SERVER/HMH/be/packages/accounts/login.html /home/ec2-user/HMH-SERVER/HMH/be/www_dir/HMH-uwsgi.ini /home/ec2-user/HMH-SERVER/HMH/events/__init__.py /home/ec2-user/HMH-SERVER/HMH/events/admin.py /home/ec2-user/HMH-SERVER/HMH/events/apps.py /home/ec2-user/HMH-SERVER/HMH/events/models.py /home/ec2-user/HMH-SERVER/HMH/events/serializers.py /home/ec2-user/HMH-SERVER/HMH/events/tests.py /home/ec2-user/HMH-SERVER/HMH/events/urls.py /home/ec2-user/HMH-SERVER/HMH/events/views.py /home/ec2-user/HMH-SERVER/HMH/events/__pycache__/__init__.cpython-39.pyc /home/ec2-user/HMH-SERVER/HMH/events/__pycache__/admin.cpython-39.pyc /home/ec2-user/HMH-SERVER/HMH/events/__pycache__/apps.cpython-39.pyc /home/ec2-user/HMH-SERVER/HMH/events/__pycache__/models.cpython-39.pyc /home/ec2-user/HMH-SERVER/HMH/events/__pycache__/serializers.cpython-39.pyc /home/ec2-user/HMH-SERVER/HMH/events/__pycache__/urls.cpython-39.pyc /home/ec2-user/HMH-SERVER/HMH/events/__pycache__/views.cpython-39.pyc /home/ec2-user/HMH-SERVER/HMH/events/migrations/__init__.py /home/ec2-user/HMH-SERVER/HMH/events/migrations/0001_initial.py /home/ec2-user/HMH-SERVER/HMH/events/migrations/0002_image_userapplication_ticket_eventimage.py /home/ec2-user/HMH-SERVER/HMH/events/migrations/__pycache__/__init__.cpython-39.pyc /home/ec2-user/HMH-SERVER/HMH/events/migrations/__pycache__/0001_initial.cpython-39.pyc /home/ec2-user/HMH-SERVER/HMH/events/migrations/__pycache__/0002_image_userapplication_ticket_eventimage.cpython-39.pyc /home/ec2-user/HMH-SERVER/HMH/logs/HMH.log /home/ec2-user/HMH-SERVER/HMH/sample_swagger/__init__.py /home/ec2-user/HMH-SERVER/HMH/sample_swagger/admin.py /home/ec2-user/HMH-SERVER/HMH/sample_swagger/apps.py /home/ec2-user/HMH-SERVER/HMH/sample_swagger/models.py /home/ec2-user/HMH-SERVER/HMH/sample_swagger/tests.py /home/ec2-user/HMH-SERVER/HMH/sample_swagger/urls.py /home/ec2-user/HMH-SERVER/HMH/sample_swagger/views.py /home/ec2-user/HMH-SERVER/HMH/sample_swagger/__pycache__/__init__.cpython-39.pyc /home/ec2-user/HMH-SERVER/HMH/sample_swagger/__pycache__/urls.cpython-39.pyc /home/ec2-user/HMH-SERVER/HMH/sample_swagger/__pycache__/views.cpython-39.pyc /home/ec2-user/HMH-SERVER/HMH/sample_swagger/migrations/__init__.py /home/ec2-user/HMH-SERVER/HMH/www_dir/hmh-uwsgi.ini /home/ec2-user/HMH-SERVER/HMH/www_dir/static/admin/css/autocomplete.css /home/ec2-user/HMH-SERVER/HMH/www_dir/static/admin/css/base.css /home/ec2-user/HMH-SERVER/HMH/www_dir/static/admin/css/changelists.css /home/ec2-user/HMH-SERVER/HMH/www_dir/static/admin/css/dark_mode.css /home/ec2-user/HMH-SERVER/HMH/www_dir/static/admin/css/dashboard.css /home/ec2-user/HMH-SERVER/HMH/www_dir/static/admin/css/forms.css /home/ec2-user/HMH-SERVER/HMH/www_dir/static/admin/css/login.css /home/ec2-user/HMH-SERVER/HMH/www_dir/static/admin/css/nav_sidebar.css /home/ec2-user/HMH-SERVER/HMH/www_dir/static/admin/css/responsive_rtl.css /home/ec2-user/HMH-SERVER/HMH/www_dir/static/admin/css/responsive.css /home/ec2-user/HMH-SERVER/HMH/www_dir/static/admin/css/rtl.css /home/ec2-user/HMH-SERVER/HMH/www_dir/static/admin/css/widgets.css /home/ec2-user/HMH-SERVER/HMH/www_dir/static/admin/css/vendor/select2/LICENSE-SELECT2.md /home/ec2-user/HMH-SERVER/HMH/www_dir/static/admin/css/vendor/select2/select2.css /home/ec2-user/HMH-SERVER/HMH/www_dir/static/admin/css/vendor/select2/select2.min.css /home/ec2-user/HMH-SERVER/HMH/www_dir/static/admin/img/calendar-icons.svg /home/ec2-user/HMH-SERVER/HMH/www_dir/static/admin/img/icon-addlink.svg /home/ec2-user/HMH-SERVER/HMH/www_dir/static/admin/img/icon-alert.svg /home/ec2-user/HMH-SERVER/HMH/www_dir/static/admin/img/icon-calendar.svg /home/ec2-user/HMH-SERVER/HMH/www_dir/static/admin/img/icon-changelink.svg /home/ec2-user/HMH-SERVER/HMH/www_dir/static/admin/img/icon-clock.svg /home/ec2-user/HMH-SERVER/HMH/www_dir/static/admin/img/icon-deletelink.svg /home/ec2-user/HMH-SERVER/HMH/www_dir/static/admin/img/icon-no.svg /home/ec2-user/HMH-SERVER/HMH/www_dir/static/admin/img/icon-unknown-alt.svg /home/ec2-user/HMH-SERVER/HMH/www_dir/static/admin/img/icon-unknown.svg /home/ec2-user/HMH-SERVER/HMH/www_dir/static/admin/img/icon-viewlink.svg /home/ec2-user/HMH-SERVER/HMH/www_dir/static/admin/img/icon-yes.svg /home/ec2-user/HMH-SERVER/HMH/www_dir/static/admin/img/inline-delete.svg /home/ec2-user/HMH-SERVER/HMH/www_dir/static/admin/img/LICENSE /home/ec2-user/HMH-SERVER/HMH/www_dir/static/admin/img/README.txt /home/ec2-user/HMH-SERVER/HMH/www_dir/static/admin/img/search.svg /home/ec2-user/HMH-SERVER/HMH/www_dir/static/admin/img/selector-icons.svg /home/ec2-user/HMH-SERVER/HMH/www_dir/static/admin/img/sorting-icons.svg /home/ec2-user/HMH-SERVER/HMH/www_dir/static/admin/img/tooltag-add.svg /home/ec2-user/HMH-SERVER/HMH/www_dir/static/admin/img/tooltag-arrowright.svg /home/ec2-user/HMH-SERVER/HMH/www_dir/static/admin/img/gis/move_vertex_off.svg /home/ec2-user/HMH-SERVER/HMH/www_dir/static/admin/img/gis/move_vertex_on.svg /home/ec2-user/HMH-SERVER/HMH/www_dir/static/admin/js/actions.js /home/ec2-user/HMH-SERVER/HMH/www_dir/static/admin/js/autocomplete.js /home/ec2-user/HMH-SERVER/HMH/www_dir/static/admin/js/calendar.js /home/ec2-user/HMH-SERVER/HMH/www_dir/static/admin/js/cancel.js /home/ec2-user/HMH-SERVER/HMH/www_dir/static/admin/js/change_form.js /home/ec2-user/HMH-SERVER/HMH/www_dir/static/admin/js/collapse.js /home/ec2-user/HMH-SERVER/HMH/www_dir/static/admin/js/core.js /home/ec2-user/HMH-SERVER/HMH/www_dir/static/admin/js/filters.js /home/ec2-user/HMH-SERVER/HMH/www_dir/static/admin/js/inlines.js /home/ec2-user/HMH-SERVER/HMH/www_dir/static/admin/js/jquery.init.js /home/ec2-user/HMH-SERVER/HMH/www_dir/static/admin/js/nav_sidebar.js /home/ec2-user/HMH-SERVER/HMH/www_dir/static/admin/js/popup_response.js /home/ec2-user/HMH-SERVER/HMH/www_dir/static/admin/js/prepopulate_init.js /home/ec2-user/HMH-SERVER/HMH/www_dir/static/admin/js/prepopulate.js /home/ec2-user/HMH-SERVER/HMH/www_dir/static/admin/js/SelectBox.js /home/ec2-user/HMH-SERVER/HMH/www_dir/static/admin/js/SelectFilter2.js /home/ec2-user/HMH-SERVER/HMH/www_dir/static/admin/js/theme.js /home/ec2-user/HMH-SERVER/HMH/www_dir/static/admin/js/urlify.js /home/ec2-user/HMH-SERVER/HMH/www_dir/static/admin/js/admin/DateTimeShortcuts.js /home/ec2-user/HMH-SERVER/HMH/www_dir/static/admin/js/admin/RelatedObjectLookups.js /home/ec2-user/HMH-SERVER/HMH/www_dir/static/admin/js/vendor/jquery/jquery.js /home/ec2-user/HMH-SERVER/HMH/www_dir/static/admin/js/vendor/jquery/jquery.min.js /home/ec2-user/HMH-SERVER/HMH/www_dir/static/admin/js/vendor/jquery/LICENSE.txt /home/ec2-user/HMH-SERVER/HMH/www_dir/static/admin/js/vendor/select2/LICENSE.md /home/ec2-user/HMH-SERVER/HMH/www_dir/static/admin/js/vendor/select2/select2.full.js /home/ec2-user/HMH-SERVER/HMH/www_dir/static/admin/js/vendor/select2/select2.full.min.js /home/ec2-user/HMH-SERVER/HMH/www_dir/static/admin/js/vendor/select2/i18n/af.js /home/ec2-user/HMH-SERVER/HMH/www_dir/static/admin/js/vendor/select2/i18n/ar.js /home/ec2-user/HMH-SERVER/HMH/www_dir/static/admin/js/vendor/select2/i18n/az.js /home/ec2-user/HMH-SERVER/HMH/www_dir/static/admin/js/vendor/select2/i18n/bg.js /home/ec2-user/HMH-SERVER/HMH/www_dir/static/admin/js/vendor/select2/i18n/bn.js /home/ec2-user/HMH-SERVER/HMH/www_dir/static/admin/js/vendor/select2/i18n/bs.js /home/ec2-user/HMH-SERVER/HMH/www_dir/static/admin/js/vendor/select2/i18n/ca.js /home/ec2-user/HMH-SERVER/HMH/www_dir/static/admin/js/vendor/select2/i18n/cs.js /home/ec2-user/HMH-SERVER/HMH/www_dir/static/admin/js/vendor/select2/i18n/da.js /home/ec2-user/HMH-SERVER/HMH/www_dir/static/admin/js/vendor/select2/i18n/de.js /home/ec2-user/HMH-SERVER/HMH/www_dir/static/admin/js/vendor/select2/i18n/dsb.js /home/ec2-user/HMH-SERVER/HMH/www_dir/static/admin/js/vendor/select2/i18n/el.js /home/ec2-user/HMH-SERVER/HMH/www_dir/static/admin/js/vendor/select2/i18n/en.js /home/ec2-user/HMH-SERVER/HMH/www_dir/static/admin/js/vendor/select2/i18n/es.js /home/ec2-user/HMH-SERVER/HMH/www_dir/static/admin/js/vendor/select2/i18n/et.js /home/ec2-user/HMH-SERVER/HMH/www_dir/static/admin/js/vendor/select2/i18n/eu.js /home/ec2-user/HMH-SERVER/HMH/www_dir/static/admin/js/vendor/select2/i18n/fa.js /home/ec2-user/HMH-SERVER/HMH/www_dir/static/admin/js/vendor/select2/i18n/fi.js /home/ec2-user/HMH-SERVER/HMH/www_dir/static/admin/js/vendor/select2/i18n/fr.js /home/ec2-user/HMH-SERVER/HMH/www_dir/static/admin/js/vendor/select2/i18n/gl.js /home/ec2-user/HMH-SERVER/HMH/www_dir/static/admin/js/vendor/select2/i18n/he.js /home/ec2-user/HMH-SERVER/HMH/www_dir/static/admin/js/vendor/select2/i18n/hi.js /home/ec2-user/HMH-SERVER/HMH/www_dir/static/admin/js/vendor/select2/i18n/hr.js /home/ec2-user/HMH-SERVER/HMH/www_dir/static/admin/js/vendor/select2/i18n/hsb.js /home/ec2-user/HMH-SERVER/HMH/www_dir/static/admin/js/vendor/select2/i18n/hu.js /home/ec2-user/HMH-SERVER/HMH/www_dir/static/admin/js/vendor/select2/i18n/hy.js /home/ec2-user/HMH-SERVER/HMH/www_dir/static/admin/js/vendor/select2/i18n/id.js /home/ec2-user/HMH-SERVER/HMH/www_dir/static/admin/js/vendor/select2/i18n/is.js /home/ec2-user/HMH-SERVER/HMH/www_dir/static/admin/js/vendor/select2/i18n/it.js /home/ec2-user/HMH-SERVER/HMH/www_dir/static/admin/js/vendor/select2/i18n/ja.js /home/ec2-user/HMH-SERVER/HMH/www_dir/static/admin/js/vendor/select2/i18n/ka.js /home/ec2-user/HMH-SERVER/HMH/www_dir/static/admin/js/vendor/select2/i18n/km.js /home/ec2-user/HMH-SERVER/HMH/www_dir/static/admin/js/vendor/select2/i18n/ko.js /home/ec2-user/HMH-SERVER/HMH/www_dir/static/admin/js/vendor/select2/i18n/lt.js /home/ec2-user/HMH-SERVER/HMH/www_dir/static/admin/js/vendor/select2/i18n/lv.js /home/ec2-user/HMH-SERVER/HMH/www_dir/static/admin/js/vendor/select2/i18n/mk.js /home/ec2-user/HMH-SERVER/HMH/www_dir/static/admin/js/vendor/select2/i18n/ms.js /home/ec2-user/HMH-SERVER/HMH/www_dir/static/admin/js/vendor/select2/i18n/nb.js /home/ec2-user/HMH-SERVER/HMH/www_dir/static/admin/js/vendor/select2/i18n/ne.js /home/ec2-user/HMH-SERVER/HMH/www_dir/static/admin/js/vendor/select2/i18n/nl.js /home/ec2-user/HMH-SERVER/HMH/www_dir/static/admin/js/vendor/select2/i18n/pl.js /home/ec2-user/HMH-SERVER/HMH/www_dir/static/admin/js/vendor/select2/i18n/ps.js /home/ec2-user/HMH-SERVER/HMH/www_dir/static/admin/js/vendor/select2/i18n/pt-BR.js /home/ec2-user/HMH-SERVER/HMH/www_dir/static/admin/js/vendor/select2/i18n/pt.js /home/ec2-user/HMH-SERVER/HMH/www_dir/static/admin/js/vendor/select2/i18n/ro.js /home/ec2-user/HMH-SERVER/HMH/www_dir/static/admin/js/vendor/select2/i18n/ru.js /home/ec2-user/HMH-SERVER/HMH/www_dir/static/admin/js/vendor/select2/i18n/sk.js /home/ec2-user/HMH-SERVER/HMH/www_dir/static/admin/js/vendor/select2/i18n/sl.js /home/ec2-user/HMH-SERVER/HMH/www_dir/static/admin/js/vendor/select2/i18n/sq.js /home/ec2-user/HMH-SERVER/HMH/www_dir/static/admin/js/vendor/select2/i18n/sr-Cyrl.js /home/ec2-user/HMH-SERVER/HMH/www_dir/static/admin/js/vendor/select2/i18n/sr.js /home/ec2-user/HMH-SERVER/HMH/www_dir/static/admin/js/vendor/select2/i18n/sv.js /home/ec2-user/HMH-SERVER/HMH/www_dir/static/admin/js/vendor/select2/i18n/th.js /home/ec2-user/HMH-SERVER/HMH/www_dir/static/admin/js/vendor/select2/i18n/tk.js /home/ec2-user/HMH-SERVER/HMH/www_dir/static/admin/js/vendor/select2/i18n/tr.js /home/ec2-user/HMH-SERVER/HMH/www_dir/static/admin/js/vendor/select2/i18n/uk.js /home/ec2-user/HMH-SERVER/HMH/www_dir/static/admin/js/vendor/select2/i18n/vi.js /home/ec2-user/HMH-SERVER/HMH/www_dir/static/admin/js/vendor/select2/i18n/zh-CN.js /home/ec2-user/HMH-SERVER/HMH/www_dir/static/admin/js/vendor/select2/i18n/zh-TW.js /home/ec2-user/HMH-SERVER/HMH/www_dir/static/admin/js/vendor/xregexp/LICENSE.txt /home/ec2-user/HMH-SERVER/HMH/www_dir/static/admin/js/vendor/xregexp/xregexp.js /home/ec2-user/HMH-SERVER/HMH/www_dir/static/admin/js/vendor/xregexp/xregexp.min.js /home/ec2-user/HMH-SERVER/HMH/www_dir/static/drf-yasg/immutable.js /home/ec2-user/HMH-SERVER/HMH/www_dir/static/drf-yasg/immutable.min.js /home/ec2-user/HMH-SERVER/HMH/www_dir/static/drf-yasg/insQ.js /home/ec2-user/HMH-SERVER/HMH/www_dir/static/drf-yasg/insQ.min.js /home/ec2-user/HMH-SERVER/HMH/www_dir/static/drf-yasg/README /home/ec2-user/HMH-SERVER/HMH/www_dir/static/drf-yasg/redoc-init.js /home/ec2-user/HMH-SERVER/HMH/www_dir/static/drf-yasg/style.css /home/ec2-user/HMH-SERVER/HMH/www_dir/static/drf-yasg/swagger-ui-init.js /home/ec2-user/HMH-SERVER/HMH/www_dir/static/drf-yasg/redoc/LICENSE /home/ec2-user/HMH-SERVER/HMH/www_dir/static/drf-yasg/redoc/redoc-logo.png /home/ec2-user/HMH-SERVER/HMH/www_dir/static/drf-yasg/redoc/redoc.min.js /home/ec2-user/HMH-SERVER/HMH/www_dir/static/drf-yasg/redoc/redoc.standalone.js.map /home/ec2-user/HMH-SERVER/HMH/www_dir/static/drf-yasg/redoc-old/LICENSE /home/ec2-user/HMH-SERVER/HMH/www_dir/static/drf-yasg/redoc-old/redoc.min.js /home/ec2-user/HMH-SERVER/HMH/www_dir/static/drf-yasg/redoc-old/redoc.min.js.map /home/ec2-user/HMH-SERVER/HMH/www_dir/static/drf-yasg/swagger-ui-dist/absolute-path.js /home/ec2-user/HMH-SERVER/HMH/www_dir/static/drf-yasg/swagger-ui-dist/favicon-32x32.png /home/ec2-user/HMH-SERVER/HMH/www_dir/static/drf-yasg/swagger-ui-dist/index.css /home/ec2-user/HMH-SERVER/HMH/www_dir/static/drf-yasg/swagger-ui-dist/index.js /home/ec2-user/HMH-SERVER/HMH/www_dir/static/drf-yasg/swagger-ui-dist/LICENSE /home/ec2-user/HMH-SERVER/HMH/www_dir/static/drf-yasg/swagger-ui-dist/NOTICE /home/ec2-user/HMH-SERVER/HMH/www_dir/static/drf-yasg/swagger-ui-dist/oauth2-redirect.html /home/ec2-user/HMH-SERVER/HMH/www_dir/static/drf-yasg/swagger-ui-dist/swagger-initializer.js /home/ec2-user/HMH-SERVER/HMH/www_dir/static/drf-yasg/swagger-ui-dist/swagger-ui-bundle.js /home/ec2-user/HMH-SERVER/HMH/www_dir/static/drf-yasg/swagger-ui-dist/swagger-ui-bundle.js.map /home/ec2-user/HMH-SERVER/HMH/www_dir/static/drf-yasg/swagger-ui-dist/swagger-ui-es-bundle-core.js /home/ec2-user/HMH-SERVER/HMH/www_dir/static/drf-yasg/swagger-ui-dist/swagger-ui-es-bundle-core.js.map /home/ec2-user/HMH-SERVER/HMH/www_dir/static/drf-yasg/swagger-ui-dist/swagger-ui-es-bundle.js /home/ec2-user/HMH-SERVER/HMH/www_dir/static/drf-yasg/swagger-ui-dist/swagger-ui-es-bundle.js.map /home/ec2-user/HMH-SERVER/HMH/www_dir/static/drf-yasg/swagger-ui-dist/swagger-ui-standalone-preset.js /home/ec2-user/HMH-SERVER/HMH/www_dir/static/drf-yasg/swagger-ui-dist/swagger-ui-standalone-preset.js.map /home/ec2-user/HMH-SERVER/HMH/www_dir/static/drf-yasg/swagger-ui-dist/swagger-ui.css /home/ec2-user/HMH-SERVER/HMH/www_dir/static/drf-yasg/swagger-ui-dist/swagger-ui.css.map /home/ec2-user/HMH-SERVER/HMH/www_dir/static/drf-yasg/swagger-ui-dist/swagger-ui.js.map /home/ec2-user/HMH-SERVER/HMH/www_dir/static/rest_framework/css/bootstrap-theme.min.css /home/ec2-user/HMH-SERVER/HMH/www_dir/static/rest_framework/css/bootstrap-theme.min.css.map /home/ec2-user/HMH-SERVER/HMH/www_dir/static/rest_framework/css/bootstrap-tweaks.css /home/ec2-user/HMH-SERVER/HMH/www_dir/static/rest_framework/css/bootstrap.min.css /home/ec2-user/HMH-SERVER/HMH/www_dir/static/rest_framework/css/bootstrap.min.css.map /home/ec2-user/HMH-SERVER/HMH/www_dir/static/rest_framework/css/default.css /home/ec2-user/HMH-SERVER/HMH/www_dir/static/rest_framework/css/font-awesome-4.0.3.css /home/ec2-user/HMH-SERVER/HMH/www_dir/static/rest_framework/css/prettify.css /home/ec2-user/HMH-SERVER/HMH/www_dir/static/rest_framework/docs/css/base.css /home/ec2-user/HMH-SERVER/HMH/www_dir/static/rest_framework/docs/css/highlight.css /home/ec2-user/HMH-SERVER/HMH/www_dir/static/rest_framework/docs/css/jquery.json-view.min.css /home/ec2-user/HMH-SERVER/HMH/www_dir/static/rest_framework/docs/img/favicon.ico /home/ec2-user/HMH-SERVER/HMH/www_dir/static/rest_framework/docs/img/grid.png /home/ec2-user/HMH-SERVER/HMH/www_dir/static/rest_framework/docs/js/api.js /home/ec2-user/HMH-SERVER/HMH/www_dir/static/rest_framework/docs/js/highlight.pack.js /home/ec2-user/HMH-SERVER/HMH/www_dir/static/rest_framework/docs/js/jquery.json-view.min.js /home/ec2-user/HMH-SERVER/HMH/www_dir/static/rest_framework/fonts/fontawesome-webfont.eot /home/ec2-user/HMH-SERVER/HMH/www_dir/static/rest_framework/fonts/fontawesome-webfont.svg /home/ec2-user/HMH-SERVER/HMH/www_dir/static/rest_framework/fonts/fontawesome-webfont.ttf /home/ec2-user/HMH-SERVER/HMH/www_dir/static/rest_framework/fonts/fontawesome-webfont.woff /home/ec2-user/HMH-SERVER/HMH/www_dir/static/rest_framework/fonts/glyphicons-halflings-regular.eot /home/ec2-user/HMH-SERVER/HMH/www_dir/static/rest_framework/fonts/glyphicons-halflings-regular.svg /home/ec2-user/HMH-SERVER/HMH/www_dir/static/rest_framework/fonts/glyphicons-halflings-regular.ttf /home/ec2-user/HMH-SERVER/HMH/www_dir/static/rest_framework/fonts/glyphicons-halflings-regular.woff /home/ec2-user/HMH-SERVER/HMH/www_dir/static/rest_framework/fonts/glyphicons-halflings-regular.woff2 /home/ec2-user/HMH-SERVER/HMH/www_dir/static/rest_framework/img/glyphicons-halflings-white.png /home/ec2-user/HMH-SERVER/HMH/www_dir/static/rest_framework/img/glyphicons-halflings.png /home/ec2-user/HMH-SERVER/HMH/www_dir/static/rest_framework/img/grid.png /home/ec2-user/HMH-SERVER/HMH/www_dir/static/rest_framework/js/ajax-form.js /home/ec2-user/HMH-SERVER/HMH/www_dir/static/rest_framework/js/bootstrap.min.js /home/ec2-user/HMH-SERVER/HMH/www_dir/static/rest_framework/js/coreapi-0.1.1.js /home/ec2-user/HMH-SERVER/HMH/www_dir/static/rest_framework/js/csrf.js /home/ec2-user/HMH-SERVER/HMH/www_dir/static/rest_framework/js/default.js /home/ec2-user/HMH-SERVER/HMH/www_dir/static/rest_framework/js/jquery-3.7.1.min.js /home/ec2-user/HMH-SERVER/HMH/www_dir/static/rest_framework/js/load-ajax-form.js /home/ec2-user/HMH-SERVER/HMH/www_dir/static/rest_framework/js/prettify-min.js [401ms]
2024-10-15 04:03:25.237 [info] error: insufficient permission for adding an object to repository database .git/objects
error: HMH/events/__pycache__/models.cpython-39.pyc: failed to insert into database
error: unable to index file 'HMH/events/__pycache__/models.cpython-39.pyc'
fatal: adding files failed
2024-10-15 04:03:25.661 [info] > git config --get commit.template [295ms]
2024-10-15 04:03:25.944 [info] > git for-each-ref --format=%(refname)%00%(upstream:short)%00%(objectname)%00%(upstream:track)%00%(upstream:remotename)%00%(upstream:remoteref) refs/heads/swagger refs/remotes/swagger [313ms]
2024-10-15 04:03:26.611 [info] > git status -z -uall [496ms]
2024-10-15 04:03:50.013 [info] > git add -A -- . [178ms]
2024-10-15 04:03:50.017 [info] error: insufficient permission for adding an object to repository database .git/objects
error: HMH/manage.py: failed to insert into database
error: unable to index file 'HMH/manage.py'
fatal: updating files failed
2024-10-15 04:03:50.348 [info] > git config --get commit.template [171ms]
2024-10-15 04:03:50.456 [info] > git for-each-ref --format=%(refname)%00%(upstream:short)%00%(objectname)%00%(upstream:track)%00%(upstream:remotename)%00%(upstream:remoteref) refs/heads/swagger refs/remotes/swagger [191ms]
2024-10-15 04:03:51.617 [info] > git status -z -uall [969ms]
2024-10-15 04:04:02.245 [info] > git add -A -- . [1763ms]
2024-10-15 04:04:02.301 [info] error: insufficient permission for adding an object to repository database .git/objects
error: HMH/manage.py: failed to insert into database
error: unable to index file 'HMH/manage.py'
fatal: updating files failed
2024-10-15 04:04:03.522 [info] > git config --get commit.template [743ms]
2024-10-15 04:04:10.493 [info] > git for-each-ref --format=%(refname)%00%(upstream:short)%00%(objectname)%00%(upstream:track)%00%(upstream:remotename)%00%(upstream:remoteref) refs/heads/swagger refs/remotes/swagger [6377ms]
2024-10-15 04:04:45.349 [info] > git status -z -uall [31178ms]
