2024-10-13 18:49:11.838 [info] 로그 수준: Info
2024-10-13 18:49:11.838 [info] "git"에서 찾은 git 유효성을 검사하는 중
2024-10-13 18:49:11.838 [info] "2.40.1"에서 git "git"을(를) 사용하는 중
2024-10-13 18:49:11.838 [warning] Failed to get repository realpath for: "/home/ec2-user/HMH". Error: ENOENT: no such file or directory, realpath '/home/ec2-user/HMH'
2024-10-13 18:49:11.838 [info] > git rev-parse --show-toplevel [17ms]
2024-10-13 18:49:11.838 [info] fatal: not a git repository (or any of the parent directories): .git
2024-10-13 18:49:11.838 [info] > git rev-parse --show-toplevel [14ms]
2024-10-13 18:49:11.840 [info] > git rev-parse --git-dir --git-common-dir [4ms]
2024-10-13 18:49:11.862 [info] Open repository: /home/ec2-user/HMH-SERVER
2024-10-13 18:49:11.887 [info] > git config --get commit.template [4ms]
2024-10-13 18:49:11.901 [info] > git rev-parse --show-toplevel [15ms]
2024-10-13 18:49:11.901 [info] fatal: not a git repository (or any of the parent directories): .git
2024-10-13 18:49:11.910 [info] > git for-each-ref --format=%(refname)%00%(upstream:short)%00%(objectname)%00%(upstream:track)%00%(upstream:remotename)%00%(upstream:remoteref) refs/heads/swagger refs/remotes/swagger [11ms]
2024-10-13 18:49:11.922 [info] > git rev-parse --show-toplevel [13ms]
2024-10-13 18:49:11.922 [info] fatal: not a git repository (or any of the parent directories): .git
2024-10-13 18:49:11.948 [info] > git status -z -uall [27ms]
2024-10-13 18:49:11.948 [info] > git rev-parse --show-toplevel [15ms]
2024-10-13 18:49:11.948 [info] fatal: not a git repository (or any of the parent directories): .git
2024-10-13 18:49:12.090 [info] > git config --get commit.template [3ms]
2024-10-13 18:49:12.090 [info] > git rev-parse --show-toplevel [11ms]
2024-10-13 18:49:12.090 [info] fatal: not a git repository (or any of the parent directories): .git
2024-10-13 18:49:12.126 [info] > git for-each-ref --format=%(refname)%00%(upstream:short)%00%(objectname)%00%(upstream:track)%00%(upstream:remotename)%00%(upstream:remoteref) refs/heads/swagger refs/remotes/swagger [17ms]
2024-10-13 18:49:12.142 [info] > git status -z -uall [10ms]
2024-10-13 18:49:12.631 [info] > git check-ignore -v -z --stdin [9ms]
2024-10-13 18:49:12.714 [info] > git show --textconv :HMH/be/settings.py [11ms]
2024-10-13 18:49:12.725 [info] > git ls-files --stage -- /home/ec2-user/HMH-SERVER/HMH/be/settings.py [12ms]
2024-10-13 18:49:12.743 [info] > git cat-file -s 1e2a1b5f93f47ba0a4f1b78d9319d60efee6585c [8ms]
2024-10-13 18:50:46.446 [info] > git check-ignore -v -z --stdin [14ms]
2024-10-13 18:50:47.732 [info] > git show --textconv :HMH/accounts/admin.py [6ms]
2024-10-13 18:50:47.734 [info] > git ls-files --stage -- /home/ec2-user/HMH-SERVER/HMH/accounts/admin.py [4ms]
2024-10-13 18:51:25.600 [info] > git show --textconv :HMH/accounts/urls.py [5ms]
2024-10-13 18:51:25.603 [info] > git ls-files --stage -- /home/ec2-user/HMH-SERVER/HMH/accounts/urls.py [4ms]
2024-10-13 18:51:34.164 [info] > git show --textconv :HMH/accounts/admin.py [5ms]
2024-10-13 18:51:34.168 [info] > git ls-files --stage -- /home/ec2-user/HMH-SERVER/HMH/accounts/admin.py [4ms]
2024-10-13 18:51:40.708 [info] > git show --textconv :HMH/accounts/apps.py [5ms]
2024-10-13 18:51:40.712 [info] > git ls-files --stage -- /home/ec2-user/HMH-SERVER/HMH/accounts/apps.py [5ms]
2024-10-13 18:52:03.914 [info] > git show --textconv :HMH/accounts/managers.py [5ms]
2024-10-13 18:52:03.917 [info] > git ls-files --stage -- /home/ec2-user/HMH-SERVER/HMH/accounts/managers.py [3ms]
2024-10-13 18:52:17.268 [info] > git show --textconv :HMH/accounts/models.py [5ms]
2024-10-13 18:52:17.272 [info] > git ls-files --stage -- /home/ec2-user/HMH-SERVER/HMH/accounts/models.py [4ms]
2024-10-13 18:52:29.934 [info] > git show --textconv :HMH/accounts/serializers.py [4ms]
2024-10-13 18:52:29.938 [info] > git ls-files --stage -- /home/ec2-user/HMH-SERVER/HMH/accounts/serializers.py [5ms]
2024-10-13 18:52:50.353 [info] > git show --textconv :HMH/accounts/tests.py [4ms]
2024-10-13 18:52:50.357 [info] > git ls-files --stage -- /home/ec2-user/HMH-SERVER/HMH/accounts/tests.py [4ms]
2024-10-13 18:52:50.814 [info] > git show --textconv :HMH/accounts/views.py [7ms]
2024-10-13 18:52:50.817 [info] > git ls-files --stage -- /home/ec2-user/HMH-SERVER/HMH/accounts/views.py [5ms]
2024-10-13 18:53:33.654 [info] > git show --textconv :HMH/accounts/models.py [5ms]
2024-10-13 18:53:33.658 [info] > git ls-files --stage -- /home/ec2-user/HMH-SERVER/HMH/accounts/models.py [4ms]
2024-10-13 18:53:38.906 [info] > git check-ignore -v -z --stdin [1ms]
2024-10-13 18:53:40.403 [info] > git show --textconv :HMH/events/admin.py [5ms]
2024-10-13 18:53:40.406 [info] > git ls-files --stage -- /home/ec2-user/HMH-SERVER/HMH/events/admin.py [3ms]
2024-10-13 18:53:41.809 [info] > git show --textconv :HMH/events/models.py [6ms]
2024-10-13 18:53:41.812 [info] > git ls-files --stage -- /home/ec2-user/HMH-SERVER/HMH/events/models.py [4ms]
2024-10-13 18:53:44.804 [info] > git show --textconv :HMH/events/admin.py [5ms]
2024-10-13 18:53:44.807 [info] > git ls-files --stage -- /home/ec2-user/HMH-SERVER/HMH/events/admin.py [4ms]
2024-10-13 18:53:50.808 [info] > git show --textconv :HMH/accounts/admin.py [4ms]
2024-10-13 18:53:50.810 [info] > git ls-files --stage -- /home/ec2-user/HMH-SERVER/HMH/accounts/admin.py [2ms]
2024-10-13 18:53:52.108 [info] > git show --textconv :HMH/accounts/apps.py [4ms]
2024-10-13 18:53:52.110 [info] > git ls-files --stage -- /home/ec2-user/HMH-SERVER/HMH/accounts/apps.py [2ms]
2024-10-13 18:54:24.319 [info] > git show --textconv :HMH/events/apps.py [5ms]
2024-10-13 18:54:24.321 [info] > git ls-files --stage -- /home/ec2-user/HMH-SERVER/HMH/events/apps.py [3ms]
2024-10-13 18:54:46.222 [info] > git check-ignore -v -z --stdin [3ms]
2024-10-13 18:54:47.052 [info] > git check-ignore -v -z --stdin [4ms]
2024-10-13 18:54:48.799 [info] > git show --textconv :HMH/events/migrations/__init__.py [5ms]
2024-10-13 18:54:48.801 [info] > git ls-files --stage -- /home/ec2-user/HMH-SERVER/HMH/events/migrations/__init__.py [3ms]
2024-10-13 18:54:49.490 [info] > git show --textconv :HMH/events/migrations/0001_initial.py [5ms]
2024-10-13 18:54:49.493 [info] > git ls-files --stage -- /home/ec2-user/HMH-SERVER/HMH/events/migrations/0001_initial.py [5ms]
2024-10-13 18:55:45.423 [info] > git show --textconv :HMH/events/admin.py [4ms]
2024-10-13 18:55:45.427 [info] > git ls-files --stage -- /home/ec2-user/HMH-SERVER/HMH/events/admin.py [4ms]
2024-10-13 18:55:47.883 [info] > git show --textconv :HMH/accounts/admin.py [4ms]
2024-10-13 18:55:47.887 [info] > git ls-files --stage -- /home/ec2-user/HMH-SERVER/HMH/accounts/admin.py [4ms]
2024-10-13 18:55:56.980 [info] > git show --textconv :HMH/events/apps.py [6ms]
2024-10-13 18:55:56.984 [info] > git ls-files --stage -- /home/ec2-user/HMH-SERVER/HMH/events/apps.py [5ms]
2024-10-13 18:55:57.608 [info] > git show --textconv :HMH/events/models.py [4ms]
2024-10-13 18:55:57.612 [info] > git ls-files --stage -- /home/ec2-user/HMH-SERVER/HMH/events/models.py [4ms]
2024-10-13 18:56:08.828 [info] > git show --textconv :HMH/events/serializers.py [5ms]
2024-10-13 18:56:08.831 [info] > git ls-files --stage -- /home/ec2-user/HMH-SERVER/HMH/events/serializers.py [3ms]
2024-10-13 18:56:19.710 [info] > git show --textconv :HMH/events/tests.py [5ms]
2024-10-13 18:56:19.713 [info] > git ls-files --stage -- /home/ec2-user/HMH-SERVER/HMH/events/tests.py [3ms]
2024-10-13 18:56:20.334 [info] > git show --textconv :HMH/events/urls.py [4ms]
2024-10-13 18:56:20.337 [info] > git ls-files --stage -- /home/ec2-user/HMH-SERVER/HMH/events/urls.py [3ms]
2024-10-13 18:56:28.384 [info] > git show --textconv :HMH/events/views.py [10ms]
2024-10-13 18:56:28.387 [info] > git ls-files --stage -- /home/ec2-user/HMH-SERVER/HMH/events/views.py [4ms]
2024-10-13 18:58:19.064 [info] > git show --textconv :HMH/accounts/admin.py [6ms]
2024-10-13 18:58:19.067 [info] > git ls-files --stage -- /home/ec2-user/HMH-SERVER/HMH/accounts/admin.py [4ms]
2024-10-13 19:02:09.134 [info] > git show --textconv :HMH/events/admin.py [4ms]
2024-10-13 19:02:09.138 [info] > git ls-files --stage -- /home/ec2-user/HMH-SERVER/HMH/events/admin.py [4ms]
2024-10-13 19:02:13.284 [info] > git config --get commit.template [5ms]
2024-10-13 19:02:13.292 [info] > git for-each-ref --format=%(refname)%00%(upstream:short)%00%(objectname)%00%(upstream:track)%00%(upstream:remotename)%00%(upstream:remoteref) refs/heads/swagger refs/remotes/swagger [9ms]
2024-10-13 19:02:13.301 [info] > git status -z -uall [6ms]
2024-10-13 19:02:13.800 [info] > git show --textconv :HMH/events/apps.py [6ms]
2024-10-13 19:02:13.803 [info] > git ls-files --stage -- /home/ec2-user/HMH-SERVER/HMH/events/apps.py [4ms]
2024-10-13 19:02:15.910 [info] > git show --textconv :HMH/events/models.py [7ms]
2024-10-13 19:02:15.913 [info] > git ls-files --stage -- /home/ec2-user/HMH-SERVER/HMH/events/models.py [3ms]
2024-10-13 19:02:53.591 [info] > git config --get commit.template [4ms]
2024-10-13 19:02:53.592 [info] > git for-each-ref --format=%(refname)%00%(upstream:short)%00%(objectname)%00%(upstream:track)%00%(upstream:remotename)%00%(upstream:remoteref) refs/heads/swagger refs/remotes/swagger [2ms]
2024-10-13 19:02:53.599 [info] > git status -z -uall [3ms]
2024-10-13 19:02:53.799 [info] > git show --textconv :HMH/events/serializers.py [5ms]
2024-10-13 19:02:53.802 [info] > git ls-files --stage -- /home/ec2-user/HMH-SERVER/HMH/events/serializers.py [3ms]
2024-10-13 19:03:02.742 [info] > git config --get commit.template [6ms]
2024-10-13 19:03:02.744 [info] > git for-each-ref --format=%(refname)%00%(upstream:short)%00%(objectname)%00%(upstream:track)%00%(upstream:remotename)%00%(upstream:remoteref) refs/heads/swagger refs/remotes/swagger [4ms]
2024-10-13 19:03:02.750 [info] > git status -z -uall [3ms]
2024-10-13 19:03:04.459 [info] > git show --textconv :HMH/events/tests.py [5ms]
2024-10-13 19:03:04.462 [info] > git ls-files --stage -- /home/ec2-user/HMH-SERVER/HMH/events/tests.py [3ms]
2024-10-13 19:03:10.350 [info] > git show --textconv :HMH/events/views.py [6ms]
2024-10-13 19:03:10.353 [info] > git ls-files --stage -- /home/ec2-user/HMH-SERVER/HMH/events/views.py [5ms]
2024-10-13 19:03:15.371 [info] > git config --get commit.template [5ms]
2024-10-13 19:03:15.374 [info] > git for-each-ref --format=%(refname)%00%(upstream:short)%00%(objectname)%00%(upstream:track)%00%(upstream:remotename)%00%(upstream:remoteref) refs/heads/swagger refs/remotes/swagger [3ms]
2024-10-13 19:03:15.379 [info] > git status -z -uall [2ms]
2024-10-13 19:03:22.563 [info] > git config --get commit.template [6ms]
2024-10-13 19:03:22.565 [info] > git for-each-ref --format=%(refname)%00%(upstream:short)%00%(objectname)%00%(upstream:track)%00%(upstream:remotename)%00%(upstream:remoteref) refs/heads/swagger refs/remotes/swagger [2ms]
2024-10-13 19:03:22.570 [info] > git status -z -uall [3ms]
2024-10-13 19:03:43.494 [info] > git show --textconv :HMH/events/urls.py [5ms]
2024-10-13 19:03:43.496 [info] > git ls-files --stage -- /home/ec2-user/HMH-SERVER/HMH/events/urls.py [3ms]
2024-10-13 19:03:49.303 [info] > git config --get commit.template [7ms]
2024-10-13 19:03:49.305 [info] > git for-each-ref --format=%(refname)%00%(upstream:short)%00%(objectname)%00%(upstream:track)%00%(upstream:remotename)%00%(upstream:remoteref) refs/heads/swagger refs/remotes/swagger [5ms]
2024-10-13 19:03:49.310 [info] > git status -z -uall [3ms]
2024-10-13 19:04:57.415 [info] > git config --get commit.template [4ms]
2024-10-13 19:04:57.417 [info] > git for-each-ref --format=%(refname)%00%(upstream:short)%00%(objectname)%00%(upstream:track)%00%(upstream:remotename)%00%(upstream:remoteref) refs/heads/swagger refs/remotes/swagger [3ms]
2024-10-13 19:04:57.421 [info] > git status -z -uall [2ms]
2024-10-13 19:05:04.882 [info] > git show --textconv :HMH/events/models.py [4ms]
2024-10-13 19:05:04.885 [info] > git ls-files --stage -- /home/ec2-user/HMH-SERVER/HMH/events/models.py [2ms]
2024-10-13 19:05:08.125 [info] > git config --get commit.template [4ms]
2024-10-13 19:05:08.127 [info] > git for-each-ref --format=%(refname)%00%(upstream:short)%00%(objectname)%00%(upstream:track)%00%(upstream:remotename)%00%(upstream:remoteref) refs/heads/swagger refs/remotes/swagger [2ms]
2024-10-13 19:05:08.131 [info] > git status -z -uall [2ms]
2024-10-13 19:05:12.003 [info] > git show --textconv :HMH/events/serializers.py [4ms]
2024-10-13 19:05:12.005 [info] > git ls-files --stage -- /home/ec2-user/HMH-SERVER/HMH/events/serializers.py [3ms]
2024-10-13 19:05:15.718 [info] > git show --textconv :HMH/events/models.py [5ms]
2024-10-13 19:05:15.720 [info] > git ls-files --stage -- /home/ec2-user/HMH-SERVER/HMH/events/models.py [3ms]
2024-10-13 19:05:20.020 [info] > git config --get commit.template [4ms]
2024-10-13 19:05:20.021 [info] > git for-each-ref --format=%(refname)%00%(upstream:short)%00%(objectname)%00%(upstream:track)%00%(upstream:remotename)%00%(upstream:remoteref) refs/heads/swagger refs/remotes/swagger [2ms]
2024-10-13 19:05:20.026 [info] > git status -z -uall [2ms]
2024-10-13 19:05:20.712 [info] > git show --textconv :HMH/events/apps.py [3ms]
2024-10-13 19:05:20.715 [info] > git ls-files --stage -- /home/ec2-user/HMH-SERVER/HMH/events/apps.py [2ms]
2024-10-13 19:05:21.942 [info] > git show --textconv :HMH/events/models.py [4ms]
2024-10-13 19:05:21.944 [info] > git ls-files --stage -- /home/ec2-user/HMH-SERVER/HMH/events/models.py [2ms]
2024-10-13 19:05:22.503 [info] > git show --textconv :HMH/events/serializers.py [4ms]
2024-10-13 19:05:22.505 [info] > git ls-files --stage -- /home/ec2-user/HMH-SERVER/HMH/events/serializers.py [3ms]
2024-10-13 19:05:23.678 [info] > git show --textconv :HMH/events/tests.py [4ms]
2024-10-13 19:05:23.684 [info] > git ls-files --stage -- /home/ec2-user/HMH-SERVER/HMH/events/tests.py [7ms]
2024-10-13 19:05:24.853 [info] > git show --textconv :HMH/events/serializers.py [4ms]
2024-10-13 19:05:24.855 [info] > git ls-files --stage -- /home/ec2-user/HMH-SERVER/HMH/events/serializers.py [2ms]
2024-10-13 19:05:30.682 [info] > git show --textconv :HMH/events/views.py [8ms]
2024-10-13 19:05:30.684 [info] > git ls-files --stage -- /home/ec2-user/HMH-SERVER/HMH/events/views.py [6ms]
2024-10-13 19:05:30.688 [info] > git config --get commit.template [6ms]
2024-10-13 19:05:30.689 [info] > git for-each-ref --format=%(refname)%00%(upstream:short)%00%(objectname)%00%(upstream:track)%00%(upstream:remotename)%00%(upstream:remoteref) refs/heads/swagger refs/remotes/swagger [2ms]
2024-10-13 19:05:30.693 [info] > git status -z -uall [2ms]
2024-10-13 19:05:48.230 [info] > git config --get commit.template [4ms]
2024-10-13 19:05:48.231 [info] > git for-each-ref --format=%(refname)%00%(upstream:short)%00%(objectname)%00%(upstream:track)%00%(upstream:remotename)%00%(upstream:remoteref) refs/heads/swagger refs/remotes/swagger [2ms]
2024-10-13 19:05:48.235 [info] > git status -z -uall [2ms]
2024-10-13 19:05:57.684 [info] > git config --get commit.template [4ms]
2024-10-13 19:05:57.686 [info] > git for-each-ref --format=%(refname)%00%(upstream:short)%00%(objectname)%00%(upstream:track)%00%(upstream:remotename)%00%(upstream:remoteref) refs/heads/swagger refs/remotes/swagger [2ms]
2024-10-13 19:05:57.690 [info] > git status -z -uall [2ms]
2024-10-13 19:06:15.173 [info] > git show --textconv :HMH/events/models.py [4ms]
2024-10-13 19:06:15.175 [info] > git ls-files --stage -- /home/ec2-user/HMH-SERVER/HMH/events/models.py [3ms]
2024-10-13 19:07:05.271 [info] > git config --get commit.template [6ms]
2024-10-13 19:07:05.272 [info] > git for-each-ref --format=%(refname)%00%(upstream:short)%00%(objectname)%00%(upstream:track)%00%(upstream:remotename)%00%(upstream:remoteref) refs/heads/swagger refs/remotes/swagger [2ms]
2024-10-13 19:07:05.277 [info] > git status -z -uall [2ms]
2024-10-13 19:07:22.254 [info] > git config --get commit.template [4ms]
2024-10-13 19:07:22.256 [info] > git for-each-ref --format=%(refname)%00%(upstream:short)%00%(objectname)%00%(upstream:track)%00%(upstream:remotename)%00%(upstream:remoteref) refs/heads/swagger refs/remotes/swagger [2ms]
2024-10-13 19:07:22.260 [info] > git status -z -uall [2ms]
2024-10-13 19:14:52.556 [info] > git config --get commit.template [4ms]
2024-10-13 19:14:52.558 [info] > git for-each-ref --format=%(refname)%00%(upstream:short)%00%(objectname)%00%(upstream:track)%00%(upstream:remotename)%00%(upstream:remoteref) refs/heads/swagger refs/remotes/swagger [3ms]
2024-10-13 19:14:52.564 [info] > git status -z -uall [3ms]
2024-10-13 19:15:05.971 [info] > git config --get commit.template [5ms]
2024-10-13 19:15:05.974 [info] > git for-each-ref --format=%(refname)%00%(upstream:short)%00%(objectname)%00%(upstream:track)%00%(upstream:remotename)%00%(upstream:remoteref) refs/heads/swagger refs/remotes/swagger [3ms]
2024-10-13 19:15:05.979 [info] > git status -z -uall [3ms]
2024-10-13 19:15:18.242 [info] > git config --get commit.template [7ms]
2024-10-13 19:15:18.243 [info] > git for-each-ref --format=%(refname)%00%(upstream:short)%00%(objectname)%00%(upstream:track)%00%(upstream:remotename)%00%(upstream:remoteref) refs/heads/swagger refs/remotes/swagger [2ms]
2024-10-13 19:15:18.248 [info] > git status -z -uall [1ms]
2024-10-13 19:15:28.766 [info] > git config --get commit.template [5ms]
2024-10-13 19:15:28.768 [info] > git for-each-ref --format=%(refname)%00%(upstream:short)%00%(objectname)%00%(upstream:track)%00%(upstream:remotename)%00%(upstream:remoteref) refs/heads/swagger refs/remotes/swagger [2ms]
2024-10-13 19:15:28.774 [info] > git status -z -uall [3ms]
2024-10-13 19:15:58.254 [info] > git config --get commit.template [6ms]
2024-10-13 19:15:58.255 [info] > git for-each-ref --format=%(refname)%00%(upstream:short)%00%(objectname)%00%(upstream:track)%00%(upstream:remotename)%00%(upstream:remoteref) refs/heads/swagger refs/remotes/swagger [3ms]
2024-10-13 19:15:58.260 [info] > git status -z -uall [2ms]
2024-10-13 19:17:26.330 [info] > git config --get commit.template [4ms]
2024-10-13 19:17:26.332 [info] > git for-each-ref --format=%(refname)%00%(upstream:short)%00%(objectname)%00%(upstream:track)%00%(upstream:remotename)%00%(upstream:remoteref) refs/heads/swagger refs/remotes/swagger [2ms]
2024-10-13 19:17:26.339 [info] > git status -z -uall [3ms]
2024-10-13 19:17:31.350 [info] > git config --get commit.template [4ms]
2024-10-13 19:17:31.353 [info] > git for-each-ref --format=%(refname)%00%(upstream:short)%00%(objectname)%00%(upstream:track)%00%(upstream:remotename)%00%(upstream:remoteref) refs/heads/swagger refs/remotes/swagger [2ms]
2024-10-13 19:17:31.358 [info] > git status -z -uall [3ms]
2024-10-13 19:17:57.729 [info] > git config --get commit.template [4ms]
2024-10-13 19:17:57.730 [info] > git for-each-ref --format=%(refname)%00%(upstream:short)%00%(objectname)%00%(upstream:track)%00%(upstream:remotename)%00%(upstream:remoteref) refs/heads/swagger refs/remotes/swagger [2ms]
2024-10-13 19:17:57.735 [info] > git status -z -uall [2ms]
2024-10-13 19:18:03.987 [info] > git check-ignore -v -z --stdin [3ms]
2024-10-13 19:18:04.049 [info] > git config --get commit.template [4ms]
2024-10-13 19:18:04.050 [info] > git for-each-ref --format=%(refname)%00%(upstream:short)%00%(objectname)%00%(upstream:track)%00%(upstream:remotename)%00%(upstream:remoteref) refs/heads/swagger refs/remotes/swagger [2ms]
2024-10-13 19:18:04.054 [info] > git status -z -uall [2ms]
2024-10-13 19:18:11.153 [info] > git config --get commit.template [4ms]
2024-10-13 19:18:11.155 [info] > git for-each-ref --format=%(refname)%00%(upstream:short)%00%(objectname)%00%(upstream:track)%00%(upstream:remotename)%00%(upstream:remoteref) refs/heads/swagger refs/remotes/swagger [2ms]
2024-10-13 19:18:11.159 [info] > git status -z -uall [2ms]
2024-10-13 19:22:05.700 [warning] Failed to get repository realpath for: "/home/ec2-user/HMH". Error: ENOENT: no such file or directory, realpath '/home/ec2-user/HMH'
2024-10-13 19:22:05.718 [info] > git rev-parse --show-toplevel [8ms]
2024-10-13 19:22:05.718 [info] fatal: not a git repository (or any of the parent directories): .git
2024-10-13 19:29:06.889 [info] > git show --textconv :HMH/accounts/urls.py [11ms]
2024-10-13 19:29:06.891 [info] > git ls-files --stage -- /home/ec2-user/HMH-SERVER/HMH/accounts/urls.py [7ms]
2024-10-13 19:29:12.025 [info] > git show --textconv :HMH/events/urls.py [6ms]
2024-10-13 19:29:12.027 [info] > git ls-files --stage -- /home/ec2-user/HMH-SERVER/HMH/events/urls.py [3ms]
2024-10-13 19:29:23.154 [info] > git show --textconv :HMH/events/tests.py [6ms]
2024-10-13 19:29:23.157 [info] > git ls-files --stage -- /home/ec2-user/HMH-SERVER/HMH/events/tests.py [4ms]
2024-10-13 19:29:23.874 [info] > git show --textconv :HMH/events/serializers.py [5ms]
2024-10-13 19:29:23.877 [info] > git ls-files --stage -- /home/ec2-user/HMH-SERVER/HMH/events/serializers.py [3ms]
2024-10-13 19:29:26.080 [info] > git show --textconv :HMH/events/models.py [6ms]
2024-10-13 19:29:26.083 [info] > git ls-files --stage -- /home/ec2-user/HMH-SERVER/HMH/events/models.py [4ms]
2024-10-13 19:29:28.374 [info] > git show --textconv :HMH/events/serializers.py [6ms]
2024-10-13 19:29:28.378 [info] > git ls-files --stage -- /home/ec2-user/HMH-SERVER/HMH/events/serializers.py [4ms]
2024-10-13 19:29:33.641 [info] > git show --textconv :HMH/events/views.py [6ms]
2024-10-13 19:29:33.643 [info] > git ls-files --stage -- /home/ec2-user/HMH-SERVER/HMH/events/views.py [4ms]
2024-10-13 19:30:26.496 [info] > git show --textconv :HMH/events/serializers.py [8ms]
2024-10-13 19:30:26.498 [info] > git ls-files --stage -- /home/ec2-user/HMH-SERVER/HMH/events/serializers.py [3ms]
2024-10-13 19:30:44.634 [info] > git config --get commit.template [4ms]
2024-10-13 19:30:44.640 [info] > git for-each-ref --format=%(refname)%00%(upstream:short)%00%(objectname)%00%(upstream:track)%00%(upstream:remotename)%00%(upstream:remoteref) refs/heads/swagger refs/remotes/swagger [5ms]
2024-10-13 19:30:44.646 [info] > git status -z -uall [4ms]
2024-10-13 19:30:49.659 [info] > git config --get commit.template [4ms]
2024-10-13 19:30:49.660 [info] > git for-each-ref --format=%(refname)%00%(upstream:short)%00%(objectname)%00%(upstream:track)%00%(upstream:remotename)%00%(upstream:remoteref) refs/heads/swagger refs/remotes/swagger [2ms]
2024-10-13 19:30:49.664 [info] > git status -z -uall [2ms]
2024-10-13 19:30:50.618 [info] > git show --textconv :HMH/events/views.py [5ms]
2024-10-13 19:30:50.620 [info] > git ls-files --stage -- /home/ec2-user/HMH-SERVER/HMH/events/views.py [3ms]
2024-10-13 19:31:05.849 [info] > git config --get commit.template [4ms]
2024-10-13 19:31:05.851 [info] > git for-each-ref --format=%(refname)%00%(upstream:short)%00%(objectname)%00%(upstream:track)%00%(upstream:remotename)%00%(upstream:remoteref) refs/heads/swagger refs/remotes/swagger [2ms]
2024-10-13 19:31:05.855 [info] > git status -z -uall [2ms]
2024-10-13 19:31:32.334 [info] > git config --get commit.template [4ms]
2024-10-13 19:31:32.336 [info] > git for-each-ref --format=%(refname)%00%(upstream:short)%00%(objectname)%00%(upstream:track)%00%(upstream:remotename)%00%(upstream:remoteref) refs/heads/swagger refs/remotes/swagger [2ms]
2024-10-13 19:31:32.340 [info] > git status -z -uall [2ms]
2024-10-13 19:32:12.498 [info] > git config --get commit.template [4ms]
2024-10-13 19:32:12.500 [info] > git for-each-ref --format=%(refname)%00%(upstream:short)%00%(objectname)%00%(upstream:track)%00%(upstream:remotename)%00%(upstream:remoteref) refs/heads/swagger refs/remotes/swagger [2ms]
2024-10-13 19:32:12.505 [info] > git status -z -uall [2ms]
2024-10-13 19:32:12.903 [info] > git show --textconv :HMH/events/urls.py [4ms]
2024-10-13 19:32:12.905 [info] > git ls-files --stage -- /home/ec2-user/HMH-SERVER/HMH/events/urls.py [2ms]
2024-10-13 19:32:13.488 [info] > git show --textconv :HMH/events/serializers.py [5ms]
2024-10-13 19:32:13.490 [info] > git ls-files --stage -- /home/ec2-user/HMH-SERVER/HMH/events/serializers.py [3ms]
2024-10-13 19:32:17.515 [info] > git config --get commit.template [4ms]
2024-10-13 19:32:17.517 [info] > git for-each-ref --format=%(refname)%00%(upstream:short)%00%(objectname)%00%(upstream:track)%00%(upstream:remotename)%00%(upstream:remoteref) refs/heads/swagger refs/remotes/swagger [2ms]
2024-10-13 19:32:17.521 [info] > git status -z -uall [2ms]
2024-10-13 19:32:18.389 [info] > git show --textconv :HMH/events/apps.py [4ms]
2024-10-13 19:32:18.393 [info] > git ls-files --stage -- /home/ec2-user/HMH-SERVER/HMH/events/apps.py [5ms]
2024-10-13 19:32:19.103 [info] > git show --textconv :HMH/events/models.py [4ms]
2024-10-13 19:32:19.105 [info] > git ls-files --stage -- /home/ec2-user/HMH-SERVER/HMH/events/models.py [3ms]
2024-10-13 19:32:22.532 [info] > git config --get commit.template [3ms]
2024-10-13 19:32:22.533 [info] > git for-each-ref --format=%(refname)%00%(upstream:short)%00%(objectname)%00%(upstream:track)%00%(upstream:remotename)%00%(upstream:remoteref) refs/heads/swagger refs/remotes/swagger [2ms]
2024-10-13 19:32:22.537 [info] > git status -z -uall [2ms]
2024-10-13 19:32:32.818 [info] > git show --textconv :HMH/events/apps.py [4ms]
2024-10-13 19:32:32.820 [info] > git ls-files --stage -- /home/ec2-user/HMH-SERVER/HMH/events/apps.py [3ms]
2024-10-13 19:32:34.288 [info] > git show --textconv :HMH/events/__init__.py [4ms]
2024-10-13 19:32:34.290 [info] > git ls-files --stage -- /home/ec2-user/HMH-SERVER/HMH/events/__init__.py [3ms]
2024-10-13 19:32:34.793 [info] > git show --textconv :HMH/events/admin.py [4ms]
2024-10-13 19:32:34.795 [info] > git ls-files --stage -- /home/ec2-user/HMH-SERVER/HMH/events/admin.py [3ms]
2024-10-13 19:32:40.294 [info] > git config --get commit.template [4ms]
2024-10-13 19:32:40.296 [info] > git for-each-ref --format=%(refname)%00%(upstream:short)%00%(objectname)%00%(upstream:track)%00%(upstream:remotename)%00%(upstream:remoteref) refs/heads/swagger refs/remotes/swagger [2ms]
2024-10-13 19:32:40.300 [info] > git status -z -uall [2ms]
2024-10-13 19:33:31.123 [info] > git show --textconv :HMH/accounts/adapter.py [4ms]
2024-10-13 19:33:31.125 [info] > git ls-files --stage -- /home/ec2-user/HMH-SERVER/HMH/accounts/adapter.py [2ms]
2024-10-13 19:33:53.123 [info] > git show --textconv :HMH/accounts/admin.py [4ms]
2024-10-13 19:33:53.126 [info] > git ls-files --stage -- /home/ec2-user/HMH-SERVER/HMH/accounts/admin.py [4ms]
2024-10-13 19:34:01.123 [info] > git show --textconv :HMH/accounts/apps.py [4ms]
2024-10-13 19:34:01.125 [info] > git ls-files --stage -- /home/ec2-user/HMH-SERVER/HMH/accounts/apps.py [2ms]
2024-10-13 19:34:02.238 [info] > git show --textconv :HMH/accounts/managers.py [3ms]
2024-10-13 19:34:02.240 [info] > git ls-files --stage -- /home/ec2-user/HMH-SERVER/HMH/accounts/managers.py [3ms]
2024-10-13 19:34:16.363 [info] > git show --textconv :HMH/accounts/models.py [4ms]
2024-10-13 19:34:16.365 [info] > git ls-files --stage -- /home/ec2-user/HMH-SERVER/HMH/accounts/models.py [3ms]
2024-10-13 19:34:26.062 [info] > git show --textconv :HMH/accounts/serializers.py [4ms]
2024-10-13 19:34:26.064 [info] > git ls-files --stage -- /home/ec2-user/HMH-SERVER/HMH/accounts/serializers.py [2ms]
2024-10-13 19:34:43.602 [info] > git show --textconv :HMH/accounts/urls.py [4ms]
2024-10-13 19:34:43.606 [info] > git ls-files --stage -- /home/ec2-user/HMH-SERVER/HMH/accounts/urls.py [4ms]
2024-10-13 19:34:52.718 [info] > git show --textconv :HMH/accounts/views.py [4ms]
2024-10-13 19:34:52.720 [info] > git ls-files --stage -- /home/ec2-user/HMH-SERVER/HMH/accounts/views.py [3ms]
2024-10-13 19:39:48.132 [info] > git show --textconv :HMH/accounts/models.py [4ms]
2024-10-13 19:39:48.135 [info] > git ls-files --stage -- /home/ec2-user/HMH-SERVER/HMH/accounts/models.py [3ms]
2024-10-13 19:41:16.519 [info] > git show --textconv :HMH/events/models.py [4ms]
2024-10-13 19:41:16.521 [info] > git ls-files --stage -- /home/ec2-user/HMH-SERVER/HMH/events/models.py [3ms]
2024-10-13 19:46:12.740 [info] > git config --get commit.template [5ms]
2024-10-13 19:46:12.741 [info] > git for-each-ref --format=%(refname)%00%(upstream:short)%00%(objectname)%00%(upstream:track)%00%(upstream:remotename)%00%(upstream:remoteref) refs/heads/swagger refs/remotes/swagger [2ms]
2024-10-13 19:46:12.745 [info] > git status -z -uall [2ms]
2024-10-13 19:46:16.223 [info] > git show --textconv :HMH/accounts/admin.py [4ms]
2024-10-13 19:46:16.225 [info] > git ls-files --stage -- /home/ec2-user/HMH-SERVER/HMH/accounts/admin.py [3ms]
2024-10-13 19:46:18.088 [info] > git show --textconv :HMH/accounts/adapter.py [3ms]
2024-10-13 19:46:18.090 [info] > git ls-files --stage -- /home/ec2-user/HMH-SERVER/HMH/accounts/adapter.py [2ms]
2024-10-13 19:46:18.988 [info] > git show --textconv :HMH/accounts/managers.py [14ms]
2024-10-13 19:46:18.990 [info] > git ls-files --stage -- /home/ec2-user/HMH-SERVER/HMH/accounts/managers.py [3ms]
2024-10-13 19:46:22.648 [info] > git show --textconv :HMH/accounts/models.py [4ms]
2024-10-13 19:46:22.650 [info] > git ls-files --stage -- /home/ec2-user/HMH-SERVER/HMH/accounts/models.py [3ms]
2024-10-13 19:46:59.300 [info] > git config --get commit.template [4ms]
2024-10-13 19:46:59.302 [info] > git for-each-ref --format=%(refname)%00%(upstream:short)%00%(objectname)%00%(upstream:track)%00%(upstream:remotename)%00%(upstream:remoteref) refs/heads/swagger refs/remotes/swagger [2ms]
2024-10-13 19:46:59.306 [info] > git status -z -uall [2ms]
2024-10-13 19:47:00.888 [info] > git show --textconv :HMH/accounts/serializers.py [4ms]
2024-10-13 19:47:00.890 [info] > git ls-files --stage -- /home/ec2-user/HMH-SERVER/HMH/accounts/serializers.py [2ms]
2024-10-13 19:47:27.446 [info] > git config --get commit.template [7ms]
2024-10-13 19:47:27.447 [info] > git for-each-ref --format=%(refname)%00%(upstream:short)%00%(objectname)%00%(upstream:track)%00%(upstream:remotename)%00%(upstream:remoteref) refs/heads/swagger refs/remotes/swagger [2ms]
2024-10-13 19:47:27.457 [info] > git status -z -uall [2ms]
2024-10-13 19:47:44.258 [info] > git show --textconv :HMH/accounts/urls.py [4ms]
2024-10-13 19:47:44.260 [info] > git ls-files --stage -- /home/ec2-user/HMH-SERVER/HMH/accounts/urls.py [3ms]
2024-10-13 19:47:46.313 [info] > git show --textconv :HMH/accounts/views.py [4ms]
2024-10-13 19:47:46.315 [info] > git ls-files --stage -- /home/ec2-user/HMH-SERVER/HMH/accounts/views.py [3ms]
2024-10-13 19:49:27.057 [info] > git config --get commit.template [5ms]
2024-10-13 19:49:27.061 [info] > git for-each-ref --format=%(refname)%00%(upstream:short)%00%(objectname)%00%(upstream:track)%00%(upstream:remotename)%00%(upstream:remoteref) refs/heads/swagger refs/remotes/swagger [5ms]
2024-10-13 19:49:27.072 [info] > git status -z -uall [7ms]
2024-10-13 19:49:51.039 [info] > git config --get commit.template [4ms]
2024-10-13 19:49:51.040 [info] > git for-each-ref --format=%(refname)%00%(upstream:short)%00%(objectname)%00%(upstream:track)%00%(upstream:remotename)%00%(upstream:remoteref) refs/heads/swagger refs/remotes/swagger [2ms]
2024-10-13 19:49:51.044 [info] > git status -z -uall [2ms]
2024-10-13 19:50:19.940 [info] > git show --textconv :HMH/accounts/urls.py [7ms]
2024-10-13 19:50:19.941 [info] > git ls-files --stage -- /home/ec2-user/HMH-SERVER/HMH/accounts/urls.py [3ms]
2024-10-13 19:50:32.520 [info] > git config --get commit.template [4ms]
2024-10-13 19:50:32.522 [info] > git for-each-ref --format=%(refname)%00%(upstream:short)%00%(objectname)%00%(upstream:track)%00%(upstream:remotename)%00%(upstream:remoteref) refs/heads/swagger refs/remotes/swagger [2ms]
2024-10-13 19:50:32.538 [info] > git status -z -uall [2ms]
2024-10-13 20:11:07.892 [warning] Failed to get repository realpath for: "/home/ec2-user/HMH". Error: ENOENT: no such file or directory, realpath '/home/ec2-user/HMH'
2024-10-13 20:11:07.904 [info] > git rev-parse --show-toplevel [1ms]
2024-10-13 20:11:07.904 [info] fatal: not a git repository (or any of the parent directories): .git
2024-10-13 20:11:08.726 [warning] Failed to get repository realpath for: "/home/ec2-user/HMH". Error: ENOENT: no such file or directory, realpath '/home/ec2-user/HMH'
2024-10-13 20:11:08.751 [info] > git rev-parse --show-toplevel [15ms]
2024-10-13 20:11:08.751 [info] fatal: not a git repository (or any of the parent directories): .git
2024-10-13 20:20:52.676 [warning] Failed to get repository realpath for: "/home/ec2-user/HMH". Error: ENOENT: no such file or directory, realpath '/home/ec2-user/HMH'
2024-10-13 20:20:52.728 [info] > git rev-parse --show-toplevel [19ms]
2024-10-13 20:20:52.728 [info] fatal: not a git repository (or any of the parent directories): .git
2024-10-13 20:20:52.739 [warning] Failed to get repository realpath for: "/home/ec2-user/HMH". Error: ENOENT: no such file or directory, realpath '/home/ec2-user/HMH'
2024-10-13 20:20:52.747 [info] > git rev-parse --show-toplevel [1ms]
2024-10-13 20:20:52.747 [info] fatal: not a git repository (or any of the parent directories): .git
2024-10-13 20:39:19.277 [warning] Failed to get repository realpath for: "/home/ec2-user/HMH". Error: ENOENT: no such file or directory, realpath '/home/ec2-user/HMH'
2024-10-13 20:39:19.299 [info] > git rev-parse --show-toplevel [14ms]
2024-10-13 20:39:19.300 [info] fatal: not a git repository (or any of the parent directories): .git
2024-10-13 21:05:30.576 [warning] Failed to get repository realpath for: "/home/ec2-user/HMH". Error: ENOENT: no such file or directory, realpath '/home/ec2-user/HMH'
2024-10-13 21:05:30.584 [info] > git rev-parse --show-toplevel [1ms]
2024-10-13 21:05:30.584 [info] fatal: not a git repository (or any of the parent directories): .git
2024-10-13 21:31:52.341 [warning] Failed to get repository realpath for: "/home/ec2-user/HMH". Error: ENOENT: no such file or directory, realpath '/home/ec2-user/HMH'
2024-10-13 21:31:52.379 [info] > git rev-parse --show-toplevel [30ms]
2024-10-13 21:31:52.379 [info] fatal: not a git repository (or any of the parent directories): .git
2024-10-13 21:52:40.918 [warning] Failed to get repository realpath for: "/home/ec2-user/HMH". Error: ENOENT: no such file or directory, realpath '/home/ec2-user/HMH'
2024-10-13 21:52:40.928 [info] > git rev-parse --show-toplevel [2ms]
2024-10-13 21:52:40.928 [info] fatal: not a git repository (or any of the parent directories): .git
2024-10-13 22:13:41.406 [warning] Failed to get repository realpath for: "/home/ec2-user/HMH". Error: ENOENT: no such file or directory, realpath '/home/ec2-user/HMH'
2024-10-13 22:13:41.429 [info] > git rev-parse --show-toplevel [14ms]
2024-10-13 22:13:41.429 [info] fatal: not a git repository (or any of the parent directories): .git
2024-10-13 22:34:37.187 [warning] Failed to get repository realpath for: "/home/ec2-user/HMH". Error: ENOENT: no such file or directory, realpath '/home/ec2-user/HMH'
2024-10-13 22:34:37.211 [info] > git rev-parse --show-toplevel [16ms]
2024-10-13 22:34:37.211 [info] fatal: not a git repository (or any of the parent directories): .git
2024-10-13 22:53:43.094 [warning] Failed to get repository realpath for: "/home/ec2-user/HMH". Error: ENOENT: no such file or directory, realpath '/home/ec2-user/HMH'
2024-10-13 22:53:43.165 [info] > git rev-parse --show-toplevel [19ms]
2024-10-13 22:53:43.165 [info] fatal: not a git repository (or any of the parent directories): .git
2024-10-13 23:15:57.142 [warning] Failed to get repository realpath for: "/home/ec2-user/HMH". Error: ENOENT: no such file or directory, realpath '/home/ec2-user/HMH'
2024-10-13 23:15:57.169 [info] > git rev-parse --show-toplevel [19ms]
2024-10-13 23:15:57.170 [info] fatal: not a git repository (or any of the parent directories): .git
2024-10-13 23:39:31.109 [warning] Failed to get repository realpath for: "/home/ec2-user/HMH". Error: ENOENT: no such file or directory, realpath '/home/ec2-user/HMH'
2024-10-13 23:39:31.133 [info] > git rev-parse --show-toplevel [16ms]
2024-10-13 23:39:31.133 [info] fatal: not a git repository (or any of the parent directories): .git
2024-10-13 23:54:44.958 [warning] Failed to get repository realpath for: "/home/ec2-user/HMH". Error: ENOENT: no such file or directory, realpath '/home/ec2-user/HMH'
2024-10-13 23:54:44.969 [info] > git rev-parse --show-toplevel [3ms]
2024-10-13 23:54:44.969 [info] fatal: not a git repository (or any of the parent directories): .git
2024-10-14 00:15:08.172 [warning] Failed to get repository realpath for: "/home/ec2-user/HMH". Error: ENOENT: no such file or directory, realpath '/home/ec2-user/HMH'
2024-10-14 00:15:08.220 [info] > git rev-parse --show-toplevel [21ms]
2024-10-14 00:15:08.220 [info] fatal: not a git repository (or any of the parent directories): .git
2024-10-14 00:37:48.244 [warning] Failed to get repository realpath for: "/home/ec2-user/HMH". Error: ENOENT: no such file or directory, realpath '/home/ec2-user/HMH'
2024-10-14 00:37:48.270 [info] > git rev-parse --show-toplevel [17ms]
2024-10-14 00:37:48.270 [info] fatal: not a git repository (or any of the parent directories): .git
2024-10-14 00:55:47.117 [warning] Failed to get repository realpath for: "/home/ec2-user/HMH". Error: ENOENT: no such file or directory, realpath '/home/ec2-user/HMH'
2024-10-14 00:55:47.133 [info] > git rev-parse --show-toplevel [10ms]
2024-10-14 00:55:47.133 [info] fatal: not a git repository (or any of the parent directories): .git
2024-10-14 01:17:05.010 [warning] Failed to get repository realpath for: "/home/ec2-user/HMH". Error: ENOENT: no such file or directory, realpath '/home/ec2-user/HMH'
2024-10-14 01:17:05.033 [info] > git rev-parse --show-toplevel [15ms]
2024-10-14 01:17:05.033 [info] fatal: not a git repository (or any of the parent directories): .git
2024-10-14 01:39:06.131 [warning] Failed to get repository realpath for: "/home/ec2-user/HMH". Error: ENOENT: no such file or directory, realpath '/home/ec2-user/HMH'
2024-10-14 01:39:06.152 [info] > git rev-parse --show-toplevel [15ms]
2024-10-14 01:39:06.152 [info] fatal: not a git repository (or any of the parent directories): .git
2024-10-14 01:56:49.053 [warning] Failed to get repository realpath for: "/home/ec2-user/HMH". Error: ENOENT: no such file or directory, realpath '/home/ec2-user/HMH'
2024-10-14 01:56:49.070 [info] > git rev-parse --show-toplevel [10ms]
2024-10-14 01:56:49.070 [info] fatal: not a git repository (or any of the parent directories): .git
2024-10-14 02:19:32.166 [warning] Failed to get repository realpath for: "/home/ec2-user/HMH". Error: ENOENT: no such file or directory, realpath '/home/ec2-user/HMH'
2024-10-14 02:19:32.191 [info] > git rev-parse --show-toplevel [18ms]
2024-10-14 02:19:32.191 [info] fatal: not a git repository (or any of the parent directories): .git
2024-10-14 02:46:17.247 [warning] Failed to get repository realpath for: "/home/ec2-user/HMH". Error: ENOENT: no such file or directory, realpath '/home/ec2-user/HMH'
2024-10-14 02:46:17.295 [info] > git rev-parse --show-toplevel [19ms]
2024-10-14 02:46:17.296 [info] fatal: not a git repository (or any of the parent directories): .git
2024-10-14 02:57:51.872 [warning] Failed to get repository realpath for: "/home/ec2-user/HMH". Error: ENOENT: no such file or directory, realpath '/home/ec2-user/HMH'
2024-10-14 02:57:51.883 [info] > git rev-parse --show-toplevel [2ms]
2024-10-14 02:57:51.883 [info] fatal: not a git repository (or any of the parent directories): .git
2024-10-14 03:20:02.109 [warning] Failed to get repository realpath for: "/home/ec2-user/HMH". Error: ENOENT: no such file or directory, realpath '/home/ec2-user/HMH'
2024-10-14 03:20:02.130 [info] > git rev-parse --show-toplevel [14ms]
2024-10-14 03:20:02.130 [info] fatal: not a git repository (or any of the parent directories): .git
2024-10-14 03:33:46.194 [warning] Failed to get repository realpath for: "/home/ec2-user/HMH". Error: ENOENT: no such file or directory, realpath '/home/ec2-user/HMH'
2024-10-14 03:33:46.209 [info] > git rev-parse --show-toplevel [6ms]
2024-10-14 03:33:46.209 [info] fatal: not a git repository (or any of the parent directories): .git
2024-10-14 04:30:41.618 [warning] Failed to get repository realpath for: "/home/ec2-user/HMH". Error: ENOENT: no such file or directory, realpath '/home/ec2-user/HMH'
2024-10-14 04:30:41.629 [info] > git rev-parse --show-toplevel [2ms]
2024-10-14 04:30:41.629 [info] fatal: not a git repository (or any of the parent directories): .git
2024-10-14 04:30:49.104 [info] > git config --get commit.template [5ms]
2024-10-14 04:30:49.107 [info] > git for-each-ref --format=%(refname)%00%(upstream:short)%00%(objectname)%00%(upstream:track)%00%(upstream:remotename)%00%(upstream:remoteref) refs/heads/swagger refs/remotes/swagger [4ms]
2024-10-14 04:30:49.112 [info] > git status -z -uall [2ms]
2024-10-14 04:31:32.584 [info] > git config --get commit.template [5ms]
2024-10-14 04:31:32.586 [info] > git for-each-ref --format=%(refname)%00%(upstream:short)%00%(objectname)%00%(upstream:track)%00%(upstream:remotename)%00%(upstream:remoteref) refs/heads/swagger refs/remotes/swagger [3ms]
2024-10-14 04:31:32.591 [info] > git status -z -uall [2ms]
2024-10-14 04:31:38.893 [info] > git config --get commit.template [5ms]
2024-10-14 04:31:38.895 [info] > git for-each-ref --format=%(refname)%00%(upstream:short)%00%(objectname)%00%(upstream:track)%00%(upstream:remotename)%00%(upstream:remoteref) refs/heads/swagger refs/remotes/swagger [2ms]
2024-10-14 04:31:38.901 [info] > git status -z -uall [2ms]
2024-10-14 04:32:48.135 [warning] Failed to get repository realpath for: "/home/ec2-user/HMH". Error: ENOENT: no such file or directory, realpath '/home/ec2-user/HMH'
2024-10-14 04:32:48.148 [info] > git rev-parse --show-toplevel [3ms]
2024-10-14 04:32:48.148 [info] fatal: not a git repository (or any of the parent directories): .git
2024-10-14 05:06:43.085 [info] > git show --textconv :HMH/accounts/models.py [6ms]
2024-10-14 05:06:43.088 [info] > git ls-files --stage -- /home/ec2-user/HMH-SERVER/HMH/accounts/models.py [4ms]
2024-10-14 05:06:45.728 [info] > git show --textconv :HMH/accounts/views.py [5ms]
2024-10-14 05:06:45.731 [info] > git ls-files --stage -- /home/ec2-user/HMH-SERVER/HMH/accounts/views.py [4ms]
2024-10-14 05:06:52.421 [info] > git config --get commit.template [5ms]
2024-10-14 05:06:52.424 [info] > git for-each-ref --format=%(refname)%00%(upstream:short)%00%(objectname)%00%(upstream:track)%00%(upstream:remotename)%00%(upstream:remoteref) refs/heads/swagger refs/remotes/swagger [5ms]
2024-10-14 05:06:52.430 [info] > git status -z -uall [3ms]
2024-10-14 05:07:14.299 [info] > git config --get commit.template [5ms]
2024-10-14 05:07:14.301 [info] > git for-each-ref --format=%(refname)%00%(upstream:short)%00%(objectname)%00%(upstream:track)%00%(upstream:remotename)%00%(upstream:remoteref) refs/heads/swagger refs/remotes/swagger [2ms]
2024-10-14 05:07:14.307 [info] > git status -z -uall [3ms]
2024-10-14 05:07:16.585 [info] > git show --textconv :HMH/accounts/serializers.py [6ms]
2024-10-14 05:07:16.587 [info] > git ls-files --stage -- /home/ec2-user/HMH-SERVER/HMH/accounts/serializers.py [3ms]
2024-10-14 05:07:20.630 [info] > git config --get commit.template [6ms]
2024-10-14 05:07:20.632 [info] > git for-each-ref --format=%(refname)%00%(upstream:short)%00%(objectname)%00%(upstream:track)%00%(upstream:remotename)%00%(upstream:remoteref) refs/heads/swagger refs/remotes/swagger [2ms]
2024-10-14 05:07:20.638 [info] > git status -z -uall [2ms]
2024-10-14 05:07:25.194 [info] > git show --textconv :HMH/accounts/urls.py [4ms]
2024-10-14 05:07:25.197 [info] > git ls-files --stage -- /home/ec2-user/HMH-SERVER/HMH/accounts/urls.py [3ms]
2024-10-14 05:07:29.343 [info] > git config --get commit.template [7ms]
2024-10-14 05:07:29.346 [info] > git for-each-ref --format=%(refname)%00%(upstream:short)%00%(objectname)%00%(upstream:track)%00%(upstream:remotename)%00%(upstream:remoteref) refs/heads/swagger refs/remotes/swagger [4ms]
2024-10-14 05:07:29.365 [info] > git status -z -uall [9ms]
2024-10-14 05:07:34.384 [info] > git config --get commit.template [5ms]
2024-10-14 05:07:34.386 [info] > git for-each-ref --format=%(refname)%00%(upstream:short)%00%(objectname)%00%(upstream:track)%00%(upstream:remotename)%00%(upstream:remoteref) refs/heads/swagger refs/remotes/swagger [3ms]
2024-10-14 05:07:34.392 [info] > git status -z -uall [2ms]
2024-10-14 05:12:57.858 [info] > git show --textconv :HMH/accounts/views.py [4ms]
2024-10-14 05:12:57.861 [info] > git ls-files --stage -- /home/ec2-user/HMH-SERVER/HMH/accounts/views.py [3ms]
2024-10-14 05:13:00.710 [info] > git show --textconv :HMH/accounts/urls.py [4ms]
2024-10-14 05:13:00.713 [info] > git ls-files --stage -- /home/ec2-user/HMH-SERVER/HMH/accounts/urls.py [3ms]
2024-10-14 05:13:01.958 [info] > git show --textconv :HMH/accounts/views.py [6ms]
2024-10-14 05:13:01.960 [info] > git ls-files --stage -- /home/ec2-user/HMH-SERVER/HMH/accounts/views.py [4ms]
2024-10-14 05:13:38.127 [info] > git config --get commit.template [9ms]
2024-10-14 05:13:38.134 [info] > git for-each-ref --format=%(refname)%00%(upstream:short)%00%(objectname)%00%(upstream:track)%00%(upstream:remotename)%00%(upstream:remoteref) refs/heads/swagger refs/remotes/swagger [8ms]
2024-10-14 05:13:38.147 [info] > git status -z -uall [8ms]
2024-10-14 05:13:48.317 [info] > git config --get commit.template [6ms]
2024-10-14 05:13:48.320 [info] > git for-each-ref --format=%(refname)%00%(upstream:short)%00%(objectname)%00%(upstream:track)%00%(upstream:remotename)%00%(upstream:remoteref) refs/heads/swagger refs/remotes/swagger [3ms]
2024-10-14 05:13:48.326 [info] > git status -z -uall [4ms]
2024-10-14 05:13:50.143 [info] > git show --textconv :HMH/accounts/serializers.py [4ms]
2024-10-14 05:13:50.146 [info] > git ls-files --stage -- /home/ec2-user/HMH-SERVER/HMH/accounts/serializers.py [3ms]
2024-10-14 05:13:58.404 [info] > git config --get commit.template [5ms]
2024-10-14 05:13:58.408 [info] > git for-each-ref --format=%(refname)%00%(upstream:short)%00%(objectname)%00%(upstream:track)%00%(upstream:remotename)%00%(upstream:remoteref) refs/heads/swagger refs/remotes/swagger [4ms]
2024-10-14 05:13:58.415 [info] > git status -z -uall [3ms]
2024-10-14 05:14:00.577 [info] > git show --textconv :HMH/accounts/views.py [6ms]
2024-10-14 05:14:00.580 [info] > git ls-files --stage -- /home/ec2-user/HMH-SERVER/HMH/accounts/views.py [4ms]
2024-10-14 05:14:03.427 [info] > git config --get commit.template [6ms]
2024-10-14 05:14:03.429 [info] > git for-each-ref --format=%(refname)%00%(upstream:short)%00%(objectname)%00%(upstream:track)%00%(upstream:remotename)%00%(upstream:remoteref) refs/heads/swagger refs/remotes/swagger [3ms]
2024-10-14 05:14:03.435 [info] > git status -z -uall [3ms]
2024-10-14 05:14:05.705 [info] > git show --textconv :HMH/accounts/urls.py [6ms]
2024-10-14 05:14:05.708 [info] > git ls-files --stage -- /home/ec2-user/HMH-SERVER/HMH/accounts/urls.py [4ms]
2024-10-14 05:14:30.706 [info] > git config --get commit.template [6ms]
2024-10-14 05:14:30.708 [info] > git for-each-ref --format=%(refname)%00%(upstream:short)%00%(objectname)%00%(upstream:track)%00%(upstream:remotename)%00%(upstream:remoteref) refs/heads/swagger refs/remotes/swagger [2ms]
2024-10-14 05:14:30.713 [info] > git status -z -uall [2ms]
2024-10-14 05:21:36.319 [info] > git show --textconv :HMH/accounts/views.py [4ms]
2024-10-14 05:21:36.321 [info] > git ls-files --stage -- /home/ec2-user/HMH-SERVER/HMH/accounts/views.py [3ms]
2024-10-14 05:22:01.165 [info] > git config --get commit.template [4ms]
2024-10-14 05:22:01.167 [info] > git for-each-ref --format=%(refname)%00%(upstream:short)%00%(objectname)%00%(upstream:track)%00%(upstream:remotename)%00%(upstream:remoteref) refs/heads/swagger refs/remotes/swagger [2ms]
2024-10-14 05:22:01.172 [info] > git status -z -uall [2ms]
2024-10-14 05:22:06.184 [info] > git config --get commit.template [4ms]
2024-10-14 05:22:06.186 [info] > git for-each-ref --format=%(refname)%00%(upstream:short)%00%(objectname)%00%(upstream:track)%00%(upstream:remotename)%00%(upstream:remoteref) refs/heads/swagger refs/remotes/swagger [3ms]
2024-10-14 05:22:06.190 [info] > git status -z -uall [1ms]
2024-10-14 05:23:40.843 [info] > git config --get commit.template [7ms]
2024-10-14 05:23:40.850 [info] > git for-each-ref --format=%(refname)%00%(upstream:short)%00%(objectname)%00%(upstream:track)%00%(upstream:remotename)%00%(upstream:remoteref) refs/heads/swagger refs/remotes/swagger [8ms]
2024-10-14 05:23:40.862 [info] > git status -z -uall [7ms]
2024-10-14 05:23:48.147 [info] > git config --get commit.template [4ms]
2024-10-14 05:23:48.148 [info] > git for-each-ref --format=%(refname)%00%(upstream:short)%00%(objectname)%00%(upstream:track)%00%(upstream:remotename)%00%(upstream:remoteref) refs/heads/swagger refs/remotes/swagger [2ms]
2024-10-14 05:23:48.153 [info] > git status -z -uall [2ms]
2024-10-14 05:23:49.535 [info] > git show --textconv :HMH/accounts/serializers.py [4ms]
2024-10-14 05:23:49.537 [info] > git ls-files --stage -- /home/ec2-user/HMH-SERVER/HMH/accounts/serializers.py [2ms]
2024-10-14 05:34:03.124 [info] > git config --get commit.template [6ms]
2024-10-14 05:34:03.126 [info] > git for-each-ref --format=%(refname)%00%(upstream:short)%00%(objectname)%00%(upstream:track)%00%(upstream:remotename)%00%(upstream:remoteref) refs/heads/swagger refs/remotes/swagger [3ms]
2024-10-14 05:34:03.131 [info] > git status -z -uall [2ms]
2024-10-14 05:34:05.981 [info] > git show --textconv :HMH/events/serializers.py [4ms]
2024-10-14 05:34:05.984 [info] > git ls-files --stage -- /home/ec2-user/HMH-SERVER/HMH/events/serializers.py [4ms]
2024-10-14 05:34:09.601 [info] > git show --textconv :HMH/events/urls.py [5ms]
2024-10-14 05:34:09.604 [info] > git ls-files --stage -- /home/ec2-user/HMH-SERVER/HMH/events/urls.py [4ms]
2024-10-14 05:34:13.016 [info] > git show --textconv :HMH/events/views.py [6ms]
2024-10-14 05:34:13.019 [info] > git ls-files --stage -- /home/ec2-user/HMH-SERVER/HMH/events/views.py [4ms]
2024-10-14 05:38:52.022 [info] > git config --get commit.template [5ms]
2024-10-14 05:38:52.026 [info] > git for-each-ref --format=%(refname)%00%(upstream:short)%00%(objectname)%00%(upstream:track)%00%(upstream:remotename)%00%(upstream:remoteref) refs/heads/swagger refs/remotes/swagger [4ms]
2024-10-14 05:38:52.043 [info] > git status -z -uall [10ms]
2024-10-14 05:38:57.055 [info] > git config --get commit.template [4ms]
2024-10-14 05:38:57.058 [info] > git for-each-ref --format=%(refname)%00%(upstream:short)%00%(objectname)%00%(upstream:track)%00%(upstream:remotename)%00%(upstream:remoteref) refs/heads/swagger refs/remotes/swagger [3ms]
2024-10-14 05:38:57.064 [info] > git status -z -uall [3ms]
2024-10-14 05:38:57.483 [info] > git show --textconv :HMH/accounts/urls.py [5ms]
2024-10-14 05:38:57.491 [info] > git ls-files --stage -- /home/ec2-user/HMH-SERVER/HMH/accounts/urls.py [8ms]
2024-10-14 05:39:03.291 [info] > git config --get commit.template [4ms]
2024-10-14 05:39:03.294 [info] > git for-each-ref --format=%(refname)%00%(upstream:short)%00%(objectname)%00%(upstream:track)%00%(upstream:remotename)%00%(upstream:remoteref) refs/heads/swagger refs/remotes/swagger [3ms]
2024-10-14 05:39:03.299 [info] > git status -z -uall [2ms]
2024-10-14 05:39:05.852 [info] > git show --textconv :HMH/accounts/serializers.py [5ms]
2024-10-14 05:39:05.856 [info] > git ls-files --stage -- /home/ec2-user/HMH-SERVER/HMH/accounts/serializers.py [4ms]
2024-10-14 05:40:41.743 [info] > git show --textconv :HMH/accounts/models.py [6ms]
2024-10-14 05:40:41.746 [info] > git ls-files --stage -- /home/ec2-user/HMH-SERVER/HMH/accounts/models.py [4ms]
2024-10-14 05:40:46.827 [info] > git show --textconv :HMH/accounts/serializers.py [7ms]
2024-10-14 05:40:46.829 [info] > git ls-files --stage -- /home/ec2-user/HMH-SERVER/HMH/accounts/serializers.py [3ms]
2024-10-14 05:40:48.609 [info] > git show --textconv :HMH/accounts/tests.py [4ms]
2024-10-14 05:40:48.614 [info] > git ls-files --stage -- /home/ec2-user/HMH-SERVER/HMH/accounts/tests.py [5ms]
2024-10-14 05:40:49.358 [info] > git show --textconv :HMH/accounts/managers.py [5ms]
2024-10-14 05:40:49.361 [info] > git ls-files --stage -- /home/ec2-user/HMH-SERVER/HMH/accounts/managers.py [3ms]
2024-10-14 05:40:52.854 [info] > git show --textconv :HMH/events/views.py [5ms]
2024-10-14 05:40:52.857 [info] > git ls-files --stage -- /home/ec2-user/HMH-SERVER/HMH/events/views.py [3ms]
2024-10-14 05:40:55.811 [info] > git show --textconv :HMH/events/urls.py [5ms]
2024-10-14 05:40:55.814 [info] > git ls-files --stage -- /home/ec2-user/HMH-SERVER/HMH/events/urls.py [4ms]
2024-10-14 05:40:56.628 [info] > git show --textconv :HMH/events/tests.py [8ms]
2024-10-14 05:40:56.634 [info] > git ls-files --stage -- /home/ec2-user/HMH-SERVER/HMH/events/tests.py [7ms]
2024-10-14 05:40:58.427 [info] > git show --textconv :HMH/events/serializers.py [5ms]
2024-10-14 05:40:58.429 [info] > git ls-files --stage -- /home/ec2-user/HMH-SERVER/HMH/events/serializers.py [3ms]
2024-10-14 05:41:33.761 [info] > git config --get commit.template [5ms]
2024-10-14 05:41:33.766 [info] > git for-each-ref --format=%(refname)%00%(upstream:short)%00%(objectname)%00%(upstream:track)%00%(upstream:remotename)%00%(upstream:remoteref) refs/heads/swagger refs/remotes/swagger [5ms]
2024-10-14 05:41:33.778 [info] > git status -z -uall [3ms]
2024-10-14 05:41:40.798 [info] > git config --get commit.template [4ms]
2024-10-14 05:41:40.801 [info] > git for-each-ref --format=%(refname)%00%(upstream:short)%00%(objectname)%00%(upstream:track)%00%(upstream:remotename)%00%(upstream:remoteref) refs/heads/swagger refs/remotes/swagger [3ms]
2024-10-14 05:41:40.806 [info] > git status -z -uall [2ms]
2024-10-14 05:41:55.554 [info] > git config --get commit.template [4ms]
2024-10-14 05:41:55.556 [info] > git for-each-ref --format=%(refname)%00%(upstream:short)%00%(objectname)%00%(upstream:track)%00%(upstream:remotename)%00%(upstream:remoteref) refs/heads/swagger refs/remotes/swagger [3ms]
2024-10-14 05:41:55.561 [info] > git status -z -uall [2ms]
2024-10-14 05:41:57.133 [info] > git show --textconv :HMH/events/urls.py [4ms]
2024-10-14 05:41:57.135 [info] > git ls-files --stage -- /home/ec2-user/HMH-SERVER/HMH/events/urls.py [2ms]
2024-10-14 05:41:58.486 [info] > git show --textconv :HMH/events/views.py [4ms]
2024-10-14 05:41:58.489 [info] > git ls-files --stage -- /home/ec2-user/HMH-SERVER/HMH/events/views.py [3ms]
2024-10-14 05:44:06.713 [info] > git config --get commit.template [6ms]
2024-10-14 05:44:06.722 [info] > git for-each-ref --format=%(refname)%00%(upstream:short)%00%(objectname)%00%(upstream:track)%00%(upstream:remotename)%00%(upstream:remoteref) refs/heads/swagger refs/remotes/swagger [9ms]
2024-10-14 05:44:06.736 [info] > git status -z -uall [2ms]
2024-10-14 05:44:11.748 [info] > git config --get commit.template [5ms]
2024-10-14 05:44:11.751 [info] > git for-each-ref --format=%(refname)%00%(upstream:short)%00%(objectname)%00%(upstream:track)%00%(upstream:remotename)%00%(upstream:remoteref) refs/heads/swagger refs/remotes/swagger [3ms]
2024-10-14 05:44:11.756 [info] > git status -z -uall [2ms]
2024-10-14 05:44:12.916 [info] > git show --textconv :HMH/events/serializers.py [9ms]
2024-10-14 05:44:12.918 [info] > git ls-files --stage -- /home/ec2-user/HMH-SERVER/HMH/events/serializers.py [2ms]
2024-10-14 05:44:18.058 [info] > git config --get commit.template [4ms]
2024-10-14 05:44:18.061 [info] > git for-each-ref --format=%(refname)%00%(upstream:short)%00%(objectname)%00%(upstream:track)%00%(upstream:remotename)%00%(upstream:remoteref) refs/heads/swagger refs/remotes/swagger [2ms]
2024-10-14 05:44:18.066 [info] > git status -z -uall [2ms]
2024-10-14 05:44:30.447 [info] > git config --get commit.template [5ms]
2024-10-14 05:44:30.450 [info] > git for-each-ref --format=%(refname)%00%(upstream:short)%00%(objectname)%00%(upstream:track)%00%(upstream:remotename)%00%(upstream:remoteref) refs/heads/swagger refs/remotes/swagger [3ms]
2024-10-14 05:44:30.455 [info] > git status -z -uall [3ms]
2024-10-14 05:44:34.347 [info] > git show --textconv :HMH/accounts/urls.py [5ms]
2024-10-14 05:44:34.351 [info] > git ls-files --stage -- /home/ec2-user/HMH-SERVER/HMH/accounts/urls.py [3ms]
2024-10-14 05:44:35.196 [info] > git show --textconv :HMH/accounts/views.py [5ms]
2024-10-14 05:44:35.198 [info] > git ls-files --stage -- /home/ec2-user/HMH-SERVER/HMH/accounts/views.py [3ms]
2024-10-14 05:44:41.294 [info] > git show --textconv :HMH/events/views.py [6ms]
2024-10-14 05:44:41.297 [info] > git ls-files --stage -- /home/ec2-user/HMH-SERVER/HMH/events/views.py [3ms]
2024-10-14 05:44:47.256 [info] > git config --get commit.template [8ms]
2024-10-14 05:44:47.260 [info] > git for-each-ref --format=%(refname)%00%(upstream:short)%00%(objectname)%00%(upstream:track)%00%(upstream:remotename)%00%(upstream:remoteref) refs/heads/swagger refs/remotes/swagger [5ms]
2024-10-14 05:44:47.274 [info] > git status -z -uall [8ms]
2024-10-14 05:45:16.533 [info] > git config --get commit.template [4ms]
2024-10-14 05:45:16.535 [info] > git for-each-ref --format=%(refname)%00%(upstream:short)%00%(objectname)%00%(upstream:track)%00%(upstream:remotename)%00%(upstream:remoteref) refs/heads/swagger refs/remotes/swagger [3ms]
2024-10-14 05:45:16.542 [info] > git status -z -uall [3ms]
2024-10-14 05:45:18.900 [info] > git show --textconv :HMH/events/urls.py [5ms]
2024-10-14 05:45:18.903 [info] > git ls-files --stage -- /home/ec2-user/HMH-SERVER/HMH/events/urls.py [3ms]
2024-10-14 05:45:26.025 [info] > git config --get commit.template [11ms]
2024-10-14 05:45:26.027 [info] > git for-each-ref --format=%(refname)%00%(upstream:short)%00%(objectname)%00%(upstream:track)%00%(upstream:remotename)%00%(upstream:remoteref) refs/heads/swagger refs/remotes/swagger [2ms]
2024-10-14 05:45:26.044 [info] > git status -z -uall [9ms]
2024-10-14 05:45:37.563 [info] > git config --get commit.template [13ms]
2024-10-14 05:45:37.566 [info] > git for-each-ref --format=%(refname)%00%(upstream:short)%00%(objectname)%00%(upstream:track)%00%(upstream:remotename)%00%(upstream:remoteref) refs/heads/swagger refs/remotes/swagger [3ms]
2024-10-14 05:45:37.576 [info] > git status -z -uall [3ms]
2024-10-14 05:46:04.340 [info] > git config --get commit.template [8ms]
2024-10-14 05:46:04.341 [info] > git for-each-ref --format=%(refname)%00%(upstream:short)%00%(objectname)%00%(upstream:track)%00%(upstream:remotename)%00%(upstream:remoteref) refs/heads/swagger refs/remotes/swagger [3ms]
2024-10-14 05:46:04.347 [info] > git status -z -uall [3ms]
2024-10-14 05:46:07.357 [info] > git show --textconv :HMH/events/serializers.py [5ms]
2024-10-14 05:46:07.360 [info] > git ls-files --stage -- /home/ec2-user/HMH-SERVER/HMH/events/serializers.py [4ms]
2024-10-14 05:46:22.300 [info] > git config --get commit.template [13ms]
2024-10-14 05:46:22.301 [info] > git for-each-ref --format=%(refname)%00%(upstream:short)%00%(objectname)%00%(upstream:track)%00%(upstream:remotename)%00%(upstream:remoteref) refs/heads/swagger refs/remotes/swagger [2ms]
2024-10-14 05:46:22.316 [info] > git status -z -uall [7ms]
2024-10-14 05:46:23.071 [info] > git show --textconv :HMH/events/views.py [4ms]
2024-10-14 05:46:23.075 [info] > git ls-files --stage -- /home/ec2-user/HMH-SERVER/HMH/events/views.py [4ms]
2024-10-14 05:46:27.329 [info] > git config --get commit.template [5ms]
2024-10-14 05:46:27.331 [info] > git for-each-ref --format=%(refname)%00%(upstream:short)%00%(objectname)%00%(upstream:track)%00%(upstream:remotename)%00%(upstream:remoteref) refs/heads/swagger refs/remotes/swagger [2ms]
2024-10-14 05:46:27.337 [info] > git status -z -uall [2ms]
2024-10-14 05:46:37.142 [info] > git show --textconv :HMH/events/urls.py [5ms]
2024-10-14 05:46:37.146 [info] > git ls-files --stage -- /home/ec2-user/HMH-SERVER/HMH/events/urls.py [3ms]
2024-10-14 05:46:46.134 [info] > git config --get commit.template [5ms]
2024-10-14 05:46:46.136 [info] > git for-each-ref --format=%(refname)%00%(upstream:short)%00%(objectname)%00%(upstream:track)%00%(upstream:remotename)%00%(upstream:remoteref) refs/heads/swagger refs/remotes/swagger [2ms]
2024-10-14 05:46:46.142 [info] > git status -z -uall [3ms]
2024-10-14 06:41:18.634 [warning] Failed to get repository realpath for: "/home/ec2-user/HMH". Error: ENOENT: no such file or directory, realpath '/home/ec2-user/HMH'
2024-10-14 06:41:18.646 [info] > git rev-parse --show-toplevel [1ms]
2024-10-14 06:41:18.646 [info] fatal: not a git repository (or any of the parent directories): .git
2024-10-14 06:42:33.723 [info] > git rev-parse --show-toplevel [5ms]
2024-10-14 06:42:33.723 [info] fatal: not a git repository (or any of the parent directories): .git
2024-10-14 06:43:57.503 [info] > git check-ignore -v -z --stdin [6ms]
2024-10-14 06:47:39.768 [info] > git config --get commit.template [4ms]
2024-10-14 06:47:39.772 [info] > git for-each-ref --format=%(refname)%00%(upstream:short)%00%(objectname)%00%(upstream:track)%00%(upstream:remotename)%00%(upstream:remoteref) refs/heads/swagger refs/remotes/swagger [4ms]
2024-10-14 06:47:39.777 [info] > git status -z -uall [2ms]
2024-10-14 06:47:43.340 [info] > git check-ignore -v -z --stdin [2ms]
2024-10-14 06:47:48.168 [info] > git config --get commit.template [4ms]
2024-10-14 06:47:48.170 [info] > git for-each-ref --format=%(refname)%00%(upstream:short)%00%(objectname)%00%(upstream:track)%00%(upstream:remotename)%00%(upstream:remoteref) refs/heads/swagger refs/remotes/swagger [2ms]
2024-10-14 06:47:48.174 [info] > git status -z -uall [2ms]
2024-10-14 06:47:51.273 [info] > git show --textconv :HMH/be/www_dir/HMH-uwsgi.ini [5ms]
2024-10-14 06:47:51.275 [info] > git ls-files --stage -- /home/ec2-user/HMH-SERVER/HMH/be/www_dir/HMH-uwsgi.ini [3ms]
2024-10-14 06:47:51.279 [info] > git cat-file -s 5d51e4c440cfaf7b3e271b119a03d1facb93679b [1ms]
2024-10-14 06:48:20.658 [info] > git config --get commit.template [3ms]
2024-10-14 06:48:20.659 [info] > git for-each-ref --format=%(refname)%00%(upstream:short)%00%(objectname)%00%(upstream:track)%00%(upstream:remotename)%00%(upstream:remoteref) refs/heads/swagger refs/remotes/swagger [2ms]
2024-10-14 06:48:20.663 [info] > git status -z -uall [2ms]
2024-10-14 06:49:02.061 [info] > git show --textconv :HMH/be/www_dir/HMH-uwsgi.ini [4ms]
2024-10-14 06:49:02.063 [info] > git ls-files --stage -- /home/ec2-user/HMH-SERVER/HMH/be/www_dir/HMH-uwsgi.ini [2ms]
2024-10-14 06:49:02.069 [info] > git cat-file -s 5d51e4c440cfaf7b3e271b119a03d1facb93679b [1ms]
2024-10-14 06:49:06.733 [info] > git config --get commit.template [4ms]
2024-10-14 06:49:06.734 [info] > git for-each-ref --format=%(refname)%00%(upstream:short)%00%(objectname)%00%(upstream:track)%00%(upstream:remotename)%00%(upstream:remoteref) refs/heads/swagger refs/remotes/swagger [2ms]
2024-10-14 06:49:06.738 [info] > git status -z -uall [2ms]
2024-10-14 06:49:46.232 [info] > git config --get commit.template [4ms]
2024-10-14 06:49:46.234 [info] > git for-each-ref --format=%(refname)%00%(upstream:short)%00%(objectname)%00%(upstream:track)%00%(upstream:remotename)%00%(upstream:remoteref) refs/heads/swagger refs/remotes/swagger [2ms]
2024-10-14 06:49:46.238 [info] > git status -z -uall [2ms]
2024-10-14 06:49:54.182 [info] > git config --get commit.template [4ms]
2024-10-14 06:49:54.184 [info] > git for-each-ref --format=%(refname)%00%(upstream:short)%00%(objectname)%00%(upstream:track)%00%(upstream:remotename)%00%(upstream:remoteref) refs/heads/swagger refs/remotes/swagger [2ms]
2024-10-14 06:49:54.188 [info] > git status -z -uall [2ms]
2024-10-14 06:49:54.631 [info] > git check-ignore -v -z --stdin [1ms]
2024-10-14 06:49:55.802 [info] > git show --textconv :HMH/be/www_dir/hmh-uwsgi.ini [4ms]
2024-10-14 06:49:55.804 [info] > git ls-files --stage -- /home/ec2-user/HMH-SERVER/HMH/be/www_dir/hmh-uwsgi.ini [2ms]
2024-10-14 06:49:56.138 [info] > git show --textconv :HMH/be/www_dir/HMH-uwsgi.ini [5ms]
2024-10-14 06:49:56.141 [info] > git ls-files --stage -- /home/ec2-user/HMH-SERVER/HMH/be/www_dir/HMH-uwsgi.ini [3ms]
2024-10-14 06:49:56.146 [info] > git cat-file -s 5d51e4c440cfaf7b3e271b119a03d1facb93679b [2ms]
2024-10-14 06:50:03.035 [info] > git show --textconv :HMH/be/www_dir/hmh-uwsgi.ini [27ms]
2024-10-14 06:50:03.037 [info] > git ls-files --stage -- /home/ec2-user/HMH-SERVER/HMH/be/www_dir/hmh-uwsgi.ini [25ms]
2024-10-14 06:50:03.873 [info] > git config --get commit.template [4ms]
2024-10-14 06:50:03.890 [info] > git for-each-ref --format=%(refname)%00%(upstream:short)%00%(objectname)%00%(upstream:track)%00%(upstream:remotename)%00%(upstream:remoteref) refs/heads/swagger refs/remotes/swagger [18ms]
2024-10-14 06:50:03.895 [info] > git status -z -uall [2ms]
2024-10-14 06:58:27.359 [info] > git rev-parse --show-toplevel [2ms]
2024-10-14 06:58:27.359 [info] fatal: not a git repository (or any of the parent directories): .git
2024-10-14 07:01:49.453 [info] > git show --textconv :HMH/be/settings.py [6ms]
2024-10-14 07:01:49.455 [info] > git ls-files --stage -- /home/ec2-user/HMH-SERVER/HMH/be/settings.py [4ms]
2024-10-14 07:01:49.459 [info] > git cat-file -s 1e2a1b5f93f47ba0a4f1b78d9319d60efee6585c [2ms]
2024-10-14 07:03:26.651 [info] > git config --get commit.template [4ms]
2024-10-14 07:03:26.652 [info] > git for-each-ref --format=%(refname)%00%(upstream:short)%00%(objectname)%00%(upstream:track)%00%(upstream:remotename)%00%(upstream:remoteref) refs/heads/swagger refs/remotes/swagger [2ms]
2024-10-14 07:03:26.656 [info] > git status -z -uall [2ms]
2024-10-14 07:05:04.700 [info] > git config --get commit.template [4ms]
2024-10-14 07:05:04.701 [info] > git for-each-ref --format=%(refname)%00%(upstream:short)%00%(objectname)%00%(upstream:track)%00%(upstream:remotename)%00%(upstream:remoteref) refs/heads/swagger refs/remotes/swagger [2ms]
2024-10-14 07:05:04.706 [info] > git status -z -uall [2ms]
2024-10-14 07:06:00.718 [info] > git config --get commit.template [4ms]
2024-10-14 07:06:00.721 [info] > git for-each-ref --format=%(refname)%00%(upstream:short)%00%(objectname)%00%(upstream:track)%00%(upstream:remotename)%00%(upstream:remoteref) refs/heads/swagger refs/remotes/swagger [3ms]
2024-10-14 07:06:00.726 [info] > git status -z -uall [2ms]
2024-10-14 07:06:17.404 [info] > git check-ignore -v -z --stdin [2ms]
2024-10-14 07:06:21.085 [info] > git check-ignore -v -z --stdin [2ms]
2024-10-14 07:06:22.665 [info] > git check-ignore -v -z --stdin [2ms]
2024-10-14 07:06:24.508 [info] > git check-ignore -v -z --stdin [5ms]
2024-10-14 07:06:25.855 [info] > git check-ignore -v -z --stdin [1ms]
2024-10-14 07:07:17.369 [info] > git config --get commit.template [4ms]
2024-10-14 07:07:17.371 [info] > git for-each-ref --format=%(refname)%00%(upstream:short)%00%(objectname)%00%(upstream:track)%00%(upstream:remotename)%00%(upstream:remoteref) refs/heads/swagger refs/remotes/swagger [2ms]
2024-10-14 07:07:17.376 [info] > git status -z -uall [3ms]
2024-10-14 07:07:43.982 [info] > git config --get commit.template [4ms]
2024-10-14 07:07:43.984 [info] > git for-each-ref --format=%(refname)%00%(upstream:short)%00%(objectname)%00%(upstream:track)%00%(upstream:remotename)%00%(upstream:remoteref) refs/heads/swagger refs/remotes/swagger [2ms]
2024-10-14 07:07:43.990 [info] > git status -z -uall [3ms]
2024-10-14 07:08:22.029 [info] > git check-ignore -v -z --stdin [2ms]
2024-10-14 07:08:31.291 [info] > git check-ignore -v -z --stdin [2ms]
2024-10-14 07:08:40.598 [info] > git show --textconv :HMH/be/settings.py [6ms]
2024-10-14 07:08:40.600 [info] > git ls-files --stage -- /home/ec2-user/HMH-SERVER/HMH/be/settings.py [3ms]
2024-10-14 07:08:40.604 [info] > git cat-file -s 1e2a1b5f93f47ba0a4f1b78d9319d60efee6585c [2ms]
2024-10-14 07:08:41.002 [info] > git show --textconv :HMH/events/urls.py [4ms]
2024-10-14 07:08:41.004 [info] > git ls-files --stage -- /home/ec2-user/HMH-SERVER/HMH/events/urls.py [3ms]
2024-10-14 07:08:42.180 [info] > git rev-parse --show-toplevel [2ms]
2024-10-14 07:08:42.180 [info] fatal: not a git repository (or any of the parent directories): .git
2024-10-14 07:08:46.526 [info] > git show --textconv :HMH/events/urls.py [4ms]
2024-10-14 07:08:46.528 [info] > git ls-files --stage -- /home/ec2-user/HMH-SERVER/HMH/events/urls.py [3ms]
2024-10-14 07:15:13.899 [info] > git ls-files --stage -- /home/ec2-user/HMH-SERVER/HMH/be/www_dir/hmh-uwsgi.ini [37ms]
2024-10-14 07:15:13.905 [info] > git show --textconv :HMH/be/www_dir/hmh-uwsgi.ini [46ms]
2024-10-14 07:15:16.572 [info] > git show --textconv :HMH/events/urls.py [4ms]
2024-10-14 07:15:16.574 [info] > git ls-files --stage -- /home/ec2-user/HMH-SERVER/HMH/events/urls.py [2ms]
2024-10-14 07:15:36.603 [info] > git config --get commit.template [4ms]
2024-10-14 07:15:36.610 [info] > git for-each-ref --format=%(refname)%00%(upstream:short)%00%(objectname)%00%(upstream:track)%00%(upstream:remotename)%00%(upstream:remoteref) refs/heads/swagger refs/remotes/swagger [8ms]
2024-10-14 07:15:36.620 [info] > git status -z -uall [8ms]
2024-10-14 07:15:41.665 [info] > git config --get commit.template [34ms]
2024-10-14 07:15:41.687 [info] > git for-each-ref --format=%(refname)%00%(upstream:short)%00%(objectname)%00%(upstream:track)%00%(upstream:remotename)%00%(upstream:remoteref) refs/heads/swagger refs/remotes/swagger [23ms]
2024-10-14 07:15:41.694 [info] > git status -z -uall [3ms]
2024-10-14 07:15:49.259 [info] > git config --get commit.template [4ms]
2024-10-14 07:15:49.261 [info] > git for-each-ref --format=%(refname)%00%(upstream:short)%00%(objectname)%00%(upstream:track)%00%(upstream:remotename)%00%(upstream:remoteref) refs/heads/swagger refs/remotes/swagger [2ms]
2024-10-14 07:15:49.269 [info] > git status -z -uall [5ms]
2024-10-14 07:16:03.101 [info] > git check-ignore -v -z --stdin [5ms]
2024-10-14 07:16:06.567 [info] > git show --textconv :HMH/www_dir/hmh-uwsgi.ini [4ms]
2024-10-14 07:16:06.568 [info] > git ls-files --stage -- /home/ec2-user/HMH-SERVER/HMH/www_dir/hmh-uwsgi.ini [2ms]
2024-10-14 07:16:33.329 [info] > git config --get commit.template [4ms]
2024-10-14 07:16:33.331 [info] > git for-each-ref --format=%(refname)%00%(upstream:short)%00%(objectname)%00%(upstream:track)%00%(upstream:remotename)%00%(upstream:remoteref) refs/heads/swagger refs/remotes/swagger [2ms]
2024-10-14 07:16:33.335 [info] > git status -z -uall [2ms]
2024-10-14 07:18:56.642 [info] > git show --textconv :HMH/accounts/urls.py [5ms]
2024-10-14 07:18:56.644 [info] > git ls-files --stage -- /home/ec2-user/HMH-SERVER/HMH/accounts/urls.py [3ms]
2024-10-14 07:22:00.513 [info] > git show --textconv :HMH/be/asgi.py [6ms]
2024-10-14 07:22:00.514 [info] > git ls-files --stage -- /home/ec2-user/HMH-SERVER/HMH/be/asgi.py [3ms]
2024-10-14 07:22:00.521 [info] > git cat-file -s f2dda3bfd934d33fca5a0e26c63dc319ffb1dbb4 [1ms]
2024-10-14 07:22:05.232 [info] > git show --textconv :HMH/be/wsgi.py [4ms]
2024-10-14 07:22:05.234 [info] > git ls-files --stage -- /home/ec2-user/HMH-SERVER/HMH/be/wsgi.py [3ms]
2024-10-14 07:22:05.238 [info] > git cat-file -s 103e8aca486f2c2b233905ff192f60f1242d3d87 [2ms]
2024-10-14 07:28:44.726 [info] > git show --textconv :HMH/www_dir/hmh-uwsgi.ini [5ms]
2024-10-14 07:28:44.728 [info] > git ls-files --stage -- /home/ec2-user/HMH-SERVER/HMH/www_dir/hmh-uwsgi.ini [3ms]
2024-10-14 07:29:28.957 [info] > git config --get commit.template [4ms]
2024-10-14 07:29:28.959 [info] > git for-each-ref --format=%(refname)%00%(upstream:short)%00%(objectname)%00%(upstream:track)%00%(upstream:remotename)%00%(upstream:remoteref) refs/heads/swagger refs/remotes/swagger [2ms]
2024-10-14 07:29:28.965 [info] > git status -z -uall [3ms]
2024-10-14 07:29:29.277 [info] > git check-ignore -v -z --stdin [2ms]
2024-10-14 07:29:42.603 [info] > git config --get commit.template [4ms]
2024-10-14 07:29:42.604 [info] > git for-each-ref --format=%(refname)%00%(upstream:short)%00%(objectname)%00%(upstream:track)%00%(upstream:remotename)%00%(upstream:remoteref) refs/heads/swagger refs/remotes/swagger [2ms]
2024-10-14 07:29:42.610 [info] > git status -z -uall [3ms]
2024-10-14 07:29:47.693 [info] > git config --get commit.template [4ms]
2024-10-14 07:29:47.695 [info] > git for-each-ref --format=%(refname)%00%(upstream:short)%00%(objectname)%00%(upstream:track)%00%(upstream:remotename)%00%(upstream:remoteref) refs/heads/swagger refs/remotes/swagger [2ms]
2024-10-14 07:29:47.699 [info] > git status -z -uall [2ms]
2024-10-14 07:29:56.120 [info] > git config --get commit.template [5ms]
2024-10-14 07:29:56.121 [info] > git for-each-ref --format=%(refname)%00%(upstream:short)%00%(objectname)%00%(upstream:track)%00%(upstream:remotename)%00%(upstream:remoteref) refs/heads/swagger refs/remotes/swagger [2ms]
2024-10-14 07:29:56.126 [info] > git status -z -uall [3ms]
2024-10-14 07:30:14.562 [info] > git config --get commit.template [4ms]
2024-10-14 07:30:14.564 [info] > git for-each-ref --format=%(refname)%00%(upstream:short)%00%(objectname)%00%(upstream:track)%00%(upstream:remotename)%00%(upstream:remoteref) refs/heads/swagger refs/remotes/swagger [2ms]
2024-10-14 07:30:14.569 [info] > git status -z -uall [3ms]
2024-10-14 07:30:42.493 [info] > git config --get commit.template [4ms]
2024-10-14 07:30:42.495 [info] > git for-each-ref --format=%(refname)%00%(upstream:short)%00%(objectname)%00%(upstream:track)%00%(upstream:remotename)%00%(upstream:remoteref) refs/heads/swagger refs/remotes/swagger [2ms]
2024-10-14 07:30:42.499 [info] > git status -z -uall [2ms]
2024-10-14 07:31:00.613 [info] > git config --get commit.template [4ms]
2024-10-14 07:31:00.615 [info] > git for-each-ref --format=%(refname)%00%(upstream:short)%00%(objectname)%00%(upstream:track)%00%(upstream:remotename)%00%(upstream:remoteref) refs/heads/swagger refs/remotes/swagger [2ms]
2024-10-14 07:31:00.621 [info] > git status -z -uall [4ms]
2024-10-14 07:36:16.116 [info] > git check-ignore -v -z --stdin [3ms]
2024-10-14 07:36:24.599 [info] > git config --get commit.template [6ms]
2024-10-14 07:36:24.600 [info] > git for-each-ref --format=%(refname)%00%(upstream:short)%00%(objectname)%00%(upstream:track)%00%(upstream:remotename)%00%(upstream:remoteref) refs/heads/swagger refs/remotes/swagger [2ms]
2024-10-14 07:36:24.605 [info] > git status -z -uall [2ms]
2024-10-14 07:36:24.694 [info] > git check-ignore -v -z --stdin [2ms]
2024-10-14 07:36:26.205 [info] > git check-ignore -v -z --stdin [2ms]
2024-10-14 07:36:26.781 [info] > git show --textconv :HMH/logs/be.log [4ms]
2024-10-14 07:36:26.783 [info] > git ls-files --stage -- /home/ec2-user/HMH-SERVER/HMH/logs/be.log [2ms]
2024-10-14 07:36:32.086 [info] > git show --textconv :HMH/accounts/urls.py [4ms]
2024-10-14 07:36:32.088 [info] > git ls-files --stage -- /home/ec2-user/HMH-SERVER/HMH/accounts/urls.py [2ms]
2024-10-14 07:36:32.938 [info] > git config --get commit.template [4ms]
2024-10-14 07:36:32.940 [info] > git for-each-ref --format=%(refname)%00%(upstream:short)%00%(objectname)%00%(upstream:track)%00%(upstream:remotename)%00%(upstream:remoteref) refs/heads/swagger refs/remotes/swagger [2ms]
2024-10-14 07:36:32.945 [info] > git status -z -uall [3ms]
2024-10-14 07:36:38.888 [info] > git config --get commit.template [4ms]
2024-10-14 07:36:38.889 [info] > git for-each-ref --format=%(refname)%00%(upstream:short)%00%(objectname)%00%(upstream:track)%00%(upstream:remotename)%00%(upstream:remoteref) refs/heads/swagger refs/remotes/swagger [2ms]
2024-10-14 07:36:38.896 [info] > git status -z -uall [3ms]
2024-10-14 07:36:42.529 [info] > git check-ignore -v -z --stdin [1ms]
2024-10-14 07:36:44.176 [info] > git show --textconv :HMH/logs/HMH.log [3ms]
2024-10-14 07:36:44.177 [info] > git ls-files --stage -- /home/ec2-user/HMH-SERVER/HMH/logs/HMH.log [2ms]
2024-10-14 07:38:26.063 [info] > git config --get commit.template [4ms]
2024-10-14 07:38:26.065 [info] > git for-each-ref --format=%(refname)%00%(upstream:short)%00%(objectname)%00%(upstream:track)%00%(upstream:remotename)%00%(upstream:remoteref) refs/heads/swagger refs/remotes/swagger [2ms]
2024-10-14 07:38:26.070 [info] > git status -z -uall [3ms]
2024-10-14 07:42:01.173 [info] > git rev-parse --show-toplevel [2ms]
2024-10-14 07:42:01.173 [info] fatal: not a git repository (or any of the parent directories): .git
2024-10-14 07:42:02.996 [info] > git rev-parse --show-toplevel [2ms]
2024-10-14 07:42:02.996 [info] fatal: not a git repository (or any of the parent directories): .git
2024-10-14 07:42:04.397 [info] > git rev-parse --show-toplevel [2ms]
2024-10-14 07:42:04.397 [info] fatal: not a git repository (or any of the parent directories): .git
2024-10-14 07:42:06.055 [info] > git rev-parse --show-toplevel [2ms]
2024-10-14 07:42:06.055 [info] fatal: not a git repository (or any of the parent directories): .git
2024-10-14 07:42:07.917 [info] > git ls-files --stage -- /home/ec2-user/HMH-SERVER/HMH/manage.py [5ms]
2024-10-14 07:42:07.921 [info] > git show --textconv :HMH/manage.py [13ms]
2024-10-14 07:42:07.924 [info] > git cat-file -s 08186f54bbde81f529291cc4f0a44e20a6032663 [2ms]
2024-10-14 07:42:08.695 [info] > git check-ignore -v -z --stdin [7ms]
2024-10-14 07:42:09.462 [info] > git show --textconv :HMH/.env [4ms]
2024-10-14 07:42:09.465 [info] > git ls-files --stage -- /home/ec2-user/HMH-SERVER/HMH/.env [4ms]
2024-10-14 07:43:29.282 [info] > git show --textconv :HMH/manage.py [4ms]
2024-10-14 07:43:29.285 [info] > git ls-files --stage -- /home/ec2-user/HMH-SERVER/HMH/manage.py [2ms]
2024-10-14 07:43:29.289 [info] > git cat-file -s 08186f54bbde81f529291cc4f0a44e20a6032663 [2ms]
2024-10-14 07:46:24.786 [info] > git config --get commit.template [5ms]
2024-10-14 07:46:24.789 [info] > git for-each-ref --format=%(refname)%00%(upstream:short)%00%(objectname)%00%(upstream:track)%00%(upstream:remotename)%00%(upstream:remoteref) refs/heads/swagger refs/remotes/swagger [3ms]
2024-10-14 07:46:24.800 [info] > git status -z -uall [5ms]
2024-10-14 07:46:31.564 [info] > git config --get commit.template [4ms]
2024-10-14 07:46:31.566 [info] > git for-each-ref --format=%(refname)%00%(upstream:short)%00%(objectname)%00%(upstream:track)%00%(upstream:remotename)%00%(upstream:remoteref) refs/heads/swagger refs/remotes/swagger [3ms]
2024-10-14 07:46:31.570 [info] > git status -z -uall [2ms]
2024-10-14 07:47:44.828 [info] > git config --get commit.template [4ms]
2024-10-14 07:47:44.830 [info] > git for-each-ref --format=%(refname)%00%(upstream:short)%00%(objectname)%00%(upstream:track)%00%(upstream:remotename)%00%(upstream:remoteref) refs/heads/swagger refs/remotes/swagger [2ms]
2024-10-14 07:47:44.835 [info] > git status -z -uall [3ms]
2024-10-14 07:58:30.951 [warning] Failed to get repository realpath for: "/home/ec2-user/HMH". Error: ENOENT: no such file or directory, realpath '/home/ec2-user/HMH'
2024-10-14 07:58:30.959 [info] > git rev-parse --show-toplevel [1ms]
2024-10-14 07:58:30.959 [info] fatal: not a git repository (or any of the parent directories): .git
2024-10-14 07:59:57.131 [warning] Failed to get repository realpath for: "/home/ec2-user/HMH". Error: ENOENT: no such file or directory, realpath '/home/ec2-user/HMH'
2024-10-14 07:59:57.142 [info] > git rev-parse --show-toplevel [3ms]
2024-10-14 07:59:57.142 [info] fatal: not a git repository (or any of the parent directories): .git
2024-10-14 08:00:28.051 [warning] Failed to get repository realpath for: "/home/ec2-user/HMH". Error: ENOENT: no such file or directory, realpath '/home/ec2-user/HMH'
2024-10-14 08:00:28.059 [info] > git rev-parse --show-toplevel [1ms]
2024-10-14 08:00:28.059 [info] fatal: not a git repository (or any of the parent directories): .git
2024-10-14 08:00:34.174 [warning] Failed to get repository realpath for: "/home/ec2-user/HMH". Error: ENOENT: no such file or directory, realpath '/home/ec2-user/HMH'
2024-10-14 08:00:34.182 [info] > git rev-parse --show-toplevel [1ms]
2024-10-14 08:00:34.182 [info] fatal: not a git repository (or any of the parent directories): .git
2024-10-14 08:00:58.219 [warning] Failed to get repository realpath for: "/home/ec2-user/HMH". Error: ENOENT: no such file or directory, realpath '/home/ec2-user/HMH'
2024-10-14 08:00:58.259 [info] > git rev-parse --show-toplevel [16ms]
2024-10-14 08:00:58.259 [info] fatal: not a git repository (or any of the parent directories): .git
2024-10-14 08:00:58.305 [warning] Failed to get repository realpath for: "/home/ec2-user/HMH". Error: ENOENT: no such file or directory, realpath '/home/ec2-user/HMH'
2024-10-14 08:00:58.313 [info] > git rev-parse --show-toplevel [1ms]
2024-10-14 08:00:58.313 [info] fatal: not a git repository (or any of the parent directories): .git
2024-10-14 08:00:58.443 [warning] Failed to get repository realpath for: "/home/ec2-user/HMH". Error: ENOENT: no such file or directory, realpath '/home/ec2-user/HMH'
2024-10-14 08:00:58.453 [info] > git rev-parse --show-toplevel [3ms]
2024-10-14 08:00:58.453 [info] fatal: not a git repository (or any of the parent directories): .git
2024-10-14 08:03:24.217 [info] > git check-ignore -v -z --stdin [2ms]
2024-10-14 08:03:25.574 [info] > git check-ignore -v -z --stdin [2ms]
2024-10-14 08:03:26.456 [info] > git check-ignore -v -z --stdin [3ms]
2024-10-14 09:07:14.957 [warning] Failed to get repository realpath for: "/home/ec2-user/HMH". Error: ENOENT: no such file or directory, realpath '/home/ec2-user/HMH'
2024-10-14 09:07:14.968 [info] > git rev-parse --show-toplevel [2ms]
2024-10-14 09:07:14.968 [info] fatal: not a git repository (or any of the parent directories): .git
