2024-10-15 07:22:44.116 [info] Extension host with pid 2795 started
2024-10-15 07:22:44.122 [error] Error: EEXIST: file already exists, open '/home/ec2-user/.vscode-server/data/User/workspaceStorage/a5431d8de457aac0bf6f89dfb1b3a157/vscode.lock'
2024-10-15 07:22:44.142 [info] Lock '/home/ec2-user/.vscode-server/data/User/workspaceStorage/a5431d8de457aac0bf6f89dfb1b3a157/vscode.lock': Could not acquire lock, checking if the file is stale.
2024-10-15 07:22:44.184 [info] Lock '/home/ec2-user/.vscode-server/data/User/workspaceStorage/a5431d8de457aac0bf6f89dfb1b3a157/vscode.lock': The pid 2909 appears to be gone.
2024-10-15 07:22:44.184 [info] Lock '/home/ec2-user/.vscode-server/data/User/workspaceStorage/a5431d8de457aac0bf6f89dfb1b3a157/vscode.lock': Deleting a stale lock.
2024-10-15 07:22:44.200 [info] Lock '/home/ec2-user/.vscode-server/data/User/workspaceStorage/a5431d8de457aac0bf6f89dfb1b3a157/vscode.lock': Lock acquired.
2024-10-15 07:22:44.406 [info] ExtensionService#_doActivateExtension vscode.emmet, startup: false, activationEvent: 'onLanguage'
2024-10-15 07:22:44.408 [info] ExtensionService#_doActivateExtension vscode.git-base, startup: false, activationEvent: '*', root cause: vscode.git
2024-10-15 07:22:44.408 [info] ExtensionService#_doActivateExtension vscode.tunnel-forwarding, startup: false, activationEvent: 'onTunnel'
2024-10-15 07:22:44.817 [info] ExtensionService#_doActivateExtension vscode.git, startup: false, activationEvent: '*'
2024-10-15 07:22:44.817 [info] ExtensionService#_doActivateExtension vscode.github, startup: false, activationEvent: '*'
2024-10-15 07:22:45.657 [info] Eager extensions activated
2024-10-15 07:22:45.657 [info] ExtensionService#_doActivateExtension vscode.debug-auto-launch, startup: false, activationEvent: 'onStartupFinished'
2024-10-15 07:22:45.657 [info] ExtensionService#_doActivateExtension vscode.merge-conflict, startup: false, activationEvent: 'onStartupFinished'
2024-10-15 07:22:46.232 [warning] Using default string since no string found in i18n bundle that has the key: Don't Show Again
2024-10-15 07:22:46.276 [warning] [Decorations] CAPPING events from decorations provider vscode.git 269
2024-10-15 07:22:46.368 [warning] [Decorations] CAPPING events from decorations provider vscode.git 269
2024-10-15 07:22:46.806 [error] Error: ENOENT: no such file or directory, scandir '/home/ec2-user/HMH'
2024-10-15 07:23:05.564 [warning] [Decorations] CAPPING events from decorations provider vscode.git 269
2024-10-15 07:23:18.977 [info] ExtensionService#_doActivateExtension vscode.npm, startup: false, activationEvent: 'onTerminalQuickFixRequest:ms-vscode.npm-command'
2024-10-15 07:23:43.615 [warning] [Decorations] CAPPING events from decorations provider vscode.git 269
2024-10-15 07:24:16.951 [warning] [Decorations] CAPPING events from decorations provider vscode.git 269
2024-10-15 07:24:18.267 [warning] [Decorations] CAPPING events from decorations provider vscode.git 269
2024-10-15 07:24:31.960 [warning] Using default string since no string found in i18n bundle that has the key: Don't Show Again
2024-10-15 07:24:32.125 [warning] [Decorations] CAPPING events from decorations provider vscode.git 10000
2024-10-15 07:24:33.211 [warning] [Decorations] CAPPING events from decorations provider vscode.git 10000
2024-10-15 07:24:39.874 [warning] [Decorations] CAPPING events from decorations provider vscode.git 10000
2024-10-15 07:24:39.903 [warning] Using default string since no string found in i18n bundle that has the key: Can't push refs to remote. Try running "Pull" first to integrate your changes.
2024-10-15 07:25:11.522 [warning] [Decorations] CAPPING events from decorations provider vscode.git 10000
